cuda
Program started
Epoch 0/99
----------
Train Iteration #0:: 1.4859367609024048 Acc: 0.4375
Train Iteration #50:: 1.1389038562774658 Acc: 0.5
Train Iteration #100:: 1.3584935665130615 Acc: 0.5
Train Iteration #150:: 0.8780444264411926 Acc: 0.5
Train Iteration #200:: 0.7985938191413879 Acc: 0.75
Train Iteration #250:: 1.1119285821914673 Acc: 0.75
Train Iteration #300:: 0.8562113046646118 Acc: 0.75
Train Iteration #350:: 0.6465150117874146 Acc: 0.8125
Train Iteration #400:: 0.7928364872932434 Acc: 0.8125
Train Iteration #450:: 0.7392605543136597 Acc: 0.75
Train Iteration #500:: 1.0645866394042969 Acc: 0.4375
Train Iteration #550:: 0.7609584927558899 Acc: 0.625
Train Iteration #600:: 0.7317076325416565 Acc: 0.8125
Training:: Loss: 0.9093 Acc: 0.5856
Validation Iteration #0:: 0.6774324774742126 Acc: 0.625
Validation Iteration #50:: 0.8236613273620605 Acc: 0.625
Validation Iteration #100:: 0.5332983732223511 Acc: 0.75
Validation Iteration #150:: 0.7693694829940796 Acc: 0.5625
Validation:: Loss: 0.7128 Acc: 0.6485
Epoch 1/99
----------
Train Iteration #650:: 0.8538170456886292 Acc: 0.8125
Train Iteration #700:: 0.6992960572242737 Acc: 0.5625
Train Iteration #750:: 0.9153264760971069 Acc: 0.625
Train Iteration #800:: 0.6512738466262817 Acc: 0.9375
Train Iteration #850:: 0.6077436208724976 Acc: 0.75
Train Iteration #900:: 0.760222315788269 Acc: 0.5625
Train Iteration #950:: 0.783623218536377 Acc: 0.6875
Train Iteration #1000:: 0.6391706466674805 Acc: 0.75
Train Iteration #1050:: 0.8211713433265686 Acc: 0.625
Train Iteration #1100:: 0.5978001356124878 Acc: 0.75
Train Iteration #1150:: 0.7973754405975342 Acc: 0.75
Train Iteration #1200:: 0.7896260619163513 Acc: 0.625
Train Iteration #1250:: 1.008433222770691 Acc: 0.5625
Training:: Loss: 0.7773 Acc: 0.6828
Validation Iteration #200:: 0.5649724006652832 Acc: 0.75
Validation Iteration #250:: 0.5716506838798523 Acc: 0.75
Validation Iteration #300:: 0.9103015661239624 Acc: 0.4375
Validation:: Loss: 0.7730 Acc: 0.5794
Epoch 2/99
----------
Train Iteration #1300:: 0.48025476932525635 Acc: 0.9375
Train Iteration #1350:: 0.9628649950027466 Acc: 0.8125
Train Iteration #1400:: 0.6317582130432129 Acc: 0.75
Train Iteration #1450:: 0.7221750617027283 Acc: 0.6875
Train Iteration #1500:: 0.7508444786071777 Acc: 0.875
Train Iteration #1550:: 0.4880290627479553 Acc: 0.9375
Train Iteration #1600:: 0.7156875133514404 Acc: 0.625
Train Iteration #1650:: 0.6636978387832642 Acc: 0.6875
Train Iteration #1700:: 0.6032702922821045 Acc: 0.8125
Train Iteration #1750:: 0.4869498014450073 Acc: 0.6875
Train Iteration #1800:: 0.9280617833137512 Acc: 0.5625
Train Iteration #1850:: 0.5737390518188477 Acc: 0.875
Train Iteration #1900:: 0.7819750308990479 Acc: 0.6875
Training:: Loss: 0.7546 Acc: 0.7040
Validation Iteration #350:: 0.40682023763656616 Acc: 0.875
Validation Iteration #400:: 0.5082863569259644 Acc: 0.75
Validation Iteration #450:: 0.714120090007782 Acc: 0.625
Validation:: Loss: 0.5609 Acc: 0.7757
Epoch 3/99
----------
Train Iteration #1950:: 0.8878255486488342 Acc: 0.75
Train Iteration #2000:: 0.48127979040145874 Acc: 0.8125
Train Iteration #2050:: 0.5497084856033325 Acc: 0.875
Train Iteration #2100:: 0.7247726917266846 Acc: 0.75
Train Iteration #2150:: 1.0071415901184082 Acc: 0.4375
Train Iteration #2200:: 0.780089795589447 Acc: 0.8125
Train Iteration #2250:: 0.81883704662323 Acc: 0.6875
Train Iteration #2300:: 1.1416698694229126 Acc: 0.5625
Train Iteration #2350:: 1.479945182800293 Acc: 0.4375
Train Iteration #2400:: 0.6615146994590759 Acc: 0.6875
Train Iteration #2450:: 0.5399367809295654 Acc: 0.875
Train Iteration #2500:: 0.6895765066146851 Acc: 0.8125
Train Iteration #2550:: 0.5590210556983948 Acc: 0.875
Training:: Loss: 0.7307 Acc: 0.7217
Validation Iteration #500:: 0.7490777969360352 Acc: 0.75
Validation Iteration #550:: 0.6981267929077148 Acc: 0.625
Validation Iteration #600:: 0.3724876046180725 Acc: 0.9375
Validation:: Loss: 0.5393 Acc: 0.7897
Epoch 4/99
----------
Train Iteration #2600:: 1.464609980583191 Acc: 0.25
Train Iteration #2650:: 0.5253626108169556 Acc: 0.875
Train Iteration #2700:: 0.6486485600471497 Acc: 0.875
Train Iteration #2750:: 0.9717757701873779 Acc: 0.5625
Train Iteration #2800:: 0.5898320078849792 Acc: 0.75
Train Iteration #2850:: 0.5872100591659546 Acc: 0.8125
Train Iteration #2900:: 0.29665809869766235 Acc: 0.875
Train Iteration #2950:: 0.7193775177001953 Acc: 0.8125
Train Iteration #3000:: 0.7356060147285461 Acc: 0.8125
Train Iteration #3050:: 0.36665138602256775 Acc: 0.875
Train Iteration #3100:: 0.6876978874206543 Acc: 0.8125
Train Iteration #3150:: 0.6691526174545288 Acc: 0.75
Train Iteration #3200:: 0.7427291870117188 Acc: 0.8125
Training:: Loss: 0.7157 Acc: 0.7269
Validation Iteration #650:: 1.1621417999267578 Acc: 0.5625
Validation Iteration #700:: 0.5620361566543579 Acc: 0.8125
Validation Iteration #750:: 0.7043886780738831 Acc: 0.625
Validation Iteration #800:: 0.559705376625061 Acc: 0.8125
Validation:: Loss: 0.5485 Acc: 0.7796
Epoch 5/99
----------
Train Iteration #3250:: 0.7562481164932251 Acc: 0.8125
Train Iteration #3300:: 0.953313946723938 Acc: 0.5625
Train Iteration #3350:: 0.6819767951965332 Acc: 0.75
Train Iteration #3400:: 0.47600868344306946 Acc: 0.8125
Train Iteration #3450:: 0.3742147386074066 Acc: 0.9375
Train Iteration #3500:: 0.4224424958229065 Acc: 0.9375
Train Iteration #3550:: 0.4239661693572998 Acc: 1.0
Train Iteration #3600:: 0.5951270461082458 Acc: 0.875
Train Iteration #3650:: 0.5996056199073792 Acc: 0.6875
Train Iteration #3700:: 0.7278163433074951 Acc: 0.6875
Train Iteration #3750:: 1.1177970170974731 Acc: 0.375
Train Iteration #3800:: 0.9648741483688354 Acc: 0.625
Training:: Loss: 0.7234 Acc: 0.7262
Validation Iteration #850:: 0.3334366977214813 Acc: 0.875
Validation Iteration #900:: 0.6370012760162354 Acc: 0.875
Validation Iteration #950:: 0.7819140553474426 Acc: 0.75
Validation:: Loss: 0.4919 Acc: 0.8654
Epoch 6/99
----------
Train Iteration #3850:: 0.6763868927955627 Acc: 0.625
Train Iteration #3900:: 0.8123769760131836 Acc: 0.625
Train Iteration #3950:: 0.6320340633392334 Acc: 0.8125
Train Iteration #4000:: 0.44869911670684814 Acc: 0.875
Train Iteration #4050:: 0.694703996181488 Acc: 0.8125
Train Iteration #4100:: 0.9104186296463013 Acc: 0.8125
Train Iteration #4150:: 0.8048433065414429 Acc: 0.75
Train Iteration #4200:: 0.9715169668197632 Acc: 0.5625
Train Iteration #4250:: 1.0545598268508911 Acc: 0.75
Train Iteration #4300:: 0.6286519765853882 Acc: 0.8125
Train Iteration #4350:: 0.6200449466705322 Acc: 0.6875
Train Iteration #4400:: 0.5716207027435303 Acc: 0.75
Train Iteration #4450:: 0.5165408849716187 Acc: 0.75
Training:: Loss: 0.6991 Acc: 0.7401
Validation Iteration #1000:: 0.915490984916687 Acc: 0.5
Validation Iteration #1050:: 0.733573317527771 Acc: 0.625
Validation Iteration #1100:: 0.5166256427764893 Acc: 0.6875
Validation:: Loss: 0.6067 Acc: 0.7163
Epoch 7/99
----------
Train Iteration #4500:: 0.5840226411819458 Acc: 0.875
Train Iteration #4550:: 0.4925856292247772 Acc: 0.8125
Train Iteration #4600:: 0.7130537033081055 Acc: 0.6875
Train Iteration #4650:: 0.4867427945137024 Acc: 0.875
Train Iteration #4700:: 1.2339670658111572 Acc: 0.75
Train Iteration #4750:: 0.7420681118965149 Acc: 0.6875
Train Iteration #4800:: 0.62563556432724 Acc: 0.75
Train Iteration #4850:: 0.5254298448562622 Acc: 0.75
Train Iteration #4900:: 0.7957983016967773 Acc: 0.625
Train Iteration #4950:: 0.7524659633636475 Acc: 0.625
Train Iteration #5000:: 0.6000312566757202 Acc: 0.75
Train Iteration #5050:: 0.8672718405723572 Acc: 0.5625
Train Iteration #5100:: 0.7916032075881958 Acc: 0.6875
Training:: Loss: 0.6838 Acc: 0.7449
Validation Iteration #1150:: 0.32803812623023987 Acc: 0.875
Validation Iteration #1200:: 0.5707063674926758 Acc: 0.8125
Validation Iteration #1250:: 0.47355207800865173 Acc: 0.875
Validation:: Loss: 0.5111 Acc: 0.8002
Epoch 8/99
----------
Train Iteration #5150:: 0.950485110282898 Acc: 0.6875
Train Iteration #5200:: 0.5522717237472534 Acc: 0.875
Train Iteration #5250:: 0.7301962375640869 Acc: 0.75
Train Iteration #5300:: 0.6363911032676697 Acc: 0.625
Train Iteration #5350:: 0.5521247386932373 Acc: 0.875
Train Iteration #5400:: 1.0004900693893433 Acc: 0.5
Train Iteration #5450:: 0.6576765775680542 Acc: 0.8125
Train Iteration #5500:: 0.8948997259140015 Acc: 0.875
Train Iteration #5550:: 0.3205845057964325 Acc: 0.875
Train Iteration #5600:: 0.9298237562179565 Acc: 0.625
Train Iteration #5650:: 0.49486637115478516 Acc: 0.875
Train Iteration #5700:: 1.1270925998687744 Acc: 0.375
Train Iteration #5750:: 0.6907954216003418 Acc: 0.75
Training:: Loss: 0.6711 Acc: 0.7518
Validation Iteration #1300:: 0.3927980065345764 Acc: 0.8125
Validation Iteration #1350:: 0.4994020462036133 Acc: 0.6875
Validation Iteration #1400:: 0.5223534107208252 Acc: 0.75
Validation:: Loss: 0.5235 Acc: 0.7815
Epoch 9/99
----------
Train Iteration #5800:: 0.8942748308181763 Acc: 0.625
Train Iteration #5850:: 0.5693609714508057 Acc: 0.875
Train Iteration #5900:: 0.5063120126724243 Acc: 0.8125
Train Iteration #5950:: 0.5877062678337097 Acc: 0.75
Train Iteration #6000:: 0.6556388735771179 Acc: 0.625
Train Iteration #6050:: 0.5583223104476929 Acc: 0.875
Train Iteration #6100:: 0.6150863766670227 Acc: 0.75
Train Iteration #6150:: 0.3140493631362915 Acc: 0.875
Train Iteration #6200:: 0.7478252053260803 Acc: 0.5625
Train Iteration #6250:: 0.7445913553237915 Acc: 0.5625
Train Iteration #6300:: 0.5584256649017334 Acc: 0.6875
Train Iteration #6350:: 0.9872695207595825 Acc: 0.875
Train Iteration #6400:: 0.8355318903923035 Acc: 0.875
Training:: Loss: 0.6727 Acc: 0.7525
Validation Iteration #1450:: 0.46962645649909973 Acc: 0.6875
Validation Iteration #1500:: 0.7536156177520752 Acc: 0.6875
Validation Iteration #1550:: 0.6942416429519653 Acc: 0.6875
Validation Iteration #1600:: 1.0815174579620361 Acc: 0.5625
Validation:: Loss: 0.6679 Acc: 0.6840
Epoch 10/99
----------
Train Iteration #6450:: 0.8482604026794434 Acc: 0.75
Train Iteration #6500:: 0.7204185724258423 Acc: 0.8125
Train Iteration #6550:: 0.31557443737983704 Acc: 0.9375
Train Iteration #6600:: 0.9190593361854553 Acc: 0.4375
Train Iteration #6650:: 0.5082117915153503 Acc: 0.9375
Train Iteration #6700:: 0.6827648878097534 Acc: 0.75
Train Iteration #6750:: 0.7881952524185181 Acc: 0.625
Train Iteration #6800:: 0.6151193380355835 Acc: 0.6875
Train Iteration #6850:: 1.4238677024841309 Acc: 0.375
Train Iteration #6900:: 0.4900743365287781 Acc: 0.75
Train Iteration #6950:: 0.46872806549072266 Acc: 0.875
Train Iteration #7000:: 1.2053678035736084 Acc: 0.4375
Train Iteration #7050:: 0.9387871623039246 Acc: 0.5833333333333334
Training:: Loss: 0.6809 Acc: 0.7541
Validation Iteration #1650:: 0.3869069516658783 Acc: 0.9375
Validation Iteration #1700:: 0.6494357585906982 Acc: 0.75
Validation Iteration #1750:: 0.45162534713745117 Acc: 0.75
Validation:: Loss: 0.5073 Acc: 0.8002
Epoch 11/99
----------
Train Iteration #7100:: 0.36776667833328247 Acc: 0.9375
Train Iteration #7150:: 0.9638205766677856 Acc: 0.625
Train Iteration #7200:: 0.339462548494339 Acc: 0.9375
Train Iteration #7250:: 0.5619335174560547 Acc: 0.8125
Train Iteration #7300:: 0.5676377415657043 Acc: 0.8125
Train Iteration #7350:: 1.140415906906128 Acc: 0.5625
Train Iteration #7400:: 0.47436952590942383 Acc: 0.9375
Train Iteration #7450:: 0.7688487768173218 Acc: 0.6875
Train Iteration #7500:: 0.6648911237716675 Acc: 0.875
Train Iteration #7550:: 0.5600502490997314 Acc: 0.875
Train Iteration #7600:: 0.8473389744758606 Acc: 0.6875
Train Iteration #7650:: 0.5141991972923279 Acc: 0.75
Training:: Loss: 0.6705 Acc: 0.7520
Validation Iteration #1800:: 0.665956974029541 Acc: 0.75
Validation Iteration #1850:: 0.28980839252471924 Acc: 0.875
Validation Iteration #1900:: 0.16187980771064758 Acc: 1.0
Validation:: Loss: 0.4438 Acc: 0.8654
Epoch 12/99
----------
Train Iteration #7700:: 0.5969853401184082 Acc: 0.875
Train Iteration #7750:: 1.380553960800171 Acc: 0.6875
Train Iteration #7800:: 1.0299748182296753 Acc: 0.4375
Train Iteration #7850:: 0.5546896457672119 Acc: 0.875
Train Iteration #7900:: 0.5996462106704712 Acc: 0.75
Train Iteration #7950:: 0.530980110168457 Acc: 0.8125
Train Iteration #8000:: 0.7439408898353577 Acc: 0.875
Train Iteration #8050:: 0.5941952466964722 Acc: 0.8125
Train Iteration #8100:: 0.5729379653930664 Acc: 0.75
Train Iteration #8150:: 0.41657716035842896 Acc: 0.8125
Train Iteration #8200:: 0.4259362816810608 Acc: 0.75
Train Iteration #8250:: 0.9443781971931458 Acc: 0.5
Train Iteration #8300:: 0.47159504890441895 Acc: 0.9375
Training:: Loss: 0.6511 Acc: 0.7638
Validation Iteration #1950:: 0.6602381467819214 Acc: 0.625
Validation Iteration #2000:: 0.6678293943405151 Acc: 0.625
Validation Iteration #2050:: 0.5722647309303284 Acc: 0.6875
Validation:: Loss: 0.5928 Acc: 0.7281
Epoch 13/99
----------
Train Iteration #8350:: 0.7045496702194214 Acc: 0.75
Train Iteration #8400:: 0.6159893274307251 Acc: 0.6875
Train Iteration #8450:: 0.3627603352069855 Acc: 0.875
Train Iteration #8500:: 0.4229883551597595 Acc: 0.8125
Train Iteration #8550:: 0.5609058737754822 Acc: 0.8125
Train Iteration #8600:: 1.034951090812683 Acc: 0.5625
Train Iteration #8650:: 0.6166442632675171 Acc: 0.6875
Train Iteration #8700:: 0.584379255771637 Acc: 0.6875
Train Iteration #8750:: 0.6284183263778687 Acc: 0.75
Train Iteration #8800:: 0.5912806987762451 Acc: 0.75
Train Iteration #8850:: 0.6162412166595459 Acc: 0.75
Train Iteration #8900:: 0.9908357858657837 Acc: 0.5625
Train Iteration #8950:: 1.2945542335510254 Acc: 0.625
Training:: Loss: 0.6552 Acc: 0.7600
Validation Iteration #2100:: 0.6717607975006104 Acc: 0.8125
Validation Iteration #2150:: 0.20117947459220886 Acc: 1.0
Validation Iteration #2200:: 0.3576078414916992 Acc: 0.8125
Validation Iteration #2250:: 0.20067884027957916 Acc: 1.0
Validation:: Loss: 0.4452 Acc: 0.8478
Epoch 14/99
----------
Train Iteration #9000:: 0.5349134206771851 Acc: 0.6875
Train Iteration #9050:: 0.9408977031707764 Acc: 0.625
Train Iteration #9100:: 0.8030901551246643 Acc: 0.75
Train Iteration #9150:: 0.77419114112854 Acc: 0.625
Train Iteration #9200:: 0.5593308210372925 Acc: 0.6875
Train Iteration #9250:: 0.738396942615509 Acc: 0.625
Train Iteration #9300:: 0.3219154477119446 Acc: 0.8125
Train Iteration #9350:: 0.6855083703994751 Acc: 0.75
Train Iteration #9400:: 0.517744243144989 Acc: 0.8125
Train Iteration #9450:: 0.49072563648223877 Acc: 0.875
Train Iteration #9500:: 0.5789986848831177 Acc: 1.0
Train Iteration #9550:: 0.6725722551345825 Acc: 0.8125
Train Iteration #9600:: 1.0480973720550537 Acc: 0.6875
Training:: Loss: 0.6791 Acc: 0.7550
Validation Iteration #2300:: 0.4721177816390991 Acc: 0.6875
Validation Iteration #2350:: 1.1252522468566895 Acc: 0.625
Validation Iteration #2400:: 0.5136358737945557 Acc: 0.75
Validation:: Loss: 0.5567 Acc: 0.7480
Epoch 15/99
----------
Train Iteration #9650:: 0.2979653477668762 Acc: 0.9375
Train Iteration #9700:: 0.9364054203033447 Acc: 0.5625
Train Iteration #9750:: 1.4186882972717285 Acc: 0.625
Train Iteration #9800:: 0.554574728012085 Acc: 0.75
Train Iteration #9850:: 0.6475979089736938 Acc: 0.625
Train Iteration #9900:: 0.4512022137641907 Acc: 0.75
Train Iteration #9950:: 0.8163843750953674 Acc: 0.5
Train Iteration #10000:: 0.37044578790664673 Acc: 0.875
Train Iteration #10050:: 0.5630598068237305 Acc: 0.6875
Train Iteration #10100:: 0.5903655290603638 Acc: 0.6875
Train Iteration #10150:: 0.7851443886756897 Acc: 0.8125
Train Iteration #10200:: 0.5800740718841553 Acc: 0.6875
Train Iteration #10250:: 0.4932180643081665 Acc: 0.8125
Training:: Loss: 0.6498 Acc: 0.7654
Validation Iteration #2450:: 0.501434862613678 Acc: 0.8125
Validation Iteration #2500:: 0.46051156520843506 Acc: 0.875
Validation Iteration #2550:: 0.3574522137641907 Acc: 1.0
Validation:: Loss: 0.4308 Acc: 0.8728
Epoch 16/99
----------
Train Iteration #10300:: 0.44513919949531555 Acc: 0.875
Train Iteration #10350:: 0.5987403392791748 Acc: 0.8125
Train Iteration #10400:: 0.7345635890960693 Acc: 0.8125
Train Iteration #10450:: 0.4208739101886749 Acc: 0.8125
Train Iteration #10500:: 0.5521163940429688 Acc: 0.6875
Train Iteration #10550:: 0.4124893546104431 Acc: 0.9375
Train Iteration #10600:: 1.0697321891784668 Acc: 0.8125
Train Iteration #10650:: 0.6299664974212646 Acc: 0.75
Train Iteration #10700:: 0.2814260721206665 Acc: 0.9375
Train Iteration #10750:: 0.482723593711853 Acc: 0.8125
Train Iteration #10800:: 0.5337009429931641 Acc: 0.75
Train Iteration #10850:: 0.488168865442276 Acc: 0.8125
Training:: Loss: 0.6502 Acc: 0.7676
Validation Iteration #2600:: 0.5953032374382019 Acc: 0.6875
Validation Iteration #2650:: 0.7278589010238647 Acc: 0.5625
Validation Iteration #2700:: 0.6832383871078491 Acc: 0.8125
Validation:: Loss: 0.7196 Acc: 0.6590
Epoch 17/99
----------
Train Iteration #10900:: 0.4535016715526581 Acc: 0.75
Train Iteration #10950:: 0.1631850004196167 Acc: 1.0
Train Iteration #11000:: 0.8872207403182983 Acc: 0.875
Train Iteration #11050:: 0.8579089641571045 Acc: 0.875
Train Iteration #11100:: 0.632847249507904 Acc: 0.875
Train Iteration #11150:: 0.6058013439178467 Acc: 0.8125
Train Iteration #11200:: 0.4751187264919281 Acc: 0.875
Train Iteration #11250:: 0.41952604055404663 Acc: 0.75
Train Iteration #11300:: 0.5050744414329529 Acc: 0.9375
Train Iteration #11350:: 0.7836017608642578 Acc: 0.6875
Train Iteration #11400:: 0.6693738102912903 Acc: 0.875
Train Iteration #11450:: 0.4904428720474243 Acc: 0.9375
Train Iteration #11500:: 0.828997015953064 Acc: 0.6875
Training:: Loss: 0.6515 Acc: 0.7646
Validation Iteration #2750:: 0.21917171776294708 Acc: 1.0
Validation Iteration #2800:: 0.5974717140197754 Acc: 0.875
Validation Iteration #2850:: 0.3607446551322937 Acc: 0.875
Validation:: Loss: 0.4481 Acc: 0.8365
Epoch 18/99
----------
Train Iteration #11550:: 0.3578956127166748 Acc: 0.875
Train Iteration #11600:: 0.7942466735839844 Acc: 0.75
Train Iteration #11650:: 0.6249584555625916 Acc: 0.8125
Train Iteration #11700:: 0.31052690744400024 Acc: 1.0
Train Iteration #11750:: 0.49511343240737915 Acc: 0.8125
Train Iteration #11800:: 0.5612813234329224 Acc: 0.875
Train Iteration #11850:: 1.1482404470443726 Acc: 0.6875
Train Iteration #11900:: 0.44238853454589844 Acc: 0.8125
Train Iteration #11950:: 0.6763713359832764 Acc: 0.6875
Train Iteration #12000:: 0.3644270896911621 Acc: 0.9375
Train Iteration #12050:: 0.45973828434944153 Acc: 0.875
Train Iteration #12100:: 0.6612050533294678 Acc: 0.625
Train Iteration #12150:: 0.8571451306343079 Acc: 0.6875
Training:: Loss: 0.6351 Acc: 0.7716
Validation Iteration #2900:: 0.3970370590686798 Acc: 0.8125
Validation Iteration #2950:: 0.542167067527771 Acc: 0.75
Validation Iteration #3000:: 0.3983699679374695 Acc: 0.9375
Validation Iteration #3050:: 0.46212053298950195 Acc: 0.8125
Validation:: Loss: 0.4460 Acc: 0.8393
Epoch 19/99
----------
Train Iteration #12200:: 0.5556676387786865 Acc: 0.75
Train Iteration #12250:: 0.5214818716049194 Acc: 0.9375
Train Iteration #12300:: 0.5097329020500183 Acc: 0.875
Train Iteration #12350:: 0.5525938868522644 Acc: 0.6875
Train Iteration #12400:: 0.6445283889770508 Acc: 0.8125
Train Iteration #12450:: 0.6065220832824707 Acc: 0.6875
Train Iteration #12500:: 0.8508609533309937 Acc: 0.75
Train Iteration #12550:: 0.2553260922431946 Acc: 0.9375
Train Iteration #12600:: 1.0806025266647339 Acc: 0.5625
Train Iteration #12650:: 0.7774522304534912 Acc: 0.8125
Train Iteration #12700:: 0.6959151029586792 Acc: 0.6875
Train Iteration #12750:: 0.5012044906616211 Acc: 0.875
Train Iteration #12800:: 0.9162782430648804 Acc: 0.5
Training:: Loss: 0.6404 Acc: 0.7731
Validation Iteration #3100:: 0.7845667600631714 Acc: 0.6875
Validation Iteration #3150:: 0.6923680305480957 Acc: 0.75
Validation Iteration #3200:: 0.6071946620941162 Acc: 0.75
Validation:: Loss: 0.6016 Acc: 0.7273
Epoch 20/99
----------
Train Iteration #12850:: 0.5683488845825195 Acc: 0.8125
Train Iteration #12900:: 0.7162915468215942 Acc: 0.6875
Train Iteration #12950:: 0.48638448119163513 Acc: 0.8125
Train Iteration #13000:: 0.5769551396369934 Acc: 0.75
Train Iteration #13050:: 0.7733531594276428 Acc: 0.625
Train Iteration #13100:: 0.7555319666862488 Acc: 0.625
Train Iteration #13150:: 1.351136326789856 Acc: 0.5
Train Iteration #13200:: 0.8404793739318848 Acc: 0.9375
Train Iteration #13250:: 0.22621619701385498 Acc: 0.9375
Train Iteration #13300:: 0.6069411039352417 Acc: 0.875
Train Iteration #13350:: 0.7209490537643433 Acc: 0.6875
Train Iteration #13400:: 0.5681042075157166 Acc: 0.9375
Train Iteration #13450:: 0.6040015816688538 Acc: 0.75
Training:: Loss: 0.6424 Acc: 0.7744
Validation Iteration #3250:: 0.3363945186138153 Acc: 0.9375
Validation Iteration #3300:: 0.2022811621427536 Acc: 1.0
Validation Iteration #3350:: 0.43753084540367126 Acc: 0.8125
Validation:: Loss: 0.4262 Acc: 0.8619
Epoch 21/99
----------
Train Iteration #13500:: 0.42018556594848633 Acc: 0.75
Train Iteration #13550:: 0.5638788938522339 Acc: 0.75
Train Iteration #13600:: 0.5498728156089783 Acc: 0.8125
Train Iteration #13650:: 0.7390937805175781 Acc: 0.625
Train Iteration #13700:: 0.6193252801895142 Acc: 0.8125
Train Iteration #13750:: 0.6679328083992004 Acc: 0.8125
Train Iteration #13800:: 0.8017313480377197 Acc: 0.5
Train Iteration #13850:: 0.527055025100708 Acc: 0.875
Train Iteration #13900:: 0.47384876012802124 Acc: 0.75
Train Iteration #13950:: 0.5319581031799316 Acc: 0.8125
Train Iteration #14000:: 0.6519749164581299 Acc: 0.6875
Train Iteration #14050:: 0.5738817453384399 Acc: 0.8125
Train Iteration #14100:: 0.6652132272720337 Acc: 0.75
Training:: Loss: 0.6471 Acc: 0.7739
Validation Iteration #3400:: 0.4296436309814453 Acc: 0.875
Validation Iteration #3450:: 0.622305691242218 Acc: 0.8125
Validation Iteration #3500:: 0.3583076596260071 Acc: 0.75
Validation:: Loss: 0.5431 Acc: 0.7565
Epoch 22/99
----------
Train Iteration #14150:: 0.3578961193561554 Acc: 0.9375
Train Iteration #14200:: 0.6043093800544739 Acc: 0.75
Train Iteration #14250:: 0.46093642711639404 Acc: 0.875
Train Iteration #14300:: 0.6587622165679932 Acc: 0.6875
Train Iteration #14350:: 0.7803969979286194 Acc: 0.9375
Train Iteration #14400:: 0.7376049757003784 Acc: 0.625
Train Iteration #14450:: 0.9647376537322998 Acc: 0.5625
Train Iteration #14500:: 0.7520776987075806 Acc: 0.75
Train Iteration #14550:: 1.1846269369125366 Acc: 0.4375
Train Iteration #14600:: 0.44832074642181396 Acc: 0.75
Train Iteration #14650:: 0.6672017574310303 Acc: 0.875
Train Iteration #14700:: 0.7574971914291382 Acc: 0.75
Training:: Loss: 0.6318 Acc: 0.7753
Validation Iteration #3550:: 0.38409852981567383 Acc: 0.875
Validation Iteration #3600:: 0.29633358120918274 Acc: 0.875
Validation Iteration #3650:: 0.3985453248023987 Acc: 0.75
Validation Iteration #3700:: 0.3501890301704407 Acc: 0.875
Validation:: Loss: 0.4606 Acc: 0.8240
Epoch 23/99
----------
Train Iteration #14750:: 0.6253018379211426 Acc: 0.75
Train Iteration #14800:: 0.43690261244773865 Acc: 1.0
Train Iteration #14850:: 0.43757760524749756 Acc: 0.9375
Train Iteration #14900:: 1.0156656503677368 Acc: 0.6875
Train Iteration #14950:: 0.6047965288162231 Acc: 0.625
Train Iteration #15000:: 0.5034787654876709 Acc: 0.9375
Train Iteration #15050:: 0.3185117840766907 Acc: 0.875
Train Iteration #15100:: 0.2577895522117615 Acc: 1.0
Train Iteration #15150:: 1.0132942199707031 Acc: 0.4375
Train Iteration #15200:: 0.3928642272949219 Acc: 0.9375
Train Iteration #15250:: 0.5143125057220459 Acc: 0.8125
Train Iteration #15300:: 0.758427619934082 Acc: 0.75
Train Iteration #15350:: 0.4684787690639496 Acc: 0.9375
Training:: Loss: 0.6248 Acc: 0.7786
Validation Iteration #3750:: 0.4330674409866333 Acc: 0.8125
Validation Iteration #3800:: 0.7450416088104248 Acc: 0.6875
Validation Iteration #3850:: 0.43128275871276855 Acc: 0.8125
Validation:: Loss: 0.4356 Acc: 0.8478
Epoch 24/99
----------
Train Iteration #15400:: 0.6098475456237793 Acc: 0.75
Train Iteration #15450:: 0.844815731048584 Acc: 0.6875
Train Iteration #15500:: 0.6960600018501282 Acc: 0.625
Train Iteration #15550:: 0.48765796422958374 Acc: 0.8125
Train Iteration #15600:: 0.24855899810791016 Acc: 1.0
Train Iteration #15650:: 0.48411884903907776 Acc: 0.875
Train Iteration #15700:: 0.36156535148620605 Acc: 0.9375
Train Iteration #15750:: 0.603896975517273 Acc: 0.75
Train Iteration #15800:: 0.6110680103302002 Acc: 0.8125
Train Iteration #15850:: 0.6759154796600342 Acc: 0.625
Train Iteration #15900:: 0.431463360786438 Acc: 0.8125
Train Iteration #15950:: 0.733472466468811 Acc: 0.6875
Train Iteration #16000:: 1.0159965753555298 Acc: 0.5625
Training:: Loss: 0.6303 Acc: 0.7742
Validation Iteration #3900:: 0.4402497410774231 Acc: 0.75
Validation Iteration #3950:: 0.4965013265609741 Acc: 0.6875
Validation Iteration #4000:: 0.5178442001342773 Acc: 0.8125
Validation:: Loss: 0.5519 Acc: 0.7542
Epoch 25/99
----------
Train Iteration #16050:: 0.435788631439209 Acc: 0.875
Train Iteration #16100:: 0.7551406621932983 Acc: 0.75
Train Iteration #16150:: 0.5792352557182312 Acc: 0.875
Train Iteration #16200:: 0.6935861706733704 Acc: 0.8125
Train Iteration #16250:: 0.5915927290916443 Acc: 0.75
Train Iteration #16300:: 0.37065064907073975 Acc: 0.875
Train Iteration #16350:: 0.39670225977897644 Acc: 0.9375
Train Iteration #16400:: 0.2450980544090271 Acc: 1.0
Train Iteration #16450:: 0.5838788747787476 Acc: 0.75
Train Iteration #16500:: 0.4383859634399414 Acc: 0.8125
Train Iteration #16550:: 0.9178600907325745 Acc: 0.5625
Train Iteration #16600:: 0.5546387434005737 Acc: 0.6875
Train Iteration #16650:: 0.3520156741142273 Acc: 0.9375
Training:: Loss: 0.6193 Acc: 0.7796
Validation Iteration #4050:: 0.7817583084106445 Acc: 0.8125
Validation Iteration #4100:: 0.40159282088279724 Acc: 0.9375
Validation Iteration #4150:: 0.27413153648376465 Acc: 0.9375
Validation:: Loss: 0.4174 Acc: 0.8908
Epoch 26/99
----------
Train Iteration #16700:: 0.9452096223831177 Acc: 0.6875
Train Iteration #16750:: 0.6419097185134888 Acc: 0.6875
Train Iteration #16800:: 1.071207046508789 Acc: 0.625
Train Iteration #16850:: 0.7720032334327698 Acc: 0.625
Train Iteration #16900:: 1.1073639392852783 Acc: 0.75
Train Iteration #16950:: 0.7652276754379272 Acc: 0.75
Train Iteration #17000:: 0.857114315032959 Acc: 0.625
Train Iteration #17050:: 0.3103659749031067 Acc: 0.9375
Train Iteration #17100:: 0.6068060994148254 Acc: 0.75
Train Iteration #17150:: 0.8089554309844971 Acc: 0.6875
Train Iteration #17200:: 0.5316630601882935 Acc: 0.875
Train Iteration #17250:: 0.42302513122558594 Acc: 0.75
Train Iteration #17300:: 0.7171915769577026 Acc: 0.625
Training:: Loss: 0.6415 Acc: 0.7771
Validation Iteration #4200:: 0.6113801002502441 Acc: 0.75
Validation Iteration #4250:: 0.7781329154968262 Acc: 0.6875
Validation Iteration #4300:: 0.17874133586883545 Acc: 1.0
Validation:: Loss: 0.4757 Acc: 0.8096
Epoch 27/99
----------
Train Iteration #17350:: 0.653601884841919 Acc: 0.75
Train Iteration #17400:: 0.6062553524971008 Acc: 0.8125
Train Iteration #17450:: 0.1834019422531128 Acc: 1.0
Train Iteration #17500:: 0.3699001669883728 Acc: 0.9375
Train Iteration #17550:: 0.33166709542274475 Acc: 0.9375
Train Iteration #17600:: 0.601577639579773 Acc: 0.6875
Train Iteration #17650:: 0.5238710641860962 Acc: 0.8125
Train Iteration #17700:: 0.9560064077377319 Acc: 0.875
Train Iteration #17750:: 0.48491013050079346 Acc: 0.8125
Train Iteration #17800:: 0.4378395676612854 Acc: 0.9375
Train Iteration #17850:: 0.8599370121955872 Acc: 0.75
Train Iteration #17900:: 0.5219217538833618 Acc: 0.8125
Training:: Loss: 0.6340 Acc: 0.7780
Validation Iteration #4350:: 0.2961066961288452 Acc: 0.8125
Validation Iteration #4400:: 0.31931301951408386 Acc: 0.875
Validation Iteration #4450:: 0.6836446523666382 Acc: 0.75
Validation Iteration #4500:: 0.5257012844085693 Acc: 0.8125
Validation:: Loss: 0.5183 Acc: 0.7815
Epoch 28/99
----------
Train Iteration #17950:: 0.5255851745605469 Acc: 0.8125
Train Iteration #18000:: 0.7013914585113525 Acc: 0.875
Train Iteration #18050:: 0.8086926937103271 Acc: 0.6875
Train Iteration #18100:: 0.3424355685710907 Acc: 0.875
Train Iteration #18150:: 0.7466316223144531 Acc: 0.75
Train Iteration #18200:: 0.6358343362808228 Acc: 0.75
Train Iteration #18250:: 0.4918763041496277 Acc: 0.8125
Train Iteration #18300:: 0.665109395980835 Acc: 0.8125
Train Iteration #18350:: 0.5591070652008057 Acc: 0.875
Train Iteration #18400:: 0.8795355558395386 Acc: 0.625
Train Iteration #18450:: 0.4540301561355591 Acc: 0.9375
Train Iteration #18500:: 0.7631971836090088 Acc: 0.625
Train Iteration #18550:: 0.9349493980407715 Acc: 0.6875
Training:: Loss: 0.6244 Acc: 0.7783
Validation Iteration #4550:: 0.7533096075057983 Acc: 0.625
Validation Iteration #4600:: 0.403953492641449 Acc: 0.75
Validation Iteration #4650:: 0.45618611574172974 Acc: 0.9375
Validation:: Loss: 0.5078 Acc: 0.7835
Epoch 29/99
----------
Train Iteration #18600:: 0.41539260745048523 Acc: 0.8125
Train Iteration #18650:: 0.5111011266708374 Acc: 0.75
Train Iteration #18700:: 0.39785513281822205 Acc: 0.875
Train Iteration #18750:: 0.3542290925979614 Acc: 0.8125
Train Iteration #18800:: 0.6229958534240723 Acc: 0.6875
Train Iteration #18850:: 0.31126669049263 Acc: 0.875
Train Iteration #18900:: 0.3682401776313782 Acc: 1.0
Train Iteration #18950:: 0.5474018454551697 Acc: 0.75
Train Iteration #19000:: 0.6010634899139404 Acc: 0.875
Train Iteration #19050:: 0.42368176579475403 Acc: 0.875
Train Iteration #19100:: 0.4391860365867615 Acc: 0.8125
Train Iteration #19150:: 0.4856531322002411 Acc: 0.75
Train Iteration #19200:: 0.7444124221801758 Acc: 0.8125
Training:: Loss: 0.6399 Acc: 0.7771
Validation Iteration #4700:: 0.46642005443573 Acc: 0.875
Validation Iteration #4750:: 0.4372110366821289 Acc: 0.875
Validation Iteration #4800:: 0.24162566661834717 Acc: 0.875
Validation:: Loss: 0.4273 Acc: 0.8471
Epoch 30/99
----------
Train Iteration #19250:: 0.4300213158130646 Acc: 0.9375
Train Iteration #19300:: 0.6949243545532227 Acc: 0.8125
Train Iteration #19350:: 0.7200527191162109 Acc: 0.625
Train Iteration #19400:: 0.4146633446216583 Acc: 0.875
Train Iteration #19450:: 0.4698925316333771 Acc: 0.8125
Train Iteration #19500:: 1.0839564800262451 Acc: 0.8125
Train Iteration #19550:: 0.5284017324447632 Acc: 0.8125
Train Iteration #19600:: 0.6316908597946167 Acc: 0.6875
Train Iteration #19650:: 0.4291752278804779 Acc: 0.875
Train Iteration #19700:: 0.3778379559516907 Acc: 0.875
Train Iteration #19750:: 0.4689558148384094 Acc: 0.8125
Train Iteration #19800:: 0.6247892379760742 Acc: 0.875
Train Iteration #19850:: 0.46660709381103516 Acc: 0.75
Training:: Loss: 0.6153 Acc: 0.7837
Validation Iteration #4850:: 0.26780271530151367 Acc: 0.9375
Validation Iteration #4900:: 0.5161235332489014 Acc: 0.75
Validation Iteration #4950:: 0.61403489112854 Acc: 0.8125
Validation:: Loss: 0.4093 Acc: 0.8783
Epoch 31/99
----------
Train Iteration #19900:: 0.6916148662567139 Acc: 0.8125
Train Iteration #19950:: 0.6314839124679565 Acc: 0.75
Train Iteration #20000:: 0.6562862992286682 Acc: 0.75
Train Iteration #20050:: 0.6256550550460815 Acc: 0.875
Train Iteration #20100:: 0.9858057498931885 Acc: 0.5625
Train Iteration #20150:: 0.7562379240989685 Acc: 0.75
Train Iteration #20200:: 0.4235476851463318 Acc: 0.8125
Train Iteration #20250:: 0.5401591658592224 Acc: 0.875
Train Iteration #20300:: 0.6553946733474731 Acc: 0.6875
Train Iteration #20350:: 0.7296268343925476 Acc: 0.6875
Train Iteration #20400:: 0.610358476638794 Acc: 0.8125
Train Iteration #20450:: 0.8360213041305542 Acc: 0.625
Train Iteration #20500:: 0.6265355348587036 Acc: 0.75
Training:: Loss: 0.6171 Acc: 0.7822
Validation Iteration #5000:: 0.5019997358322144 Acc: 0.8125
Validation Iteration #5050:: 0.4037013649940491 Acc: 0.8125
Validation Iteration #5100:: 0.7142504453659058 Acc: 0.625
Validation Iteration #5150:: 0.32571911811828613 Acc: 0.875
Validation:: Loss: 0.4109 Acc: 0.8670
Epoch 32/99
----------
Train Iteration #20550:: 0.3778047561645508 Acc: 0.9375
Train Iteration #20600:: 0.3808349072933197 Acc: 0.9375
Train Iteration #20650:: 0.5670790076255798 Acc: 0.8125
Train Iteration #20700:: 0.6043778657913208 Acc: 0.875
Train Iteration #20750:: 0.532439112663269 Acc: 0.8125
Train Iteration #20800:: 0.6496107578277588 Acc: 0.6875
Train Iteration #20850:: 0.9386817216873169 Acc: 0.625
Train Iteration #20900:: 0.7903504371643066 Acc: 0.75
Train Iteration #20950:: 0.3686671257019043 Acc: 0.875
Train Iteration #21000:: 0.9567022323608398 Acc: 0.5625
Train Iteration #21050:: 0.6342208385467529 Acc: 0.8125
Train Iteration #21100:: 0.6079889535903931 Acc: 0.75
Train Iteration #21150:: 0.7205645442008972 Acc: 0.75
Training:: Loss: 0.6019 Acc: 0.7882
Validation Iteration #5200:: 0.3061961531639099 Acc: 0.875
Validation Iteration #5250:: 0.2157829999923706 Acc: 1.0
Validation Iteration #5300:: 0.32015714049339294 Acc: 0.9375
Validation:: Loss: 0.4029 Acc: 0.8884
Epoch 33/99
----------
Train Iteration #21200:: 0.7294936180114746 Acc: 0.875
Train Iteration #21250:: 0.8367659449577332 Acc: 0.6875
Train Iteration #21300:: 0.5802344083786011 Acc: 0.8125
Train Iteration #21350:: 0.5919327735900879 Acc: 0.8125
Train Iteration #21400:: 0.8342206478118896 Acc: 0.625
Train Iteration #21450:: 0.6901160478591919 Acc: 0.6875
Train Iteration #21500:: 0.38314807415008545 Acc: 0.875
Train Iteration #21550:: 0.6401552557945251 Acc: 0.6875
Train Iteration #21600:: 0.28832900524139404 Acc: 0.9375
Train Iteration #21650:: 0.29070407152175903 Acc: 0.9375
Train Iteration #21700:: 0.4199424684047699 Acc: 0.8125
Train Iteration #21750:: 0.37179991602897644 Acc: 0.875
Training:: Loss: 0.6173 Acc: 0.7805
Validation Iteration #5350:: 0.15638449788093567 Acc: 1.0
Validation Iteration #5400:: 0.3278859257698059 Acc: 0.8125
Validation Iteration #5450:: 0.3461916148662567 Acc: 0.875
Validation:: Loss: 0.4167 Acc: 0.8545
Epoch 34/99
----------
Train Iteration #21800:: 1.0198917388916016 Acc: 0.6875
Train Iteration #21850:: 1.092524528503418 Acc: 0.75
Train Iteration #21900:: 0.49239206314086914 Acc: 0.875
Train Iteration #21950:: 0.47347182035446167 Acc: 0.75
Train Iteration #22000:: 0.43843168020248413 Acc: 0.8125
Train Iteration #22050:: 0.6768006086349487 Acc: 0.75
Train Iteration #22100:: 0.5831036567687988 Acc: 0.875
Train Iteration #22150:: 0.2775202989578247 Acc: 1.0
Train Iteration #22200:: 0.3274937868118286 Acc: 0.9375
Train Iteration #22250:: 0.5964024066925049 Acc: 0.875
Train Iteration #22300:: 0.6919327974319458 Acc: 0.75
Train Iteration #22350:: 0.6967406272888184 Acc: 0.75
Train Iteration #22400:: 0.7243868112564087 Acc: 0.75
Training:: Loss: 0.6080 Acc: 0.7848
Validation Iteration #5500:: 0.2947574257850647 Acc: 0.9375
Validation Iteration #5550:: 0.559080958366394 Acc: 0.75
Validation Iteration #5600:: 0.4281153082847595 Acc: 0.8125
Validation:: Loss: 0.5465 Acc: 0.7593
Epoch 35/99
----------
Train Iteration #22450:: 0.5650607347488403 Acc: 0.6875
Train Iteration #22500:: 0.8829465508460999 Acc: 0.8125
Train Iteration #22550:: 0.7575557231903076 Acc: 0.6875
Train Iteration #22600:: 0.20934823155403137 Acc: 0.9375
Train Iteration #22650:: 0.5867383480072021 Acc: 0.75
Train Iteration #22700:: 1.0067219734191895 Acc: 0.6875
Train Iteration #22750:: 0.36860668659210205 Acc: 0.8125
Train Iteration #22800:: 0.41670557856559753 Acc: 0.875
Train Iteration #22850:: 0.32621532678604126 Acc: 0.9375
Train Iteration #22900:: 0.3400275707244873 Acc: 0.9375
Train Iteration #22950:: 0.77614426612854 Acc: 0.75
Train Iteration #23000:: 0.28501319885253906 Acc: 1.0
Train Iteration #23050:: 0.42844903469085693 Acc: 0.9375
Training:: Loss: 0.6335 Acc: 0.7798
Validation Iteration #5650:: 0.7420146465301514 Acc: 0.5625
Validation Iteration #5700:: 0.9111617803573608 Acc: 0.5625
Validation Iteration #5750:: 0.43539899587631226 Acc: 0.875
Validation:: Loss: 0.5455 Acc: 0.7608
Epoch 36/99
----------
Train Iteration #23100:: 1.1645801067352295 Acc: 0.4375
Train Iteration #23150:: 0.40375441312789917 Acc: 0.875
Train Iteration #23200:: 0.6469808220863342 Acc: 0.75
Train Iteration #23250:: 0.7412418127059937 Acc: 0.6875
Train Iteration #23300:: 0.7492610216140747 Acc: 0.75
Train Iteration #23350:: 0.562778890132904 Acc: 0.8125
Train Iteration #23400:: 0.7326197624206543 Acc: 0.75
Train Iteration #23450:: 0.7904481887817383 Acc: 0.8125
Train Iteration #23500:: 0.7100933790206909 Acc: 0.8125
Train Iteration #23550:: 0.43502071499824524 Acc: 0.9375
Train Iteration #23600:: 1.0336570739746094 Acc: 0.75
Train Iteration #23650:: 0.46096116304397583 Acc: 0.8125
Train Iteration #23700:: 0.38153746724128723 Acc: 0.8125
Training:: Loss: 0.6037 Acc: 0.7860
Validation Iteration #5800:: 0.4481300115585327 Acc: 0.8125
Validation Iteration #5850:: 0.41869622468948364 Acc: 0.8125
Validation Iteration #5900:: 0.7018210291862488 Acc: 0.8125
Validation Iteration #5950:: 0.548156201839447 Acc: 0.8125
Validation:: Loss: 0.4339 Acc: 0.8357
Epoch 37/99
----------
Train Iteration #23750:: 1.5180532932281494 Acc: 0.75
Train Iteration #23800:: 0.34053486585617065 Acc: 0.9375
Train Iteration #23850:: 0.8277921676635742 Acc: 0.8125
Train Iteration #23900:: 0.6671364307403564 Acc: 0.5625
Train Iteration #23950:: 0.3145674169063568 Acc: 0.9375
Train Iteration #24000:: 0.4125423729419708 Acc: 0.9375
Train Iteration #24050:: 0.7892502546310425 Acc: 0.8125
Train Iteration #24100:: 0.5877605676651001 Acc: 0.6875
Train Iteration #24150:: 0.27964910864830017 Acc: 0.875
Train Iteration #24200:: 0.9218008518218994 Acc: 0.75
Train Iteration #24250:: 0.4804939031600952 Acc: 0.875
Train Iteration #24300:: 0.5251489281654358 Acc: 0.8125
Train Iteration #24350:: 0.5826446413993835 Acc: 0.6875
Training:: Loss: 0.6126 Acc: 0.7819
Validation Iteration #6000:: 0.2664344608783722 Acc: 0.9375
Validation Iteration #6050:: 0.537245512008667 Acc: 0.875
Validation Iteration #6100:: 0.49205219745635986 Acc: 0.8125
Validation:: Loss: 0.4020 Acc: 0.8728
Epoch 38/99
----------
Train Iteration #24400:: 0.511543869972229 Acc: 0.9375
Train Iteration #24450:: 0.9193171262741089 Acc: 0.625
Train Iteration #24500:: 0.8018869161605835 Acc: 0.75
Train Iteration #24550:: 0.6182884573936462 Acc: 0.875
Train Iteration #24600:: 0.36522606015205383 Acc: 0.75
Train Iteration #24650:: 0.5525180697441101 Acc: 0.75
Train Iteration #24700:: 0.726017951965332 Acc: 0.75
Train Iteration #24750:: 0.5187422037124634 Acc: 0.8125
Train Iteration #24800:: 0.4537981152534485 Acc: 0.9375
Train Iteration #24850:: 0.581001341342926 Acc: 0.875
Train Iteration #24900:: 0.3336939215660095 Acc: 0.8125
Train Iteration #24950:: 0.632024884223938 Acc: 0.8125
Training:: Loss: 0.6310 Acc: 0.7794
Validation Iteration #6150:: 0.3022735118865967 Acc: 0.875
Validation Iteration #6200:: 0.5073529481887817 Acc: 0.875
Validation Iteration #6250:: 0.4597708582878113 Acc: 0.8125
Validation:: Loss: 0.4317 Acc: 0.8350
Epoch 39/99
----------
Train Iteration #25000:: 0.7482032179832458 Acc: 0.8125
Train Iteration #25050:: 0.69673091173172 Acc: 0.625
Train Iteration #25100:: 0.5804649591445923 Acc: 0.875
Train Iteration #25150:: 0.6334964036941528 Acc: 0.8125
Train Iteration #25200:: 0.7432428598403931 Acc: 0.6875
Train Iteration #25250:: 0.6899101734161377 Acc: 0.625
Train Iteration #25300:: 0.6111847162246704 Acc: 0.8125
Train Iteration #25350:: 1.0427892208099365 Acc: 0.8125
Train Iteration #25400:: 0.6976838707923889 Acc: 0.875
Train Iteration #25450:: 0.3925246596336365 Acc: 0.8125
Train Iteration #25500:: 0.5599347352981567 Acc: 0.875
Train Iteration #25550:: 0.6965476274490356 Acc: 0.6875
Train Iteration #25600:: 0.7212294936180115 Acc: 0.625
Training:: Loss: 0.6097 Acc: 0.7873
Validation Iteration #6300:: 0.41010820865631104 Acc: 0.8125
Validation Iteration #6350:: 0.4685029983520508 Acc: 0.8125
Validation Iteration #6400:: 0.3555954396724701 Acc: 0.875
Validation:: Loss: 0.4958 Acc: 0.7956
Epoch 40/99
----------
Train Iteration #25650:: 0.41582775115966797 Acc: 0.875
Train Iteration #25700:: 1.3054828643798828 Acc: 0.75
Train Iteration #25750:: 0.6005539894104004 Acc: 0.8125
Train Iteration #25800:: 0.8993044495582581 Acc: 0.6875
Train Iteration #25850:: 0.8520148396492004 Acc: 0.6875
Train Iteration #25900:: 0.40613260865211487 Acc: 0.875
Train Iteration #25950:: 1.0633089542388916 Acc: 0.625
Train Iteration #26000:: 0.3847571909427643 Acc: 0.875
Train Iteration #26050:: 0.5217961072921753 Acc: 0.875
Train Iteration #26100:: 0.3054414391517639 Acc: 0.875
Train Iteration #26150:: 0.912092387676239 Acc: 0.875
Train Iteration #26200:: 0.5313793420791626 Acc: 0.8125
Train Iteration #26250:: 0.4531741738319397 Acc: 0.875
Training:: Loss: 0.5961 Acc: 0.7920
Validation Iteration #6450:: 0.7464889287948608 Acc: 0.8125
Validation Iteration #6500:: 0.20528320968151093 Acc: 0.9375
Validation Iteration #6550:: 0.3530879020690918 Acc: 0.8125
Validation Iteration #6600:: 0.14456355571746826 Acc: 1.0
Validation:: Loss: 0.4013 Acc: 0.8771
Epoch 41/99
----------
Train Iteration #26300:: 0.5590537786483765 Acc: 0.75
Train Iteration #26350:: 0.533687949180603 Acc: 0.9375
Train Iteration #26400:: 0.2766714096069336 Acc: 0.9375
Train Iteration #26450:: 0.4818548262119293 Acc: 0.8125
Train Iteration #26500:: 0.5909304022789001 Acc: 0.8125
Train Iteration #26550:: 0.6500931978225708 Acc: 0.75
Train Iteration #26600:: 0.48460766673088074 Acc: 1.0
Train Iteration #26650:: 0.32879918813705444 Acc: 0.8125
Train Iteration #26700:: 0.5408141613006592 Acc: 0.8125
Train Iteration #26750:: 0.9716949462890625 Acc: 0.875
Train Iteration #26800:: 0.29469114542007446 Acc: 0.9375
Train Iteration #26850:: 0.6317522525787354 Acc: 0.875
Train Iteration #26900:: 0.5816426873207092 Acc: 0.625
Training:: Loss: 0.6008 Acc: 0.7900
Validation Iteration #6650:: 0.7665839195251465 Acc: 0.625
Validation Iteration #6700:: 0.3740854561328888 Acc: 0.8125
Validation Iteration #6750:: 0.4807478189468384 Acc: 0.75
Validation:: Loss: 0.6076 Acc: 0.7257
Epoch 42/99
----------
Train Iteration #26950:: 0.6646939516067505 Acc: 0.6875
Train Iteration #27000:: 0.7597337365150452 Acc: 0.8125
Train Iteration #27050:: 0.45352083444595337 Acc: 0.8125
Train Iteration #27100:: 0.4859836995601654 Acc: 0.8125
Train Iteration #27150:: 1.1416184902191162 Acc: 0.5
Train Iteration #27200:: 0.7980120182037354 Acc: 0.8125
Train Iteration #27250:: 0.6000330448150635 Acc: 0.9375
Train Iteration #27300:: 1.081803560256958 Acc: 0.5
Train Iteration #27350:: 0.6183866262435913 Acc: 0.8125
Train Iteration #27400:: 0.6083011627197266 Acc: 0.75
Train Iteration #27450:: 0.35010555386543274 Acc: 0.8125
Train Iteration #27500:: 0.7071818113327026 Acc: 0.625
Train Iteration #27550:: 0.517463207244873 Acc: 0.75
Training:: Loss: 0.6192 Acc: 0.7822
Validation Iteration #6800:: 0.3728761672973633 Acc: 0.875
Validation Iteration #6850:: 0.4686727225780487 Acc: 0.8125
Validation Iteration #6900:: 0.7356725931167603 Acc: 0.8125
Validation:: Loss: 0.5613 Acc: 0.7530
Epoch 43/99
----------
Train Iteration #27600:: 0.5362457036972046 Acc: 0.8125
Train Iteration #27650:: 0.6609750390052795 Acc: 0.6875
Train Iteration #27700:: 0.6351097822189331 Acc: 0.75
Train Iteration #27750:: 0.7914482951164246 Acc: 0.625
Train Iteration #27800:: 0.25466635823249817 Acc: 0.875
Train Iteration #27850:: 0.7174620628356934 Acc: 0.625
Train Iteration #27900:: 0.25373727083206177 Acc: 0.875
Train Iteration #27950:: 0.5149598121643066 Acc: 0.8125
Train Iteration #28000:: 0.5346025824546814 Acc: 0.8125
Train Iteration #28050:: 0.6608738899230957 Acc: 0.8125
Train Iteration #28100:: 0.45715272426605225 Acc: 0.75
Train Iteration #28150:: 0.578983724117279 Acc: 0.6875
Train Iteration #28200:: 0.7059305906295776 Acc: 0.8125
Training:: Loss: 0.6118 Acc: 0.7896
Validation Iteration #6950:: 0.2521045207977295 Acc: 0.9375
Validation Iteration #7000:: 0.6182149052619934 Acc: 0.8125
Validation Iteration #7050:: 0.267189621925354 Acc: 0.9375
Validation:: Loss: 0.4081 Acc: 0.8564
Epoch 44/99
----------
Train Iteration #28250:: 0.5028893947601318 Acc: 0.875
Train Iteration #28300:: 1.0991263389587402 Acc: 0.8125
Train Iteration #28350:: 0.6066164374351501 Acc: 0.75
Train Iteration #28400:: 0.7675786018371582 Acc: 0.6875
Train Iteration #28450:: 0.7779655456542969 Acc: 0.6875
Train Iteration #28500:: 0.7148477435112 Acc: 0.75
Train Iteration #28550:: 0.7305709719657898 Acc: 0.75
Train Iteration #28600:: 0.6589800119400024 Acc: 0.625
Train Iteration #28650:: 0.8643682599067688 Acc: 0.8125
Train Iteration #28700:: 0.28827711939811707 Acc: 0.9375
Train Iteration #28750:: 0.2535915970802307 Acc: 0.9375
Train Iteration #28800:: 0.6323294639587402 Acc: 0.6875
Training:: Loss: 0.6133 Acc: 0.7859
Validation Iteration #7100:: 0.6590732336044312 Acc: 0.75
Validation Iteration #7150:: 0.9012933969497681 Acc: 0.625
Validation Iteration #7200:: 0.5688648819923401 Acc: 0.6875
Validation:: Loss: 0.5262 Acc: 0.7745
Epoch 45/99
----------
Train Iteration #28850:: 0.6498183608055115 Acc: 0.75
Train Iteration #28900:: 0.26081356406211853 Acc: 1.0
Train Iteration #28950:: 0.6942994594573975 Acc: 0.75
Train Iteration #29000:: 0.3454006016254425 Acc: 0.8125
Train Iteration #29050:: 0.6984797120094299 Acc: 0.625
Train Iteration #29100:: 0.8583641648292542 Acc: 0.8125
Train Iteration #29150:: 0.5828930139541626 Acc: 0.8125
Train Iteration #29200:: 0.2955484390258789 Acc: 1.0
Train Iteration #29250:: 0.2647198438644409 Acc: 0.9375
Train Iteration #29300:: 0.2877383232116699 Acc: 1.0
Train Iteration #29350:: 0.8372277021408081 Acc: 0.5625
Train Iteration #29400:: 0.4729328751564026 Acc: 0.9375
Train Iteration #29450:: 0.4127809703350067 Acc: 0.875
Training:: Loss: 0.5944 Acc: 0.7935
Validation Iteration #7250:: 0.3853605389595032 Acc: 0.75
Validation Iteration #7300:: 0.5002110004425049 Acc: 0.8125
Validation Iteration #7350:: 0.443986713886261 Acc: 0.8125
Validation Iteration #7400:: 0.8615620136260986 Acc: 0.8125
Validation:: Loss: 0.4850 Acc: 0.7971
Epoch 46/99
----------
Train Iteration #29500:: 0.6216458082199097 Acc: 0.8125
Train Iteration #29550:: 0.43725067377090454 Acc: 0.75
Train Iteration #29600:: 0.33519306778907776 Acc: 0.9375
Train Iteration #29650:: 0.41402095556259155 Acc: 0.8125
Train Iteration #29700:: 0.4454158544540405 Acc: 0.875
Train Iteration #29750:: 0.6101639270782471 Acc: 0.8125
Train Iteration #29800:: 0.5264902114868164 Acc: 0.6875
Train Iteration #29850:: 0.501102089881897 Acc: 0.875
Train Iteration #29900:: 0.9099162220954895 Acc: 0.6875
Train Iteration #29950:: 0.5427390336990356 Acc: 0.875
Train Iteration #30000:: 0.40561994910240173 Acc: 0.8125
Train Iteration #30050:: 0.27439364790916443 Acc: 1.0
Train Iteration #30100:: 0.5925423502922058 Acc: 0.8125
Training:: Loss: 0.6003 Acc: 0.7925
Validation Iteration #7450:: 0.5064202547073364 Acc: 0.6875
Validation Iteration #7500:: 0.4738346338272095 Acc: 0.875
Validation Iteration #7550:: 0.39720553159713745 Acc: 0.8125
Validation:: Loss: 0.4608 Acc: 0.8123
Epoch 47/99
----------
Train Iteration #30150:: 0.37550362944602966 Acc: 0.9375
Train Iteration #30200:: 0.3357699513435364 Acc: 0.875
Train Iteration #30250:: 0.40017008781433105 Acc: 0.8125
Train Iteration #30300:: 0.8036342859268188 Acc: 0.75
Train Iteration #30350:: 0.31464484333992004 Acc: 0.875
Train Iteration #30400:: 0.4744409918785095 Acc: 0.8125
Train Iteration #30450:: 0.7158492207527161 Acc: 0.6875
Train Iteration #30500:: 0.5092378854751587 Acc: 0.75
Train Iteration #30550:: 0.5617815256118774 Acc: 0.6875
Train Iteration #30600:: 0.9607109427452087 Acc: 0.75
Train Iteration #30650:: 0.6599165201187134 Acc: 0.75
Train Iteration #30700:: 0.6717115640640259 Acc: 0.6875
Train Iteration #30750:: 0.25161293148994446 Acc: 0.9375
Training:: Loss: 0.6173 Acc: 0.7779
Validation Iteration #7600:: 0.19783635437488556 Acc: 0.9375
Validation Iteration #7650:: 0.39654508233070374 Acc: 0.9375
Validation Iteration #7700:: 0.37056854367256165 Acc: 0.875
Validation:: Loss: 0.4030 Acc: 0.8599
Epoch 48/99
----------
Train Iteration #30800:: 0.9310537576675415 Acc: 0.8125
Train Iteration #30850:: 0.7032121419906616 Acc: 0.75
Train Iteration #30900:: 0.5236067771911621 Acc: 0.6875
Train Iteration #30950:: 1.0036704540252686 Acc: 0.625
Train Iteration #31000:: 0.5380624532699585 Acc: 0.8125
Train Iteration #31050:: 0.3633364140987396 Acc: 0.75
Train Iteration #31100:: 0.6386106014251709 Acc: 0.8125
Train Iteration #31150:: 0.5244840383529663 Acc: 0.8125
Train Iteration #31200:: 0.4035096764564514 Acc: 0.875
Train Iteration #31250:: 0.5612151622772217 Acc: 0.8125
Train Iteration #31300:: 0.48467040061950684 Acc: 0.8125
Train Iteration #31350:: 0.5592766404151917 Acc: 0.8125
Train Iteration #31400:: 0.3214517831802368 Acc: 0.875
Training:: Loss: 0.6010 Acc: 0.7888
Validation Iteration #7750:: 0.2903297543525696 Acc: 0.875
Validation Iteration #7800:: 0.25542008876800537 Acc: 0.9375
Validation Iteration #7850:: 0.4602872431278229 Acc: 0.875
Validation:: Loss: 0.3909 Acc: 0.8763
Epoch 49/99
----------
Train Iteration #31450:: 0.7270678281784058 Acc: 0.625
Train Iteration #31500:: 0.585198163986206 Acc: 0.625
Train Iteration #31550:: 1.271808385848999 Acc: 0.6875
Train Iteration #31600:: 0.3932737112045288 Acc: 0.9375
Train Iteration #31650:: 0.49440452456474304 Acc: 0.8125
Train Iteration #31700:: 0.8924726247787476 Acc: 0.6875
Train Iteration #31750:: 0.34415218234062195 Acc: 0.9375
Train Iteration #31800:: 0.35460418462753296 Acc: 0.875
Train Iteration #31850:: 0.63129061460495 Acc: 0.6875
Train Iteration #31900:: 0.6906530857086182 Acc: 0.9375
Train Iteration #31950:: 0.5818206071853638 Acc: 0.8125
Train Iteration #32000:: 0.23553186655044556 Acc: 0.875
Training:: Loss: 0.6039 Acc: 0.7885
Validation Iteration #7900:: 0.3607151508331299 Acc: 0.75
Validation Iteration #7950:: 0.3316788971424103 Acc: 0.9375
Validation Iteration #8000:: 0.41314661502838135 Acc: 0.875
Validation:: Loss: 0.3941 Acc: 0.8712
Epoch 50/99
----------
Train Iteration #32050:: 0.7917157411575317 Acc: 0.6875
Train Iteration #32100:: 0.3357803225517273 Acc: 0.75
Train Iteration #32150:: 0.42003583908081055 Acc: 0.8125
Train Iteration #32200:: 0.38584694266319275 Acc: 0.8125
Train Iteration #32250:: 0.841850757598877 Acc: 0.5625
Train Iteration #32300:: 0.6538928747177124 Acc: 0.75
Train Iteration #32350:: 0.6238281726837158 Acc: 0.8125
Train Iteration #32400:: 0.5804700255393982 Acc: 0.6875
Train Iteration #32450:: 0.8882748484611511 Acc: 0.75
Train Iteration #32500:: 0.4810613691806793 Acc: 0.875
Train Iteration #32550:: 0.4161016345024109 Acc: 0.75
Train Iteration #32600:: 0.4826560914516449 Acc: 0.9375
Train Iteration #32650:: 0.6485534310340881 Acc: 0.6875
Training:: Loss: 0.6143 Acc: 0.7845
Validation Iteration #8050:: 0.8179104328155518 Acc: 0.625
Validation Iteration #8100:: 0.8679589033126831 Acc: 0.5625
Validation Iteration #8150:: 0.37067490816116333 Acc: 0.875
Validation Iteration #8200:: 0.9428704380989075 Acc: 0.625
Validation:: Loss: 0.6306 Acc: 0.7191
Epoch 51/99
----------
Train Iteration #32700:: 0.751095175743103 Acc: 0.875
Train Iteration #32750:: 0.6260605454444885 Acc: 0.625
Train Iteration #32800:: 0.8123012781143188 Acc: 0.875
Train Iteration #32850:: 0.6047543287277222 Acc: 0.8125
Train Iteration #32900:: 0.9284206628799438 Acc: 0.5625
Train Iteration #32950:: 0.2316964566707611 Acc: 0.9375
Train Iteration #33000:: 0.46594732999801636 Acc: 0.875
Train Iteration #33050:: 0.5809380412101746 Acc: 0.875
Train Iteration #33100:: 0.5798032879829407 Acc: 0.75
Train Iteration #33150:: 0.8112400770187378 Acc: 0.5625
Train Iteration #33200:: 0.8271226286888123 Acc: 0.6875
Train Iteration #33250:: 0.5816830396652222 Acc: 0.8125
Train Iteration #33300:: 0.47348085045814514 Acc: 0.75
Training:: Loss: 0.5947 Acc: 0.7953
Validation Iteration #8250:: 0.33958700299263 Acc: 0.875
Validation Iteration #8300:: 0.35736191272735596 Acc: 0.875
Validation Iteration #8350:: 0.7624701261520386 Acc: 0.625
Validation:: Loss: 0.5042 Acc: 0.7874
Epoch 52/99
----------
Train Iteration #33350:: 0.5305902361869812 Acc: 0.6875
Train Iteration #33400:: 0.320834755897522 Acc: 0.9375
Train Iteration #33450:: 0.5965222120285034 Acc: 0.75
Train Iteration #33500:: 0.5010100603103638 Acc: 0.8125
Train Iteration #33550:: 0.8069255948066711 Acc: 0.625
Train Iteration #33600:: 0.6603683233261108 Acc: 0.625
Train Iteration #33650:: 0.6094850897789001 Acc: 0.8125
Train Iteration #33700:: 0.3154745399951935 Acc: 0.9375
Train Iteration #33750:: 0.7001264095306396 Acc: 0.75
Train Iteration #33800:: 0.812813401222229 Acc: 0.75
Train Iteration #33850:: 0.9854969382286072 Acc: 0.6875
Train Iteration #33900:: 0.6539212465286255 Acc: 0.875
Train Iteration #33950:: 0.6266798973083496 Acc: 0.8125
Training:: Loss: 0.6102 Acc: 0.7860
Validation Iteration #8400:: 0.7260980606079102 Acc: 0.5625
Validation Iteration #8450:: 1.0529392957687378 Acc: 0.5625
Validation Iteration #8500:: 1.2193984985351562 Acc: 0.5
Validation:: Loss: 0.8351 Acc: 0.6215
Epoch 53/99
----------
Train Iteration #34000:: 0.29543113708496094 Acc: 1.0
Train Iteration #34050:: 0.341012179851532 Acc: 0.8125
Train Iteration #34100:: 0.6584029793739319 Acc: 0.6875
Train Iteration #34150:: 0.4120374619960785 Acc: 0.9375
Train Iteration #34200:: 0.5182216167449951 Acc: 0.75
Train Iteration #34250:: 0.6225454807281494 Acc: 0.8125
Train Iteration #34300:: 0.48351553082466125 Acc: 0.875
Train Iteration #34350:: 0.6864111423492432 Acc: 0.8125
Train Iteration #34400:: 0.8205345869064331 Acc: 0.625
Train Iteration #34450:: 0.6246051788330078 Acc: 0.75
Train Iteration #34500:: 0.5446966290473938 Acc: 0.8125
Train Iteration #34550:: 0.4183855354785919 Acc: 0.875
Train Iteration #34600:: 0.4206036925315857 Acc: 0.9375
Training:: Loss: 0.6074 Acc: 0.7898
Validation Iteration #8550:: 0.7271834015846252 Acc: 0.6875
Validation Iteration #8600:: 0.7772329449653625 Acc: 0.625
Validation Iteration #8650:: 0.4229826331138611 Acc: 0.8125
Validation:: Loss: 0.4957 Acc: 0.7901
Epoch 54/99
----------
Train Iteration #34650:: 0.5542309880256653 Acc: 0.8125
Train Iteration #34700:: 0.4522802233695984 Acc: 0.875
Train Iteration #34750:: 0.6722440719604492 Acc: 0.8125
Train Iteration #34800:: 0.532657265663147 Acc: 0.9375
Train Iteration #34850:: 0.5705080032348633 Acc: 0.75
Train Iteration #34900:: 1.1826655864715576 Acc: 0.625
Train Iteration #34950:: 0.38664501905441284 Acc: 0.875
Train Iteration #35000:: 0.9042226076126099 Acc: 0.5625
Train Iteration #35050:: 0.5866971611976624 Acc: 0.625
Train Iteration #35100:: 0.525374710559845 Acc: 0.875
Train Iteration #35150:: 0.5582038164138794 Acc: 0.8125
Train Iteration #35200:: 0.4098764955997467 Acc: 0.8125
Train Iteration #35250:: 0.2807079553604126 Acc: 0.875
Training:: Loss: 0.5966 Acc: 0.7915
Validation Iteration #8700:: 0.9844159483909607 Acc: 0.5625
Validation Iteration #8750:: 0.27825987339019775 Acc: 0.875
Validation Iteration #8800:: 0.45218372344970703 Acc: 0.75
Validation Iteration #8850:: 0.28414011001586914 Acc: 0.9375
Validation:: Loss: 0.3939 Acc: 0.8658
Epoch 55/99
----------
Train Iteration #35300:: 0.40869444608688354 Acc: 0.9375
Train Iteration #35350:: 0.3545569181442261 Acc: 0.75
Train Iteration #35400:: 0.5967234969139099 Acc: 0.6875
Train Iteration #35450:: 1.0915889739990234 Acc: 0.75
Train Iteration #35500:: 0.7070810794830322 Acc: 0.625
Train Iteration #35550:: 0.7207072973251343 Acc: 0.625
Train Iteration #35600:: 0.4882732927799225 Acc: 0.8125
Train Iteration #35650:: 0.7750238180160522 Acc: 0.8125
Train Iteration #35700:: 0.8323581218719482 Acc: 0.75
Train Iteration #35750:: 0.549148440361023 Acc: 0.8125
Train Iteration #35800:: 0.7214787006378174 Acc: 0.6875
Train Iteration #35850:: 0.5284954905509949 Acc: 0.875
Training:: Loss: 0.5929 Acc: 0.7960
Validation Iteration #8900:: 0.6131068468093872 Acc: 0.8125
Validation Iteration #8950:: 0.4204786717891693 Acc: 0.75
Validation Iteration #9000:: 0.3613482117652893 Acc: 0.8125
Validation:: Loss: 0.4552 Acc: 0.8182
Epoch 56/99
----------
Train Iteration #35900:: 0.3018379509449005 Acc: 0.9375
Train Iteration #35950:: 0.26315805315971375 Acc: 0.875
Train Iteration #36000:: 0.6317006349563599 Acc: 0.8125
Train Iteration #36050:: 0.37673696875572205 Acc: 0.875
Train Iteration #36100:: 0.3951069712638855 Acc: 0.8125
Train Iteration #36150:: 0.3886527419090271 Acc: 0.9375
Train Iteration #36200:: 0.2561023533344269 Acc: 0.875
Train Iteration #36250:: 0.3759276866912842 Acc: 0.9375
Train Iteration #36300:: 0.4188019037246704 Acc: 0.8125
Train Iteration #36350:: 0.8525888919830322 Acc: 0.375
Train Iteration #36400:: 0.8046389818191528 Acc: 0.75
Train Iteration #36450:: 0.6722121238708496 Acc: 0.6875
Train Iteration #36500:: 0.7748658657073975 Acc: 0.75
Training:: Loss: 0.6087 Acc: 0.7853
Validation Iteration #9050:: 0.6475655436515808 Acc: 0.75
Validation Iteration #9100:: 0.37868553400039673 Acc: 0.875
Validation Iteration #9150:: 0.25467172265052795 Acc: 0.9375
Validation:: Loss: 0.4214 Acc: 0.8451
Epoch 57/99
----------
Train Iteration #36550:: 0.5495609045028687 Acc: 0.75
Train Iteration #36600:: 0.570125937461853 Acc: 0.75
Train Iteration #36650:: 0.7847908735275269 Acc: 0.625
Train Iteration #36700:: 0.3173762261867523 Acc: 0.875
Train Iteration #36750:: 0.8531275391578674 Acc: 0.625
Train Iteration #36800:: 0.6687339544296265 Acc: 0.75
Train Iteration #36850:: 0.5680729746818542 Acc: 0.875
Train Iteration #36900:: 0.9012234210968018 Acc: 0.4375
Train Iteration #36950:: 0.6926299333572388 Acc: 0.6875
Train Iteration #37000:: 0.42814597487449646 Acc: 0.9375
Train Iteration #37050:: 0.2298273742198944 Acc: 0.9375
Train Iteration #37100:: 0.48774588108062744 Acc: 0.6875
Train Iteration #37150:: 0.3285060524940491 Acc: 0.9375
Training:: Loss: 0.6054 Acc: 0.7911
Validation Iteration #9200:: 0.17029091715812683 Acc: 1.0
Validation Iteration #9250:: 0.4774593114852905 Acc: 0.9375
Validation Iteration #9300:: 0.37446239590644836 Acc: 0.9375
Validation:: Loss: 0.4045 Acc: 0.8517
Epoch 58/99
----------
Train Iteration #37200:: 0.45505353808403015 Acc: 0.875
Train Iteration #37250:: 0.548099160194397 Acc: 0.75
Train Iteration #37300:: 1.1761693954467773 Acc: 0.5
Train Iteration #37350:: 0.40494370460510254 Acc: 0.875
Train Iteration #37400:: 0.35893651843070984 Acc: 0.8125
Train Iteration #37450:: 0.771783709526062 Acc: 0.6875
Train Iteration #37500:: 0.3372310400009155 Acc: 0.8125
Train Iteration #37550:: 0.23822133243083954 Acc: 1.0
Train Iteration #37600:: 0.650253415107727 Acc: 0.6875
Train Iteration #37650:: 0.45364609360694885 Acc: 0.9375
Train Iteration #37700:: 0.30619293451309204 Acc: 0.8125
Train Iteration #37750:: 0.3412575125694275 Acc: 1.0
Train Iteration #37800:: 1.0908352136611938 Acc: 0.625
Training:: Loss: 0.6060 Acc: 0.7923
Validation Iteration #9350:: 0.32048141956329346 Acc: 0.875
Validation Iteration #9400:: 0.4250217080116272 Acc: 0.8125
Validation Iteration #9450:: 0.4488253593444824 Acc: 0.875
Validation:: Loss: 0.4273 Acc: 0.8404
Epoch 59/99
----------
Train Iteration #37850:: 0.7165647149085999 Acc: 0.875
Train Iteration #37900:: 0.4125148057937622 Acc: 0.75
Train Iteration #37950:: 0.718024492263794 Acc: 0.8125
Train Iteration #38000:: 0.5414224863052368 Acc: 0.75
Train Iteration #38050:: 0.8166936039924622 Acc: 0.6875
Train Iteration #38100:: 0.37352466583251953 Acc: 0.9375
Train Iteration #38150:: 0.6247568130493164 Acc: 0.75
Train Iteration #38200:: 0.6305969953536987 Acc: 0.8125
Train Iteration #38250:: 0.828865110874176 Acc: 0.75
Train Iteration #38300:: 0.4578832685947418 Acc: 0.8125
Train Iteration #38350:: 0.5812513828277588 Acc: 0.75
Train Iteration #38400:: 0.18815279006958008 Acc: 0.9375
Train Iteration #38450:: 0.34383103251457214 Acc: 0.8125
Training:: Loss: 0.6058 Acc: 0.7883
Validation Iteration #9500:: 0.25970447063446045 Acc: 1.0
Validation Iteration #9550:: 0.5125279426574707 Acc: 0.8125
Validation Iteration #9600:: 0.5525670051574707 Acc: 0.875
Validation Iteration #9650:: 0.668219268321991 Acc: 0.8125
Validation:: Loss: 0.4188 Acc: 0.8432
Epoch 60/99
----------
Train Iteration #38500:: 0.8936101198196411 Acc: 0.5625
Train Iteration #38550:: 0.7652894854545593 Acc: 0.75
Train Iteration #38600:: 0.7597616910934448 Acc: 0.75
Train Iteration #38650:: 0.5025554299354553 Acc: 0.6875
Train Iteration #38700:: 0.5580655336380005 Acc: 0.8125
Train Iteration #38750:: 0.863589346408844 Acc: 0.8125
Train Iteration #38800:: 0.38009220361709595 Acc: 0.8125
Train Iteration #38850:: 0.370274156332016 Acc: 0.9375
Train Iteration #38900:: 1.202568531036377 Acc: 0.5
Train Iteration #38950:: 0.6276366710662842 Acc: 0.6875
Train Iteration #39000:: 0.6365180611610413 Acc: 0.625
Train Iteration #39050:: 0.7051212787628174 Acc: 0.6875
Train Iteration #39100:: 0.7581684589385986 Acc: 0.75
Training:: Loss: 0.5910 Acc: 0.7956
Validation Iteration #9700:: 0.31767141819000244 Acc: 0.9375
Validation Iteration #9750:: 0.6148736476898193 Acc: 0.75
Validation Iteration #9800:: 0.38773542642593384 Acc: 0.875
Validation:: Loss: 0.4366 Acc: 0.8256
Epoch 61/99
----------
Train Iteration #39150:: 0.5636762380599976 Acc: 0.875
Train Iteration #39200:: 0.3646109700202942 Acc: 0.8125
Train Iteration #39250:: 0.32834768295288086 Acc: 0.875
Train Iteration #39300:: 0.7706592082977295 Acc: 0.625
Train Iteration #39350:: 0.27454787492752075 Acc: 0.9375
Train Iteration #39400:: 0.5597807168960571 Acc: 0.8125
Train Iteration #39450:: 0.6709362864494324 Acc: 0.8125
Train Iteration #39500:: 0.8811391592025757 Acc: 0.5625
Train Iteration #39550:: 0.8405942916870117 Acc: 0.8125
Train Iteration #39600:: 0.3174338936805725 Acc: 0.875
Train Iteration #39650:: 0.6448705196380615 Acc: 0.9375
Train Iteration #39700:: 1.0451314449310303 Acc: 0.875
Training:: Loss: 0.5956 Acc: 0.7973
Validation Iteration #9850:: 0.6598391532897949 Acc: 0.75
Validation Iteration #9900:: 0.31577637791633606 Acc: 0.875
Validation Iteration #9950:: 0.4543684422969818 Acc: 0.6875
Validation:: Loss: 0.5526 Acc: 0.7565
Epoch 62/99
----------
Train Iteration #39750:: 0.37170565128326416 Acc: 0.9375
Train Iteration #39800:: 0.3576871156692505 Acc: 0.8125
Train Iteration #39850:: 0.6575808525085449 Acc: 0.875
Train Iteration #39900:: 0.50185227394104 Acc: 0.6875
Train Iteration #39950:: 0.4184836149215698 Acc: 0.75
Train Iteration #40000:: 0.336754709482193 Acc: 0.8125
Train Iteration #40050:: 0.5607993602752686 Acc: 0.8125
Train Iteration #40100:: 0.3912816345691681 Acc: 0.8125
Train Iteration #40150:: 0.4075440764427185 Acc: 0.8125
Train Iteration #40200:: 0.6142771244049072 Acc: 0.875
Train Iteration #40250:: 0.6822960376739502 Acc: 0.8125
Train Iteration #40300:: 0.41373369097709656 Acc: 0.8125
Train Iteration #40350:: 0.7605791091918945 Acc: 0.625
Training:: Loss: 0.6082 Acc: 0.7879
Validation Iteration #10000:: 0.6082608699798584 Acc: 0.6875
Validation Iteration #10050:: 0.5481493473052979 Acc: 0.75
Validation Iteration #10100:: 0.5733064413070679 Acc: 0.75
Validation:: Loss: 0.5097 Acc: 0.7780
Epoch 63/99
----------
Train Iteration #40400:: 0.5821031332015991 Acc: 0.75
Train Iteration #40450:: 1.0640028715133667 Acc: 0.75
Train Iteration #40500:: 0.5123559236526489 Acc: 0.8125
Train Iteration #40550:: 0.5448775887489319 Acc: 0.9375
Train Iteration #40600:: 0.9335257411003113 Acc: 0.4375
Train Iteration #40650:: 0.22165146470069885 Acc: 0.9375
Train Iteration #40700:: 0.45913267135620117 Acc: 0.8125
Train Iteration #40750:: 0.3844667077064514 Acc: 0.9375
Train Iteration #40800:: 0.5225383043289185 Acc: 0.75
Train Iteration #40850:: 0.3726719617843628 Acc: 0.875
Train Iteration #40900:: 0.380809485912323 Acc: 0.9375
Train Iteration #40950:: 0.7838149666786194 Acc: 0.8125
Train Iteration #41000:: 0.8164587616920471 Acc: 0.8125
Training:: Loss: 0.5981 Acc: 0.7943
Validation Iteration #10150:: 0.6555273532867432 Acc: 0.6875
Validation Iteration #10200:: 0.17444181442260742 Acc: 1.0
Validation Iteration #10250:: 0.3899351954460144 Acc: 0.8125
Validation Iteration #10300:: 0.10392258316278458 Acc: 1.0
Validation:: Loss: 0.4516 Acc: 0.8170
Epoch 64/99
----------
Train Iteration #41050:: 1.079554796218872 Acc: 0.625
Train Iteration #41100:: 0.37401682138442993 Acc: 0.875
Train Iteration #41150:: 0.6845254302024841 Acc: 0.625
Train Iteration #41200:: 0.36572518944740295 Acc: 0.8125
Train Iteration #41250:: 0.4007123112678528 Acc: 0.8125
Train Iteration #41300:: 0.3769245743751526 Acc: 0.75
Train Iteration #41350:: 0.48426884412765503 Acc: 0.875
Train Iteration #41400:: 0.7211632132530212 Acc: 0.6875
Train Iteration #41450:: 0.6227303743362427 Acc: 0.75
Train Iteration #41500:: 0.3594929873943329 Acc: 0.9375
Train Iteration #41550:: 0.8725937604904175 Acc: 0.6875
Train Iteration #41600:: 0.5165820121765137 Acc: 0.6875
Train Iteration #41650:: 0.8408344984054565 Acc: 0.8125
Training:: Loss: 0.6017 Acc: 0.7899
Validation Iteration #10350:: 0.25434160232543945 Acc: 0.875
Validation Iteration #10400:: 0.9943718910217285 Acc: 0.75
Validation Iteration #10450:: 0.3804001808166504 Acc: 0.875
Validation:: Loss: 0.3846 Acc: 0.8740
Epoch 65/99
----------
Train Iteration #41700:: 0.8744582533836365 Acc: 0.6875
Train Iteration #41750:: 0.32900312542915344 Acc: 0.875
Train Iteration #41800:: 0.2885725498199463 Acc: 0.9375
Train Iteration #41850:: 1.0948708057403564 Acc: 0.75
Train Iteration #41900:: 0.491854190826416 Acc: 0.6875
Train Iteration #41950:: 0.24674537777900696 Acc: 0.9375
Train Iteration #42000:: 0.5583266615867615 Acc: 0.8125
Train Iteration #42050:: 1.0834805965423584 Acc: 0.5
Train Iteration #42100:: 0.20806674659252167 Acc: 0.9375
Train Iteration #42150:: 0.6045907735824585 Acc: 0.75
Train Iteration #42200:: 0.30461859703063965 Acc: 1.0
Train Iteration #42250:: 0.6744331121444702 Acc: 0.75
Train Iteration #42300:: 0.4464073181152344 Acc: 0.875
Training:: Loss: 0.5957 Acc: 0.7974
Validation Iteration #10500:: 0.5072889924049377 Acc: 0.8125
Validation Iteration #10550:: 0.6048384308815002 Acc: 0.625
Validation Iteration #10600:: 0.27862101793289185 Acc: 0.9375
Validation:: Loss: 0.5568 Acc: 0.7565
Epoch 66/99
----------
Train Iteration #42350:: 0.5807993412017822 Acc: 0.625
Train Iteration #42400:: 0.6917885541915894 Acc: 0.6875
Train Iteration #42450:: 0.7855362892150879 Acc: 0.75
Train Iteration #42500:: 0.6357182860374451 Acc: 0.625
Train Iteration #42550:: 0.5265267491340637 Acc: 0.8125
Train Iteration #42600:: 0.5151406526565552 Acc: 0.75
Train Iteration #42650:: 0.4780674874782562 Acc: 0.8125
Train Iteration #42700:: 0.7236102223396301 Acc: 0.75
Train Iteration #42750:: 0.8346363306045532 Acc: 0.75
Train Iteration #42800:: 0.2863440215587616 Acc: 0.9375
Train Iteration #42850:: 0.29590746760368347 Acc: 0.875
Train Iteration #42900:: 0.2887391149997711 Acc: 1.0
Training:: Loss: 0.5955 Acc: 0.7933
Validation Iteration #10650:: 0.6004571914672852 Acc: 0.875
Validation Iteration #10700:: 0.18623366951942444 Acc: 1.0
Validation Iteration #10750:: 0.36446431279182434 Acc: 0.9375
Validation:: Loss: 0.3788 Acc: 0.8900
Epoch 67/99
----------
Train Iteration #42950:: 1.208689570426941 Acc: 0.75
Train Iteration #43000:: 0.46999451518058777 Acc: 0.875
Train Iteration #43050:: 2.893551826477051 Acc: 0.375
Train Iteration #43100:: 0.5317514538764954 Acc: 0.9375
Train Iteration #43150:: 0.8713559508323669 Acc: 0.6875
Train Iteration #43200:: 0.3496941328048706 Acc: 0.875
Train Iteration #43250:: 0.7989010810852051 Acc: 0.75
Train Iteration #43300:: 0.7845523357391357 Acc: 0.8125
Train Iteration #43350:: 0.3453068733215332 Acc: 0.8125
Train Iteration #43400:: 0.8230595588684082 Acc: 0.75
Train Iteration #43450:: 0.6150169372558594 Acc: 0.8125
Train Iteration #43500:: 0.4409959018230438 Acc: 0.875
Train Iteration #43550:: 0.4562816023826599 Acc: 0.8125
Training:: Loss: 0.5763 Acc: 0.8015
Validation Iteration #10800:: 0.16633154451847076 Acc: 1.0
Validation Iteration #10850:: 0.5441215634346008 Acc: 0.875
Validation Iteration #10900:: 0.3316572606563568 Acc: 0.9375
Validation:: Loss: 0.4035 Acc: 0.8537
Epoch 68/99
----------
Train Iteration #43600:: 0.7895849943161011 Acc: 0.625
Train Iteration #43650:: 0.8702634572982788 Acc: 0.5
Train Iteration #43700:: 0.6237392425537109 Acc: 0.9375
Train Iteration #43750:: 0.5230217576026917 Acc: 0.75
Train Iteration #43800:: 0.29529133439064026 Acc: 0.9375
Train Iteration #43850:: 1.1462286710739136 Acc: 0.5
Train Iteration #43900:: 0.5201795101165771 Acc: 0.875
Train Iteration #43950:: 0.6246441602706909 Acc: 0.9375
Train Iteration #44000:: 0.6026670932769775 Acc: 0.6875
Train Iteration #44050:: 0.8604404926300049 Acc: 0.625
Train Iteration #44100:: 0.3099314570426941 Acc: 1.0
Train Iteration #44150:: 0.48070260882377625 Acc: 0.9375
Train Iteration #44200:: 0.4182843267917633 Acc: 0.875
Training:: Loss: 0.5776 Acc: 0.8017
Validation Iteration #10950:: 0.4480878710746765 Acc: 0.8125
Validation Iteration #11000:: 0.6140215992927551 Acc: 0.75
Validation Iteration #11050:: 0.4019877314567566 Acc: 0.8125
Validation Iteration #11100:: 0.5469683408737183 Acc: 0.8125
Validation:: Loss: 0.4563 Acc: 0.8151
Epoch 69/99
----------
Train Iteration #44250:: 0.6999369859695435 Acc: 0.75
Train Iteration #44300:: 0.3742053210735321 Acc: 0.9375
Train Iteration #44350:: 0.7524552941322327 Acc: 0.5625
Train Iteration #44400:: 0.5578655004501343 Acc: 0.75
Train Iteration #44450:: 1.005347728729248 Acc: 0.625
Train Iteration #44500:: 0.5124592781066895 Acc: 0.8125
Train Iteration #44550:: 0.8986055850982666 Acc: 0.5625
Train Iteration #44600:: 0.7161880135536194 Acc: 0.875
Train Iteration #44650:: 0.4124510586261749 Acc: 0.875
Train Iteration #44700:: 0.5440311431884766 Acc: 0.8125
Train Iteration #44750:: 0.8239009380340576 Acc: 0.875
Train Iteration #44800:: 0.7009576559066772 Acc: 0.75
Train Iteration #44850:: 0.9464805126190186 Acc: 0.75
Training:: Loss: 0.5891 Acc: 0.7984
Validation Iteration #11150:: 0.5243353247642517 Acc: 0.875
Validation Iteration #11200:: 0.39356523752212524 Acc: 0.9375
Validation Iteration #11250:: 0.4306057095527649 Acc: 0.875
Validation:: Loss: 0.3767 Acc: 0.8857
Epoch 70/99
----------
Train Iteration #44900:: 0.5297788381576538 Acc: 0.6875
Train Iteration #44950:: 0.8193168640136719 Acc: 0.875
Train Iteration #45000:: 1.0984680652618408 Acc: 0.625
Train Iteration #45050:: 0.8563852310180664 Acc: 0.625
Train Iteration #45100:: 0.4187206029891968 Acc: 0.8125
Train Iteration #45150:: 0.38392069935798645 Acc: 0.875
Train Iteration #45200:: 0.8782000541687012 Acc: 0.8125
Train Iteration #45250:: 0.7453727126121521 Acc: 0.6875
Train Iteration #45300:: 0.5937366485595703 Acc: 0.8125
Train Iteration #45350:: 0.5791983008384705 Acc: 0.6875
Train Iteration #45400:: 0.5711685419082642 Acc: 0.8125
Train Iteration #45450:: 0.46767768263816833 Acc: 0.875
Train Iteration #45500:: 0.44789761304855347 Acc: 0.8125
Training:: Loss: 0.5872 Acc: 0.7966
Validation Iteration #11300:: 0.23154418170452118 Acc: 0.9375
Validation Iteration #11350:: 0.15714570879936218 Acc: 1.0
Validation Iteration #11400:: 0.4132959842681885 Acc: 0.75
Validation:: Loss: 0.3859 Acc: 0.8771
Epoch 71/99
----------
Train Iteration #45550:: 0.3658898174762726 Acc: 0.875
Train Iteration #45600:: 0.6733620166778564 Acc: 0.875
Train Iteration #45650:: 0.6669723987579346 Acc: 0.875
Train Iteration #45700:: 0.30368947982788086 Acc: 0.9375
Train Iteration #45750:: 0.6897805333137512 Acc: 0.625
Train Iteration #45800:: 0.3835756778717041 Acc: 0.8125
Train Iteration #45850:: 0.6026216745376587 Acc: 0.75
Train Iteration #45900:: 0.7055492401123047 Acc: 0.875
Train Iteration #45950:: 1.0244492292404175 Acc: 0.6875
Train Iteration #46000:: 0.4180481731891632 Acc: 0.875
Train Iteration #46050:: 1.084558129310608 Acc: 0.5625
Train Iteration #46100:: 0.7734270095825195 Acc: 0.75
Train Iteration #46150:: 0.7731196284294128 Acc: 0.6875
Training:: Loss: 0.5870 Acc: 0.8000
Validation Iteration #11450:: 0.35553258657455444 Acc: 0.875
Validation Iteration #11500:: 0.5609955787658691 Acc: 0.8125
Validation Iteration #11550:: 0.283272922039032 Acc: 0.8125
Validation:: Loss: 0.4728 Acc: 0.8014
Epoch 72/99
----------
Train Iteration #46200:: 1.2590938806533813 Acc: 0.625
Train Iteration #46250:: 0.44154122471809387 Acc: 0.8125
Train Iteration #46300:: 0.8938857316970825 Acc: 0.875
Train Iteration #46350:: 0.4344560205936432 Acc: 0.8125
Train Iteration #46400:: 0.7316961288452148 Acc: 0.625
Train Iteration #46450:: 0.21413421630859375 Acc: 0.9375
Train Iteration #46500:: 0.5710620880126953 Acc: 0.8125
Train Iteration #46550:: 0.5552898645401001 Acc: 0.9375
Train Iteration #46600:: 0.46799367666244507 Acc: 0.875
Train Iteration #46650:: 0.45642170310020447 Acc: 0.75
Train Iteration #46700:: 0.3829275369644165 Acc: 0.9375
Train Iteration #46750:: 0.4741070866584778 Acc: 0.8125
Training:: Loss: 0.5836 Acc: 0.7982
Validation Iteration #11600:: 0.5488019585609436 Acc: 0.875
Validation Iteration #11650:: 0.33446159958839417 Acc: 0.9375
Validation Iteration #11700:: 0.6145220994949341 Acc: 0.75
Validation Iteration #11750:: 0.40540173649787903 Acc: 0.75
Validation:: Loss: 0.5862 Acc: 0.7394
Epoch 73/99
----------
Train Iteration #46800:: 0.7838848829269409 Acc: 0.6875
Train Iteration #46850:: 0.654329240322113 Acc: 0.875
Train Iteration #46900:: 0.8478396534919739 Acc: 0.6875
Train Iteration #46950:: 0.21557359397411346 Acc: 0.875
Train Iteration #47000:: 0.3529801666736603 Acc: 0.9375
Train Iteration #47050:: 0.774238109588623 Acc: 0.875
Train Iteration #47100:: 0.408642053604126 Acc: 0.8125
Train Iteration #47150:: 1.0689771175384521 Acc: 0.625
Train Iteration #47200:: 0.5094355344772339 Acc: 0.9375
Train Iteration #47250:: 0.5443923473358154 Acc: 0.9375
Train Iteration #47300:: 0.3857223391532898 Acc: 0.9375
Train Iteration #47350:: 0.8233929872512817 Acc: 0.6875
Train Iteration #47400:: 0.45669102668762207 Acc: 0.75
Training:: Loss: 0.5821 Acc: 0.7975
Validation Iteration #11800:: 0.4487275779247284 Acc: 0.8125
Validation Iteration #11850:: 0.879511833190918 Acc: 0.5
Validation Iteration #11900:: 0.6282458901405334 Acc: 0.6875
Validation:: Loss: 0.5635 Acc: 0.7519
Epoch 74/99
----------
Train Iteration #47450:: 0.7723309993743896 Acc: 0.625
Train Iteration #47500:: 0.48077672719955444 Acc: 0.9375
Train Iteration #47550:: 0.8695225715637207 Acc: 0.75
Train Iteration #47600:: 0.5563753247261047 Acc: 0.75
Train Iteration #47650:: 0.9149611592292786 Acc: 0.625
Train Iteration #47700:: 0.7476122379302979 Acc: 0.8125
Train Iteration #47750:: 0.9175382852554321 Acc: 0.625
Train Iteration #47800:: 0.7907646894454956 Acc: 0.6875
Train Iteration #47850:: 1.4405810832977295 Acc: 0.5
Train Iteration #47900:: 0.5500083565711975 Acc: 0.75
Train Iteration #47950:: 0.2553991973400116 Acc: 0.9375
Train Iteration #48000:: 0.3186294436454773 Acc: 0.9375
Train Iteration #48050:: 0.32994118332862854 Acc: 0.75
Training:: Loss: 0.5958 Acc: 0.7915
Validation Iteration #11950:: 0.4180683493614197 Acc: 0.75
Validation Iteration #12000:: 0.45978981256484985 Acc: 0.8125
Validation Iteration #12050:: 0.49694138765335083 Acc: 0.8125
Validation:: Loss: 0.4861 Acc: 0.7928
Epoch 75/99
----------
Train Iteration #48100:: 1.4980390071868896 Acc: 0.5625
Train Iteration #48150:: 0.21717703342437744 Acc: 0.875
Train Iteration #48200:: 0.5907152891159058 Acc: 0.8125
Train Iteration #48250:: 0.34145426750183105 Acc: 0.875
Train Iteration #48300:: 0.23246605694293976 Acc: 0.875
Train Iteration #48350:: 0.5957306623458862 Acc: 0.75
Train Iteration #48400:: 0.22050951421260834 Acc: 1.0
Train Iteration #48450:: 0.6846511363983154 Acc: 0.8125
Train Iteration #48500:: 0.5761498212814331 Acc: 0.75
Train Iteration #48550:: 0.31690019369125366 Acc: 0.9375
Train Iteration #48600:: 0.6464223265647888 Acc: 0.75
Train Iteration #48650:: 0.32901731133461 Acc: 0.875
Train Iteration #48700:: 0.3656976521015167 Acc: 0.875
Training:: Loss: 0.5765 Acc: 0.7999
Validation Iteration #12100:: 0.6320248246192932 Acc: 0.6875
Validation Iteration #12150:: 0.43514925241470337 Acc: 0.75
Validation Iteration #12200:: 0.7278098464012146 Acc: 0.625
Validation:: Loss: 0.5704 Acc: 0.7515
Epoch 76/99
----------
Train Iteration #48750:: 0.7742409706115723 Acc: 0.8125
Train Iteration #48800:: 0.399100124835968 Acc: 0.75
Train Iteration #48850:: 0.6556210517883301 Acc: 0.75
Train Iteration #48900:: 1.2578396797180176 Acc: 0.4375
Train Iteration #48950:: 0.4342828691005707 Acc: 0.9375
Train Iteration #49000:: 0.5580099821090698 Acc: 0.875
Train Iteration #49050:: 1.0660479068756104 Acc: 0.375
Train Iteration #49100:: 0.48723018169403076 Acc: 0.875
Train Iteration #49150:: 0.26152923703193665 Acc: 0.875
Train Iteration #49200:: 0.7137329578399658 Acc: 0.6875
Train Iteration #49250:: 0.6166577935218811 Acc: 0.8125
Train Iteration #49300:: 0.44097328186035156 Acc: 0.8125
Train Iteration #49350:: 0.24702200293540955 Acc: 0.9375
Training:: Loss: 0.5874 Acc: 0.7969
Validation Iteration #12250:: 0.4564468562602997 Acc: 0.8125
Validation Iteration #12300:: 0.5794605016708374 Acc: 0.75
Validation Iteration #12350:: 0.1574483960866928 Acc: 1.0
Validation:: Loss: 0.3884 Acc: 0.8623
Epoch 77/99
----------
Train Iteration #49400:: 0.5527418851852417 Acc: 0.75
Train Iteration #49450:: 0.5791232585906982 Acc: 0.75
Train Iteration #49500:: 0.32046106457710266 Acc: 0.9375
Train Iteration #49550:: 0.43715980648994446 Acc: 0.9375
Train Iteration #49600:: 0.4127413034439087 Acc: 0.9375
Train Iteration #49650:: 0.6978554725646973 Acc: 0.875
Train Iteration #49700:: 0.8730354905128479 Acc: 0.625
Train Iteration #49750:: 0.7940259575843811 Acc: 0.625
Train Iteration #49800:: 0.4192366600036621 Acc: 0.875
Train Iteration #49850:: 0.7913120985031128 Acc: 0.875
Train Iteration #49900:: 0.807957649230957 Acc: 0.5
Train Iteration #49950:: 0.24315784871578217 Acc: 1.0
Training:: Loss: 0.5919 Acc: 0.7956
Validation Iteration #12400:: 0.2676897644996643 Acc: 0.875
Validation Iteration #12450:: 0.2966683506965637 Acc: 0.875
Validation Iteration #12500:: 0.6971375942230225 Acc: 0.8125
Validation Iteration #12550:: 0.47587132453918457 Acc: 0.875
Validation:: Loss: 0.4644 Acc: 0.8088
Epoch 78/99
----------
Train Iteration #50000:: 0.4284880459308624 Acc: 0.875
Train Iteration #50050:: 0.37876594066619873 Acc: 0.75
Train Iteration #50100:: 0.5529496669769287 Acc: 0.875
Train Iteration #50150:: 0.35841256380081177 Acc: 0.9375
Train Iteration #50200:: 0.7278931140899658 Acc: 0.75
Train Iteration #50250:: 0.43678781390190125 Acc: 0.75
Train Iteration #50300:: 0.9978419542312622 Acc: 0.75
Train Iteration #50350:: 0.35221967101097107 Acc: 0.9375
Train Iteration #50400:: 0.39560869336128235 Acc: 0.9375
Train Iteration #50450:: 0.38765162229537964 Acc: 0.8125
Train Iteration #50500:: 0.5234976410865784 Acc: 0.875
Train Iteration #50550:: 0.9981396198272705 Acc: 0.5
Train Iteration #50600:: 1.5747160911560059 Acc: 0.75
Training:: Loss: 0.5853 Acc: 0.7996
Validation Iteration #12600:: 0.519136905670166 Acc: 0.8125
Validation Iteration #12650:: 0.2096967101097107 Acc: 1.0
Validation Iteration #12700:: 0.5014877319335938 Acc: 0.875
Validation:: Loss: 0.3740 Acc: 0.8802
Epoch 79/99
----------
Train Iteration #50650:: 0.780756950378418 Acc: 0.625
Train Iteration #50700:: 0.6892703771591187 Acc: 0.6875
Train Iteration #50750:: 0.4518504738807678 Acc: 0.9375
Train Iteration #50800:: 0.40721243619918823 Acc: 0.8125
Train Iteration #50850:: 0.3239971995353699 Acc: 0.9375
Train Iteration #50900:: 0.5203962326049805 Acc: 0.75
Train Iteration #50950:: 0.8008449077606201 Acc: 0.5625
Train Iteration #51000:: 0.23737947642803192 Acc: 1.0
Train Iteration #51050:: 0.43423348665237427 Acc: 0.8125
Train Iteration #51100:: 0.3050520718097687 Acc: 0.9375
Train Iteration #51150:: 0.9552600383758545 Acc: 0.875
Train Iteration #51200:: 0.40516480803489685 Acc: 0.8125
Train Iteration #51250:: 0.2828250527381897 Acc: 0.9375
Training:: Loss: 0.5793 Acc: 0.8007
Validation Iteration #12750:: 0.7055177688598633 Acc: 0.5625
Validation Iteration #12800:: 0.44025611877441406 Acc: 0.8125
Validation Iteration #12850:: 0.26531291007995605 Acc: 0.8125
Validation:: Loss: 0.5426 Acc: 0.7636
Epoch 80/99
----------
Train Iteration #51300:: 0.5456099510192871 Acc: 0.9375
Train Iteration #51350:: 0.687694787979126 Acc: 0.8125
Train Iteration #51400:: 0.2797315716743469 Acc: 0.9375
Train Iteration #51450:: 0.7310391664505005 Acc: 0.8125
Train Iteration #51500:: 0.7844511270523071 Acc: 0.8125
Train Iteration #51550:: 0.3704211115837097 Acc: 0.75
Train Iteration #51600:: 0.3494529724121094 Acc: 0.875
Train Iteration #51650:: 0.7799330949783325 Acc: 0.6875
Train Iteration #51700:: 0.6377165913581848 Acc: 0.875
Train Iteration #51750:: 0.28321003913879395 Acc: 1.0
Train Iteration #51800:: 0.6108916401863098 Acc: 0.875
Train Iteration #51850:: 0.21577464044094086 Acc: 1.0
Train Iteration #51900:: 0.8063369393348694 Acc: 0.6875
Training:: Loss: 0.5722 Acc: 0.8030
Validation Iteration #12900:: 0.3941710889339447 Acc: 0.8125
Validation Iteration #12950:: 0.6118007898330688 Acc: 0.75
Validation Iteration #13000:: 0.4388177990913391 Acc: 0.8125
Validation:: Loss: 0.4436 Acc: 0.8213
Epoch 81/99
----------
Train Iteration #51950:: 0.7209721803665161 Acc: 0.75
Train Iteration #52000:: 0.7208437919616699 Acc: 0.6875
Train Iteration #52050:: 0.4601038098335266 Acc: 0.9375
Train Iteration #52100:: 0.7055532932281494 Acc: 0.5625
Train Iteration #52150:: 0.6786795854568481 Acc: 0.75
Train Iteration #52200:: 0.6466274261474609 Acc: 0.75
Train Iteration #52250:: 0.8363475203514099 Acc: 0.75
Train Iteration #52300:: 0.6725738048553467 Acc: 0.8125
Train Iteration #52350:: 0.5825424194335938 Acc: 0.6875
Train Iteration #52400:: 0.4903305768966675 Acc: 0.75
Train Iteration #52450:: 0.6824769973754883 Acc: 0.625
Train Iteration #52500:: 0.538752555847168 Acc: 0.8125
Train Iteration #52550:: 0.41316401958465576 Acc: 0.75
Training:: Loss: 0.5861 Acc: 0.8037
Validation Iteration #13050:: 0.4214710593223572 Acc: 0.875
Validation Iteration #13100:: 0.39689651131629944 Acc: 0.8125
Validation Iteration #13150:: 0.7491551637649536 Acc: 0.6875
Validation Iteration #13200:: 0.2177724838256836 Acc: 1.0
Validation:: Loss: 0.3717 Acc: 0.8911
Epoch 82/99
----------
Train Iteration #52600:: 0.7295348644256592 Acc: 0.8125
Train Iteration #52650:: 0.516002893447876 Acc: 0.8125
Train Iteration #52700:: 0.5891135334968567 Acc: 0.8125
Train Iteration #52750:: 0.3766961693763733 Acc: 0.875
Train Iteration #52800:: 0.5371715426445007 Acc: 0.6875
Train Iteration #52850:: 0.4775369465351105 Acc: 0.8125
Train Iteration #52900:: 0.5465545654296875 Acc: 0.875
Train Iteration #52950:: 0.32058295607566833 Acc: 0.9375
Train Iteration #53000:: 0.2894256114959717 Acc: 0.9375
Train Iteration #53050:: 0.6107815504074097 Acc: 0.6875
Train Iteration #53100:: 0.7322659492492676 Acc: 0.8125
Train Iteration #53150:: 0.5544646382331848 Acc: 0.8125
Train Iteration #53200:: 0.6981817483901978 Acc: 0.75
Training:: Loss: 0.5808 Acc: 0.8066
Validation Iteration #13250:: 0.4597352147102356 Acc: 0.75
Validation Iteration #13300:: 0.2616819441318512 Acc: 0.9375
Validation Iteration #13350:: 0.40057867765426636 Acc: 0.75
Validation:: Loss: 0.5042 Acc: 0.7823
Epoch 83/99
----------
Train Iteration #53250:: 0.4438449740409851 Acc: 0.875
Train Iteration #53300:: 0.2611646056175232 Acc: 0.875
Train Iteration #53350:: 1.1258022785186768 Acc: 0.5625
Train Iteration #53400:: 0.3355529010295868 Acc: 0.9375
Train Iteration #53450:: 0.3800716698169708 Acc: 0.8125
Train Iteration #53500:: 0.8510617017745972 Acc: 0.75
Train Iteration #53550:: 0.5191875696182251 Acc: 0.8125
Train Iteration #53600:: 0.5369505882263184 Acc: 0.8125
Train Iteration #53650:: 0.2202342450618744 Acc: 1.0
Train Iteration #53700:: 0.6588554382324219 Acc: 0.8125
Train Iteration #53750:: 0.2858108878135681 Acc: 0.9375
Train Iteration #53800:: 0.6118298172950745 Acc: 0.6875
Training:: Loss: 0.5820 Acc: 0.8032
Validation Iteration #13400:: 0.1447085440158844 Acc: 1.0
Validation Iteration #13450:: 0.3370201587677002 Acc: 0.8125
Validation Iteration #13500:: 0.35711777210235596 Acc: 0.875
Validation:: Loss: 0.4380 Acc: 0.8256
Epoch 84/99
----------
Train Iteration #53850:: 0.4192858338356018 Acc: 0.875
Train Iteration #53900:: 0.629769504070282 Acc: 0.8125
Train Iteration #53950:: 0.3331705927848816 Acc: 0.875
Train Iteration #54000:: 0.9721609950065613 Acc: 0.5625
Train Iteration #54050:: 0.2981056272983551 Acc: 0.9375
Train Iteration #54100:: 0.6665246486663818 Acc: 0.75
Train Iteration #54150:: 0.5357500910758972 Acc: 0.8125
Train Iteration #54200:: 0.6501474380493164 Acc: 0.75
Train Iteration #54250:: 0.5811957716941833 Acc: 0.8125
Train Iteration #54300:: 0.6527384519577026 Acc: 0.875
Train Iteration #54350:: 0.27434203028678894 Acc: 0.9375
Train Iteration #54400:: 0.6159218549728394 Acc: 0.75
Train Iteration #54450:: 0.6046241521835327 Acc: 0.8125
Training:: Loss: 0.5738 Acc: 0.8022
Validation Iteration #13550:: 0.2261524349451065 Acc: 0.875
Validation Iteration #13600:: 0.5492058396339417 Acc: 0.75
Validation Iteration #13650:: 0.3882160186767578 Acc: 0.8125
Validation:: Loss: 0.5270 Acc: 0.7706
Epoch 85/99
----------
Train Iteration #54500:: 0.5334259271621704 Acc: 0.75
Train Iteration #54550:: 0.37737417221069336 Acc: 0.8125
Train Iteration #54600:: 0.37833231687545776 Acc: 0.9375
Train Iteration #54650:: 0.45587605237960815 Acc: 0.875
Train Iteration #54700:: 0.5728756785392761 Acc: 0.6875
Train Iteration #54750:: 0.7943471670150757 Acc: 0.875
Train Iteration #54800:: 0.6350967288017273 Acc: 0.875
Train Iteration #54850:: 1.1544995307922363 Acc: 0.5625
Train Iteration #54900:: 0.25962939858436584 Acc: 0.9375
Train Iteration #54950:: 0.39659127593040466 Acc: 0.875
Train Iteration #55000:: 0.780230700969696 Acc: 0.6875
Train Iteration #55050:: 0.7812880277633667 Acc: 0.6875
Train Iteration #55100:: 0.36832717061042786 Acc: 0.875
Training:: Loss: 0.5766 Acc: 0.8009
Validation Iteration #13700:: 0.47678565979003906 Acc: 0.75
Validation Iteration #13750:: 0.6386871337890625 Acc: 0.6875
Validation Iteration #13800:: 0.37102580070495605 Acc: 0.875
Validation:: Loss: 0.3917 Acc: 0.8549
Epoch 86/99
----------
Train Iteration #55150:: 0.30056869983673096 Acc: 0.8125
Train Iteration #55200:: 0.40480226278305054 Acc: 0.875
Train Iteration #55250:: 0.5221322774887085 Acc: 0.875
Train Iteration #55300:: 0.5272200703620911 Acc: 0.875
Train Iteration #55350:: 0.9209387898445129 Acc: 0.6875
Train Iteration #55400:: 0.9342777132987976 Acc: 0.5
Train Iteration #55450:: 0.8849800825119019 Acc: 0.75
Train Iteration #55500:: 0.9384970664978027 Acc: 0.6875
Train Iteration #55550:: 0.8567167520523071 Acc: 0.6875
Train Iteration #55600:: 0.4158904254436493 Acc: 0.9375
Train Iteration #55650:: 0.4608437418937683 Acc: 0.6875
Train Iteration #55700:: 0.48334449529647827 Acc: 0.8125
Train Iteration #55750:: 0.44052550196647644 Acc: 0.8125
Training:: Loss: 0.5756 Acc: 0.8001
Validation Iteration #13850:: 0.4519112706184387 Acc: 0.75
Validation Iteration #13900:: 0.36142271757125854 Acc: 0.9375
Validation Iteration #13950:: 0.6147763729095459 Acc: 0.875
Validation Iteration #14000:: 0.5110745429992676 Acc: 0.8125
Validation:: Loss: 0.3924 Acc: 0.8588
Epoch 87/99
----------
Train Iteration #55800:: 0.37724220752716064 Acc: 0.75
Train Iteration #55850:: 0.3936289846897125 Acc: 0.8125
Train Iteration #55900:: 0.7979123592376709 Acc: 0.8125
Train Iteration #55950:: 0.12660586833953857 Acc: 1.0
Train Iteration #56000:: 0.9300137758255005 Acc: 0.6875
Train Iteration #56050:: 0.4723096787929535 Acc: 0.8125
Train Iteration #56100:: 0.781658411026001 Acc: 0.75
Train Iteration #56150:: 0.49702736735343933 Acc: 0.6875
Train Iteration #56200:: 0.6963496208190918 Acc: 0.9375
Train Iteration #56250:: 1.1208646297454834 Acc: 0.5
Train Iteration #56300:: 0.5707831978797913 Acc: 0.8125
Train Iteration #56350:: 0.6153164505958557 Acc: 0.75
Train Iteration #56400:: 0.4339325726032257 Acc: 0.75
Training:: Loss: 0.5734 Acc: 0.8030
Validation Iteration #14050:: 0.22193342447280884 Acc: 1.0
Validation Iteration #14100:: 0.6769648194313049 Acc: 0.875
Validation Iteration #14150:: 0.38352715969085693 Acc: 0.9375
Validation:: Loss: 0.3675 Acc: 0.8908
Epoch 88/99
----------
Train Iteration #56450:: 0.8767194747924805 Acc: 0.75
Train Iteration #56500:: 0.35047900676727295 Acc: 0.9375
Train Iteration #56550:: 0.530916154384613 Acc: 0.9375
Train Iteration #56600:: 0.6273749470710754 Acc: 0.8125
Train Iteration #56650:: 0.960517168045044 Acc: 0.625
Train Iteration #56700:: 0.37869513034820557 Acc: 0.875
Train Iteration #56750:: 0.7107239365577698 Acc: 0.625
Train Iteration #56800:: 0.32186436653137207 Acc: 1.0
Train Iteration #56850:: 0.6623467206954956 Acc: 0.75
Train Iteration #56900:: 0.3952401876449585 Acc: 0.9375
Train Iteration #56950:: 0.9349720478057861 Acc: 0.5
Train Iteration #57000:: 0.8534606099128723 Acc: 0.625
Training:: Loss: 0.5767 Acc: 0.8041
Validation Iteration #14200:: 0.7920917272567749 Acc: 0.5
Validation Iteration #14250:: 0.9652295708656311 Acc: 0.625
Validation Iteration #14300:: 0.7201421856880188 Acc: 0.5625
Validation:: Loss: 0.7387 Acc: 0.6754
Epoch 89/99
----------
Train Iteration #57050:: 1.0667920112609863 Acc: 0.5625
Train Iteration #57100:: 0.9442553520202637 Acc: 0.75
Train Iteration #57150:: 0.3434022068977356 Acc: 0.875
Train Iteration #57200:: 0.6803983449935913 Acc: 0.8125
Train Iteration #57250:: 0.8789576292037964 Acc: 0.75
Train Iteration #57300:: 0.593970775604248 Acc: 0.9375
Train Iteration #57350:: 1.0220563411712646 Acc: 0.6875
Train Iteration #57400:: 0.4297473132610321 Acc: 0.6875
Train Iteration #57450:: 0.4011310636997223 Acc: 0.9375
Train Iteration #57500:: 0.2838905155658722 Acc: 0.9375
Train Iteration #57550:: 0.7475500106811523 Acc: 0.875
Train Iteration #57600:: 0.4364684820175171 Acc: 0.9375
Train Iteration #57650:: 0.46504101157188416 Acc: 0.8125
Training:: Loss: 0.5676 Acc: 0.8071
Validation Iteration #14350:: 0.3885537087917328 Acc: 0.8125
Validation Iteration #14400:: 0.5103830099105835 Acc: 0.875
Validation Iteration #14450:: 0.3171696364879608 Acc: 0.875
Validation:: Loss: 0.4591 Acc: 0.8076
Epoch 90/99
----------
Train Iteration #57700:: 0.6438734531402588 Acc: 0.875
Train Iteration #57750:: 0.5094307661056519 Acc: 0.8125
Train Iteration #57800:: 0.38326600193977356 Acc: 0.875
Train Iteration #57850:: 0.6929342746734619 Acc: 0.6875
Train Iteration #57900:: 0.7662262320518494 Acc: 0.75
Train Iteration #57950:: 0.3435818552970886 Acc: 0.9375
Train Iteration #58000:: 0.3469446301460266 Acc: 0.875
Train Iteration #58050:: 0.3806484341621399 Acc: 0.8125
Train Iteration #58100:: 0.3080528676509857 Acc: 0.9375
Train Iteration #58150:: 0.26671311259269714 Acc: 0.875
Train Iteration #58200:: 0.6828238368034363 Acc: 0.8125
Train Iteration #58250:: 0.6215009093284607 Acc: 0.6875
Train Iteration #58300:: 0.6188042759895325 Acc: 0.8125
Training:: Loss: 0.5717 Acc: 0.8020
Validation Iteration #14500:: 0.6712196469306946 Acc: 0.75
Validation Iteration #14550:: 0.33568549156188965 Acc: 0.8125
Validation Iteration #14600:: 0.6189090609550476 Acc: 0.6875
Validation Iteration #14650:: 0.48183080554008484 Acc: 0.6666666666666666
Validation:: Loss: 0.5109 Acc: 0.7764
Epoch 91/99
----------
Train Iteration #58350:: 0.37065771222114563 Acc: 0.9375
Train Iteration #58400:: 0.5279515981674194 Acc: 0.9375
Train Iteration #58450:: 0.6418468952178955 Acc: 0.6875
Train Iteration #58500:: 0.3949228525161743 Acc: 0.875
Train Iteration #58550:: 0.3165214955806732 Acc: 0.75
Train Iteration #58600:: 0.38271576166152954 Acc: 0.875
Train Iteration #58650:: 0.6065670847892761 Acc: 0.75
Train Iteration #58700:: 1.0303258895874023 Acc: 0.625
Train Iteration #58750:: 0.7128503322601318 Acc: 0.5625
Train Iteration #58800:: 0.8446382284164429 Acc: 0.8125
Train Iteration #58850:: 0.7267749309539795 Acc: 0.6875
Train Iteration #58900:: 0.8428027629852295 Acc: 0.875
Train Iteration #58950:: 0.5285892486572266 Acc: 0.75
Training:: Loss: 0.5742 Acc: 0.8022
Validation Iteration #14700:: 0.3647643029689789 Acc: 0.875
Validation Iteration #14750:: 0.16861090064048767 Acc: 0.9375
Validation Iteration #14800:: 0.23112335801124573 Acc: 0.9375
Validation:: Loss: 0.3714 Acc: 0.8794
Epoch 92/99
----------
Train Iteration #59000:: 0.8890057802200317 Acc: 0.6875
Train Iteration #59050:: 0.7468342185020447 Acc: 0.8125
Train Iteration #59100:: 0.6643234491348267 Acc: 0.6875
Train Iteration #59150:: 0.4956265389919281 Acc: 0.75
Train Iteration #59200:: 0.335941344499588 Acc: 0.875
Train Iteration #59250:: 0.3187297582626343 Acc: 0.8125
Train Iteration #59300:: 0.5166741013526917 Acc: 0.875
Train Iteration #59350:: 0.89243483543396 Acc: 0.6875
Train Iteration #59400:: 0.5786617994308472 Acc: 0.9375
Train Iteration #59450:: 0.8077113628387451 Acc: 0.75
Train Iteration #59500:: 0.621902346611023 Acc: 0.875
Train Iteration #59550:: 0.7424669861793518 Acc: 0.75
Train Iteration #59600:: 0.2278483808040619 Acc: 0.9375
Training:: Loss: 0.5755 Acc: 0.8003
Validation Iteration #14850:: 0.20681169629096985 Acc: 0.875
Validation Iteration #14900:: 0.4797203838825226 Acc: 0.875
Validation Iteration #14950:: 0.41260188817977905 Acc: 0.875
Validation:: Loss: 0.3797 Acc: 0.8677
Epoch 93/99
----------
Train Iteration #59650:: 0.41296082735061646 Acc: 0.8125
Train Iteration #59700:: 0.6309178471565247 Acc: 0.8125
Train Iteration #59750:: 0.24904660880565643 Acc: 0.9375
Train Iteration #59800:: 0.548374593257904 Acc: 0.8125
Train Iteration #59850:: 0.39330166578292847 Acc: 0.875
Train Iteration #59900:: 0.8086318969726562 Acc: 0.8125
Train Iteration #59950:: 0.43500959873199463 Acc: 0.875
Train Iteration #60000:: 0.6734170913696289 Acc: 0.75
Train Iteration #60050:: 0.7836021184921265 Acc: 0.75
Train Iteration #60100:: 0.7714508175849915 Acc: 0.75
Train Iteration #60150:: 0.782974362373352 Acc: 0.875
Train Iteration #60200:: 0.4137919843196869 Acc: 0.8125
Train Iteration #60250:: 0.8335230350494385 Acc: 0.6875
Training:: Loss: 0.5919 Acc: 0.7942
Validation Iteration #15000:: 0.2569809556007385 Acc: 1.0
Validation Iteration #15050:: 0.520145058631897 Acc: 0.9375
Validation Iteration #15100:: 0.20415659248828888 Acc: 1.0
Validation:: Loss: 0.3718 Acc: 0.8849
Epoch 94/99
----------
Train Iteration #60300:: 0.9277498722076416 Acc: 0.6875
Train Iteration #60350:: 0.2856031358242035 Acc: 0.9375
Train Iteration #60400:: 1.0130186080932617 Acc: 0.5625
Train Iteration #60450:: 0.5045003890991211 Acc: 0.75
Train Iteration #60500:: 0.5721246004104614 Acc: 0.8125
Train Iteration #60550:: 0.574695885181427 Acc: 0.6875
Train Iteration #60600:: 0.7029720544815063 Acc: 0.75
Train Iteration #60650:: 0.631708025932312 Acc: 0.8125
Train Iteration #60700:: 1.3401985168457031 Acc: 0.8125
Train Iteration #60750:: 1.0202850103378296 Acc: 0.75
Train Iteration #60800:: 0.39216169714927673 Acc: 0.875
Train Iteration #60850:: 0.40108656883239746 Acc: 0.8125
Training:: Loss: 0.5820 Acc: 0.8020
Validation Iteration #15150:: 0.41476595401763916 Acc: 0.875
Validation Iteration #15200:: 0.5971903800964355 Acc: 0.875
Validation Iteration #15250:: 0.35484153032302856 Acc: 0.875
Validation:: Loss: 0.3785 Acc: 0.8724
Epoch 95/99
----------
Train Iteration #60900:: 0.8326497673988342 Acc: 0.5625
Train Iteration #60950:: 0.6210320591926575 Acc: 0.75
Train Iteration #61000:: 0.5016282200813293 Acc: 0.875
Train Iteration #61050:: 0.8229578733444214 Acc: 0.6875
Train Iteration #61100:: 0.7203978896141052 Acc: 0.8125
Train Iteration #61150:: 0.4831220507621765 Acc: 0.875
Train Iteration #61200:: 0.777529239654541 Acc: 0.6875
Train Iteration #61250:: 0.8849868774414062 Acc: 0.625
Train Iteration #61300:: 0.6558091044425964 Acc: 0.875
Train Iteration #61350:: 0.6322359442710876 Acc: 0.875
Train Iteration #61400:: 0.4944918751716614 Acc: 0.875
Train Iteration #61450:: 0.9052343368530273 Acc: 0.75
Train Iteration #61500:: 0.46380168199539185 Acc: 0.875
Training:: Loss: 0.5876 Acc: 0.7994
Validation Iteration #15300:: 0.28666287660598755 Acc: 0.9375
Validation Iteration #15350:: 0.45047590136528015 Acc: 0.8125
Validation Iteration #15400:: 0.49958568811416626 Acc: 0.75
Validation Iteration #15450:: 0.845846951007843 Acc: 0.8125
Validation:: Loss: 0.4227 Acc: 0.8334
Epoch 96/99
----------
Train Iteration #61550:: 0.27467086911201477 Acc: 0.9375
Train Iteration #61600:: 0.3631720542907715 Acc: 0.875
Train Iteration #61650:: 0.6984539031982422 Acc: 0.6875
Train Iteration #61700:: 0.4842386841773987 Acc: 0.875
Train Iteration #61750:: 0.4350070357322693 Acc: 0.75
Train Iteration #61800:: 0.7893850803375244 Acc: 0.8125
Train Iteration #61850:: 0.6465675234794617 Acc: 0.75
Train Iteration #61900:: 0.776362419128418 Acc: 0.6875
Train Iteration #61950:: 0.2677500545978546 Acc: 1.0
Train Iteration #62000:: 0.40635278820991516 Acc: 0.875
Train Iteration #62050:: 0.4215455949306488 Acc: 0.9375
Train Iteration #62100:: 0.46968400478363037 Acc: 1.0
Train Iteration #62150:: 0.4149250388145447 Acc: 0.9375
Training:: Loss: 0.5809 Acc: 0.8009
Validation Iteration #15500:: 0.7736254930496216 Acc: 0.625
Validation Iteration #15550:: 0.6060723066329956 Acc: 0.8125
Validation Iteration #15600:: 0.6176201105117798 Acc: 0.75
Validation:: Loss: 0.6291 Acc: 0.7218
Epoch 97/99
----------
Train Iteration #62200:: 0.5592004060745239 Acc: 0.8125
Train Iteration #62250:: 0.391334593296051 Acc: 0.8125
Train Iteration #62300:: 0.510283350944519 Acc: 0.8125
Train Iteration #62350:: 0.48266759514808655 Acc: 0.6875
Train Iteration #62400:: 0.3373569846153259 Acc: 0.9375
Train Iteration #62450:: 0.7038280367851257 Acc: 0.6875
Train Iteration #62500:: 0.5029711723327637 Acc: 0.9375
Train Iteration #62550:: 0.5742790699005127 Acc: 0.8125
Train Iteration #62600:: 0.36990007758140564 Acc: 1.0
Train Iteration #62650:: 0.35908323526382446 Acc: 0.8125
Train Iteration #62700:: 0.2101980298757553 Acc: 1.0
Train Iteration #62750:: 0.5077394843101501 Acc: 0.875
Train Iteration #62800:: 0.2930428981781006 Acc: 0.9375
Training:: Loss: 0.5752 Acc: 0.7978
Validation Iteration #15650:: 0.23091883957386017 Acc: 0.875
Validation Iteration #15700:: 0.43196505308151245 Acc: 0.875
Validation Iteration #15750:: 0.34370025992393494 Acc: 0.8125
Validation:: Loss: 0.4316 Acc: 0.8279
Epoch 98/99
----------
Train Iteration #62850:: 0.6298478245735168 Acc: 0.6875
Train Iteration #62900:: 0.7898521423339844 Acc: 0.875
Train Iteration #62950:: 0.8347488641738892 Acc: 0.8125
Train Iteration #63000:: 0.3748113512992859 Acc: 0.875
Train Iteration #63050:: 1.1681950092315674 Acc: 0.6875
Train Iteration #63100:: 0.5886803865432739 Acc: 0.6875
Train Iteration #63150:: 0.8128983974456787 Acc: 0.5625
Train Iteration #63200:: 0.6911807060241699 Acc: 0.6875
Train Iteration #63250:: 0.5380809903144836 Acc: 0.6875
Train Iteration #63300:: 1.2001653909683228 Acc: 0.6875
Train Iteration #63350:: 0.870510995388031 Acc: 0.625
Train Iteration #63400:: 0.2555300295352936 Acc: 0.9375
Train Iteration #63450:: 0.3727205991744995 Acc: 0.875
Training:: Loss: 0.5708 Acc: 0.8032
Validation Iteration #15800:: 0.3547104597091675 Acc: 0.875
Validation Iteration #15850:: 0.302177757024765 Acc: 0.875
Validation Iteration #15900:: 0.4074946939945221 Acc: 0.875
Validation:: Loss: 0.4555 Acc: 0.8088
Epoch 99/99
----------
Train Iteration #63500:: 0.4803181290626526 Acc: 0.8125
Train Iteration #63550:: 0.9081198573112488 Acc: 0.8125
Train Iteration #63600:: 0.7432633638381958 Acc: 0.6875
Train Iteration #63650:: 0.49215149879455566 Acc: 0.875
Train Iteration #63700:: 0.7773228883743286 Acc: 0.6875
Train Iteration #63750:: 0.32788389921188354 Acc: 0.8125
Train Iteration #63800:: 0.6006472110748291 Acc: 0.75
Train Iteration #63850:: 0.3556361496448517 Acc: 0.875
Train Iteration #63900:: 0.8720858693122864 Acc: 0.8125
Train Iteration #63950:: 0.3961176872253418 Acc: 0.875
Train Iteration #64000:: 0.335089772939682 Acc: 0.8125
Train Iteration #64050:: 0.7675384879112244 Acc: 0.625
Training:: Loss: 0.5598 Acc: 0.8072
Validation Iteration #15950:: 0.440776526927948 Acc: 0.75
Validation Iteration #16000:: 0.3503168225288391 Acc: 0.8125
Validation Iteration #16050:: 0.4589757025241852 Acc: 0.875
Validation:: Loss: 0.3877 Acc: 0.8595
Best Validation Acc: 0.891143
End time:11:05:53.157689
Program Complete
Average Train Loss:0.6180655669594504
Average Validation Loss:0.48326003513916294
Average Train Accuracy:0.7812163480296526
Average Validation Accuracy:0.808263753413968
