cuda
Params to learn, when feature extract = True:
	 fc.weight
	 fc.bias
Program started
Epoch 0/9
----------
Train Iteration #0:: 1.0630370378494263 Acc: 0.4166666666666667
Train Iteration #50:: 0.8486942648887634 Acc: 0.625
Train Iteration #100:: 0.8925573229789734 Acc: 0.5
Train Iteration #150:: 0.8567180633544922 Acc: 0.5416666666666666
Train Iteration #200:: 0.9203184843063354 Acc: 0.4583333333333333
Train Iteration #250:: 0.6819932460784912 Acc: 0.75
Train Iteration #300:: 0.6815003156661987 Acc: 0.625
Train Iteration #350:: 0.8901163935661316 Acc: 0.7916666666666666
Train Iteration #400:: 0.8732573986053467 Acc: 0.6666666666666666
Train Iteration #450:: 0.6903525590896606 Acc: 0.9166666666666666
Train Iteration #500:: 0.9035825729370117 Acc: 0.75
Epoch Training:: Loss: 0.8341 Acc: 0.6391
Validation Iteration #0:: 0.744496762752533 Acc: 0.5416666666666666
Validation Iteration #50:: 0.9227444529533386 Acc: 0.5
Epoch Validation:: Loss: 0.8915 Acc: 0.4737
Epoch 1/9
----------
Train Iteration #550:: 0.48916932940483093 Acc: 0.9583333333333334
Train Iteration #600:: 0.6823790073394775 Acc: 0.5833333333333334
Train Iteration #650:: 0.7161881327629089 Acc: 0.75
Train Iteration #700:: 0.7478306293487549 Acc: 0.5
Train Iteration #750:: 0.6110090017318726 Acc: 0.7083333333333334
Train Iteration #800:: 0.8021314144134521 Acc: 0.5833333333333334
Train Iteration #850:: 0.5866495370864868 Acc: 0.6666666666666666
Train Iteration #900:: 0.5630022883415222 Acc: 0.8333333333333334
Train Iteration #950:: 0.6874960660934448 Acc: 0.7916666666666666
Train Iteration #1000:: 0.5655211806297302 Acc: 0.7916666666666666
Epoch Training:: Loss: 0.6926 Acc: 0.7347
Validation Iteration #100:: 0.9687860012054443 Acc: 0.4583333333333333
Epoch Validation:: Loss: 0.8940 Acc: 0.5241
Epoch 2/9
----------
Train Iteration #1050:: 0.6545840501785278 Acc: 0.75
Train Iteration #1100:: 0.6225859522819519 Acc: 0.7916666666666666
Train Iteration #1150:: 0.5531978607177734 Acc: 0.8333333333333334
Train Iteration #1200:: 0.44249141216278076 Acc: 0.7916666666666666
Train Iteration #1250:: 0.7164639830589294 Acc: 0.6666666666666666
Train Iteration #1300:: 0.49226266145706177 Acc: 0.9166666666666666
Train Iteration #1350:: 0.5316776037216187 Acc: 0.7083333333333334
Train Iteration #1400:: 0.5209541320800781 Acc: 0.7916666666666666
Train Iteration #1450:: 0.5037567019462585 Acc: 0.875
Train Iteration #1500:: 0.8447253108024597 Acc: 0.75
Epoch Training:: Loss: 0.6436 Acc: 0.7630
Validation Iteration #150:: 0.6225059628486633 Acc: 0.8333333333333334
Epoch Validation:: Loss: 0.5530 Acc: 0.7947
Epoch 3/9
----------
Train Iteration #1550:: 0.5481933355331421 Acc: 0.7083333333333334
Train Iteration #1600:: 0.674782931804657 Acc: 0.7083333333333334
Train Iteration #1650:: 0.6123456358909607 Acc: 0.6666666666666666
Train Iteration #1700:: 0.4843915104866028 Acc: 0.875
Train Iteration #1750:: 0.4941197633743286 Acc: 0.8333333333333334
Train Iteration #1800:: 0.6456336975097656 Acc: 0.75
Train Iteration #1850:: 0.6295462846755981 Acc: 0.75
Train Iteration #1900:: 1.1635081768035889 Acc: 0.4583333333333333
Train Iteration #1950:: 0.613839328289032 Acc: 0.7083333333333334
Train Iteration #2000:: 1.1587355136871338 Acc: 0.4583333333333333
Epoch Training:: Loss: 0.6248 Acc: 0.7763
Validation Iteration #200:: 1.0252671241760254 Acc: 0.625
Epoch Validation:: Loss: 0.5984 Acc: 0.7428
Epoch 4/9
----------
Train Iteration #2050:: 0.833635687828064 Acc: 0.625
Train Iteration #2100:: 0.6145395636558533 Acc: 0.8333333333333334
Train Iteration #2150:: 0.5412952303886414 Acc: 0.875
Train Iteration #2200:: 0.720967173576355 Acc: 0.7083333333333334
Train Iteration #2250:: 0.6488152146339417 Acc: 0.7083333333333334
Train Iteration #2300:: 0.29668521881103516 Acc: 0.875
Train Iteration #2350:: 0.5232210755348206 Acc: 0.9166666666666666
Train Iteration #2400:: 0.5205949544906616 Acc: 0.9583333333333334
Train Iteration #2450:: 0.7290338277816772 Acc: 0.625
Train Iteration #2500:: 0.5302996635437012 Acc: 0.7916666666666666
Epoch Training:: Loss: 0.6225 Acc: 0.7801
Validation Iteration #250:: 0.42020905017852783 Acc: 0.875
Epoch Validation:: Loss: 0.5138 Acc: 0.8139
Epoch 5/9
----------
Train Iteration #2550:: 0.6940544843673706 Acc: 0.8333333333333334
Train Iteration #2600:: 0.519271194934845 Acc: 0.9166666666666666
Train Iteration #2650:: 0.9841642379760742 Acc: 0.7083333333333334
Train Iteration #2700:: 0.6249788999557495 Acc: 0.75
Train Iteration #2750:: 0.9944750070571899 Acc: 0.7916666666666666
Train Iteration #2800:: 1.0609201192855835 Acc: 0.7083333333333334
Train Iteration #2850:: 0.5172659754753113 Acc: 0.7916666666666666
Train Iteration #2900:: 0.5700670480728149 Acc: 0.75
Train Iteration #2950:: 0.6762163639068604 Acc: 0.7083333333333334
Train Iteration #3000:: 0.43593069911003113 Acc: 0.9583333333333334
Epoch Training:: Loss: 0.6122 Acc: 0.7848
Validation Iteration #300:: 0.6300241947174072 Acc: 0.6666666666666666
Epoch Validation:: Loss: 0.5090 Acc: 0.8162
Epoch 6/9
----------
Train Iteration #3050:: 0.7439557313919067 Acc: 0.7916666666666666
Train Iteration #3100:: 0.6278433203697205 Acc: 0.8333333333333334
Train Iteration #3150:: 0.42089614272117615 Acc: 0.875
Train Iteration #3200:: 0.6327422857284546 Acc: 0.75
Train Iteration #3250:: 0.4939221739768982 Acc: 0.875
Train Iteration #3300:: 0.5081465244293213 Acc: 0.7083333333333334
Train Iteration #3350:: 0.7137436866760254 Acc: 0.5833333333333334
Train Iteration #3400:: 0.3195374011993408 Acc: 0.9166666666666666
Train Iteration #3450:: 0.5037505626678467 Acc: 0.8333333333333334
Train Iteration #3500:: 0.4822569787502289 Acc: 0.7916666666666666
Epoch Training:: Loss: 0.5780 Acc: 0.7992
Validation Iteration #350:: 0.6790386438369751 Acc: 0.7916666666666666
Epoch Validation:: Loss: 0.5175 Acc: 0.8065
Epoch 7/9
----------
Train Iteration #3550:: 0.3662568926811218 Acc: 0.9166666666666666
Train Iteration #3600:: 0.8877374529838562 Acc: 0.7083333333333334
Train Iteration #3650:: 0.4770585000514984 Acc: 0.8333333333333334
Train Iteration #3700:: 0.4465387463569641 Acc: 0.875
Train Iteration #3750:: 0.5965800285339355 Acc: 0.7083333333333334
Train Iteration #3800:: 0.41372284293174744 Acc: 0.875
Train Iteration #3850:: 0.6387135982513428 Acc: 0.6666666666666666
Train Iteration #3900:: 0.4883587956428528 Acc: 0.7916666666666666
Train Iteration #3950:: 0.5892981886863708 Acc: 0.75
Train Iteration #4000:: 0.453281044960022 Acc: 0.9166666666666666
Epoch Training:: Loss: 0.5766 Acc: 0.7988
Validation Iteration #400:: 0.5474331378936768 Acc: 0.8333333333333334
Validation Iteration #450:: 0.5024356842041016 Acc: 0.7083333333333334
Epoch Validation:: Loss: 0.5299 Acc: 0.7947
Epoch 8/9
----------
Train Iteration #4050:: 0.6085988879203796 Acc: 0.75
Train Iteration #4100:: 0.36563652753829956 Acc: 0.9583333333333334
Train Iteration #4150:: 0.5192304849624634 Acc: 0.875
Train Iteration #4200:: 0.47890961170196533 Acc: 0.8333333333333334
Train Iteration #4250:: 0.7349529266357422 Acc: 0.75
Train Iteration #4300:: 0.46983131766319275 Acc: 0.7916666666666666
Train Iteration #4350:: 0.5579039454460144 Acc: 0.8333333333333334
Train Iteration #4400:: 0.5514070987701416 Acc: 0.75
Train Iteration #4450:: 0.7455698847770691 Acc: 0.7083333333333334
Train Iteration #4500:: 0.5011484622955322 Acc: 0.875
Train Iteration #4550:: 0.43009185791015625 Acc: 0.875
Epoch Training:: Loss: 0.5597 Acc: 0.8063
Validation Iteration #500:: 0.4424530863761902 Acc: 0.7916666666666666
Epoch Validation:: Loss: 0.5163 Acc: 0.8013
Epoch 9/9
----------
Train Iteration #4600:: 0.7156204581260681 Acc: 0.75
Train Iteration #4650:: 0.7240892648696899 Acc: 0.6666666666666666
Train Iteration #4700:: 0.3480658531188965 Acc: 0.875
Train Iteration #4750:: 0.6121768355369568 Acc: 0.7916666666666666
Train Iteration #4800:: 0.6711351275444031 Acc: 0.625
Train Iteration #4850:: 0.3908439874649048 Acc: 0.9166666666666666
Train Iteration #4900:: 0.6271865367889404 Acc: 0.75
Train Iteration #4950:: 0.517992377281189 Acc: 0.8333333333333334
Train Iteration #5000:: 0.7558953166007996 Acc: 0.7083333333333334
Train Iteration #5050:: 0.7831324934959412 Acc: 0.5833333333333334
Epoch Training:: Loss: 0.5666 Acc: 0.8015
Validation Iteration #550:: 0.35902389883995056 Acc: 0.875
Epoch Validation:: Loss: 0.5690 Acc: 0.7591
Lowest Validation Acc: 0.509010 at epoch:5
End time:0:31:55.663220
Program Complete
Average Train Loss:0.6310712628837924
Average Validation Loss:0.6092386729346989
Average Train Accuracy:0.7683716333086237
Average Validation Accuracy:0.7326908821349147
