cuda
Program started
Epoch 0/49
----------
Training Total Loss for Iteration 0 :: 3.3694591522216797
Training Total Loss for Iteration 50 :: 0.6213385462760925
Training Total Loss for Iteration 100 :: 0.5441214442253113
Training Total Loss for Iteration 150 :: 0.8165813684463501
Training Total Loss for Iteration 200 :: 0.49633026123046875
Training Total Loss for Iteration 250 :: 0.6730359196662903
Training Total Loss for Iteration 300 :: 0.545129120349884
Training Total Loss for Iteration 350 :: 0.4119434952735901
Training Epoch #0 Sum Loss:0.0911588527859557
Validation Total Loss for Iteration 0 :: 1.0463240146636963
Validation Total Loss for Iteration 50 :: 0.5859624147415161
Validation Epoch #0 Sum Loss:0.07214885220552485
mAP for training at 0 is: 0.0769071893210952
mAP for training for all classes at 0 is: [('aortic enlargement', (0.5734602931861471, 2644.0)), ('cardiomegaly', (0.4999205448237566, 1828.0)), ('pleural thickening', (0.003319812485429216, 2963.0)), ('pulmonary fibrosis', (0.0, 2522.0)), ('lung opacity', (0.0, 1455.0)), ('nodule/mass', (0.0, 1391.0)), ('pleural effusion', (0.0, 1385.0)), ('other lesion', (0.0, 1297.0)), ('infiltration', (0.0, 717.0)), ('calcification', (0.0, 545.0)), ('ild', (0.0, 523.0)), ('consolidation', (0.0, 311.0)), ('atelectasis', (0.0, 173.0)), ('pneumothorax', (0.0, 102.0))]

mAP for validation at 0 is: 0.07418868182008982
mAP for validation for all classes at 0 is: [('aortic enlargement', (0.56041737909123, 653.0)), ('cardiomegaly', (0.47269492667505403, 455.0)), ('pleural thickening', (0.005529239714973227, 743.0)), ('pulmonary fibrosis', (0.0, 654.0)), ('lung opacity', (0.0, 372.0)), ('other lesion', (0.0, 364.0)), ('pleural effusion', (0.0, 335.0)), ('nodule/mass', (0.0, 295.0)), ('infiltration', (0.0, 159.0)), ('ild', (0.0, 157.0)), ('calcification', (0.0, 133.0)), ('consolidation', (0.0, 81.0)), ('atelectasis', (0.0, 39.0)), ('pneumothorax', (0.0, 20.0))]

Epoch 1/49
----------
Training Total Loss for Iteration 400 :: 0.5398861169815063
Training Total Loss for Iteration 450 :: 0.39695820212364197
Training Total Loss for Iteration 500 :: 0.43098947405815125
Training Total Loss for Iteration 550 :: 0.6388187408447266
Training Total Loss for Iteration 600 :: 0.8688545227050781
Training Total Loss for Iteration 650 :: 0.4377190172672272
Training Total Loss for Iteration 700 :: 0.5154187679290771
Training Epoch #1 Sum Loss:0.0730753661961573
Validation Total Loss for Iteration 100 :: 0.68074631690979
Validation Total Loss for Iteration 150 :: 0.5960949063301086
Validation Epoch #1 Sum Loss:0.0721095233457163
Epoch 2/49
----------
Training Total Loss for Iteration 750 :: 0.39744070172309875
Training Total Loss for Iteration 800 :: 0.4927412271499634
Training Total Loss for Iteration 850 :: 0.5155191421508789
Training Total Loss for Iteration 900 :: 0.41121429204940796
Training Total Loss for Iteration 950 :: 0.4013737738132477
Training Total Loss for Iteration 1000 :: 0.822594404220581
Training Total Loss for Iteration 1050 :: 0.7664197683334351
Training Total Loss for Iteration 1100 :: 0.5760535597801208
Training Epoch #2 Sum Loss:0.0731152895011985
Validation Total Loss for Iteration 200 :: 0.36785000562667847
Validation Total Loss for Iteration 250 :: 0.7467591762542725
Validation Epoch #2 Sum Loss:0.07210841317040224
Epoch 3/49
----------
Training Total Loss for Iteration 1150 :: 0.6686055064201355
Training Total Loss for Iteration 1200 :: 0.7663611173629761
Training Total Loss for Iteration 1250 :: 0.45165789127349854
Training Total Loss for Iteration 1300 :: 0.6907919645309448
Training Total Loss for Iteration 1350 :: 0.6024085879325867
Training Total Loss for Iteration 1400 :: 0.4323709309101105
Training Total Loss for Iteration 1450 :: 0.5629870891571045
Training Epoch #3 Sum Loss:0.07306394138939226
Validation Total Loss for Iteration 300 :: 0.6232035160064697
Validation Total Loss for Iteration 350 :: 0.4446331560611725
Validation Epoch #3 Sum Loss:0.0720549781108275
Epoch 4/49
----------
Training Total Loss for Iteration 1500 :: 0.6535216569900513
Training Total Loss for Iteration 1550 :: 0.3395543098449707
Training Total Loss for Iteration 1600 :: 0.6295974850654602
Training Total Loss for Iteration 1650 :: 0.5621657371520996
Training Total Loss for Iteration 1700 :: 0.7186055183410645
Training Total Loss for Iteration 1750 :: 0.5104513764381409
Training Total Loss for Iteration 1800 :: 0.7335302233695984
Training Total Loss for Iteration 1850 :: 0.6582638621330261
Training Epoch #4 Sum Loss:0.07302134819216313
Validation Total Loss for Iteration 400 :: 0.5964523553848267
Validation Total Loss for Iteration 450 :: 0.46984848380088806
Validation Epoch #4 Sum Loss:0.07198229218677928
Epoch 5/49
----------
Training Total Loss for Iteration 1900 :: 0.44324710965156555
Training Total Loss for Iteration 1950 :: 0.43711256980895996
Training Total Loss for Iteration 2000 :: 0.7125169038772583
Training Total Loss for Iteration 2050 :: 0.6651531457901001
Training Total Loss for Iteration 2100 :: 0.496845543384552
Training Total Loss for Iteration 2150 :: 0.4941632151603699
Training Total Loss for Iteration 2200 :: 0.5064145922660828
Training Epoch #5 Sum Loss:0.07292751422547446
Validation Total Loss for Iteration 500 :: 0.44434744119644165
Validation Total Loss for Iteration 550 :: 0.650969922542572
Validation Epoch #5 Sum Loss:0.07202833809424192
mAP for training at 5 is: 0.07749493373315701
mAP for training for all classes at 5 is: [('aortic enlargement', (0.5798132602960941, 2644.0)), ('cardiomegaly', (0.5003109526892493, 1828.0)), ('pleural thickening', (0.004804859278854696, 2963.0)), ('pulmonary fibrosis', (0.0, 2522.0)), ('lung opacity', (0.0, 1455.0)), ('nodule/mass', (0.0, 1391.0)), ('pleural effusion', (0.0, 1385.0)), ('other lesion', (0.0, 1297.0)), ('infiltration', (0.0, 717.0)), ('calcification', (0.0, 545.0)), ('ild', (0.0, 523.0)), ('consolidation', (0.0, 311.0)), ('atelectasis', (0.0, 173.0)), ('pneumothorax', (0.0, 102.0))]

mAP for validation at 5 is: 0.0750931771971737
mAP for validation for all classes at 5 is: [('aortic enlargement', (0.5665024947411554, 653.0)), ('cardiomegaly', (0.47887858867908994, 455.0)), ('pleural thickening', (0.005923397340186598, 743.0)), ('pulmonary fibrosis', (0.0, 654.0)), ('lung opacity', (0.0, 372.0)), ('other lesion', (0.0, 364.0)), ('pleural effusion', (0.0, 335.0)), ('nodule/mass', (0.0, 295.0)), ('infiltration', (0.0, 159.0)), ('ild', (0.0, 157.0)), ('calcification', (0.0, 133.0)), ('consolidation', (0.0, 81.0)), ('atelectasis', (0.0, 39.0)), ('pneumothorax', (0.0, 20.0))]

Epoch 6/49
----------
Training Total Loss for Iteration 2250 :: 0.46136221289634705
Training Total Loss for Iteration 2300 :: 0.4901132583618164
Training Total Loss for Iteration 2350 :: 0.9355043172836304
Training Total Loss for Iteration 2400 :: 0.37267667055130005
Training Total Loss for Iteration 2450 :: 0.5868052840232849
Training Total Loss for Iteration 2500 :: 0.9054561257362366
Training Total Loss for Iteration 2550 :: 0.7761427164077759
Training Total Loss for Iteration 2600 :: 0.49915745854377747
Training Epoch #6 Sum Loss:0.07298557107898862
Validation Total Loss for Iteration 600 :: 0.6772499680519104
Validation Total Loss for Iteration 650 :: 0.7748355865478516
Validation Epoch #6 Sum Loss:0.07201595724715541
Epoch 7/49
----------
Training Total Loss for Iteration 2650 :: 0.4469067454338074
Training Total Loss for Iteration 2700 :: 0.5498415231704712
Training Total Loss for Iteration 2750 :: 0.7304854989051819
Training Total Loss for Iteration 2800 :: 0.48012781143188477
Training Total Loss for Iteration 2850 :: 0.3526746332645416
Training Total Loss for Iteration 2900 :: 0.5439276099205017
Training Total Loss for Iteration 2950 :: 0.645799994468689
Training Epoch #7 Sum Loss:0.07297987054754768
Validation Total Loss for Iteration 700 :: 0.5324855446815491
Validation Total Loss for Iteration 750 :: 0.8908738493919373
Validation Epoch #7 Sum Loss:0.07189040262407313
Epoch 8/49
----------
Training Total Loss for Iteration 3000 :: 0.7141678333282471
Training Total Loss for Iteration 3050 :: 0.4485718607902527
Training Total Loss for Iteration 3100 :: 0.5406396985054016
Training Total Loss for Iteration 3150 :: 0.624666690826416
Training Total Loss for Iteration 3200 :: 0.3645577132701874
Training Total Loss for Iteration 3250 :: 0.4513724148273468
Training Total Loss for Iteration 3300 :: 0.5512266159057617
Training Total Loss for Iteration 3350 :: 0.4401938021183014
Training Epoch #8 Sum Loss:0.07291187381472455
Validation Total Loss for Iteration 800 :: 0.8277336359024048
Validation Total Loss for Iteration 850 :: 0.8532016277313232
Validation Epoch #8 Sum Loss:0.0718851398754244
Epoch 9/49
----------
Training Total Loss for Iteration 3400 :: 0.5021867156028748
Training Total Loss for Iteration 3450 :: 0.6203851103782654
Training Total Loss for Iteration 3500 :: 0.4065302610397339
Training Total Loss for Iteration 3550 :: 0.6689359545707703
Training Total Loss for Iteration 3600 :: 0.5364611744880676
Training Total Loss for Iteration 3650 :: 0.7836438417434692
Training Total Loss for Iteration 3700 :: 0.5085442066192627
Training Epoch #9 Sum Loss:0.07284570318146545
Validation Total Loss for Iteration 900 :: 0.4122118651866913
Validation Total Loss for Iteration 950 :: 0.6444653272628784
Validation Epoch #9 Sum Loss:0.07190831812719505
Epoch 10/49
----------
Training Total Loss for Iteration 3750 :: 0.4969676733016968
Training Total Loss for Iteration 3800 :: 0.49264365434646606
Training Total Loss for Iteration 3850 :: 0.8050757646560669
Training Total Loss for Iteration 3900 :: 0.434832364320755
Training Total Loss for Iteration 3950 :: 0.6015039682388306
Training Total Loss for Iteration 4000 :: 0.6436561346054077
Training Total Loss for Iteration 4050 :: 0.5920920968055725
Training Total Loss for Iteration 4100 :: 0.735559344291687
Training Epoch #10 Sum Loss:0.07287119108532468
Validation Total Loss for Iteration 1000 :: 0.4816513657569885
Validation Total Loss for Iteration 1050 :: 0.5328605771064758
Validation Epoch #10 Sum Loss:0.07182823404824983
mAP for training at 10 is: 0.07763044228402424
mAP for training for all classes at 10 is: [('aortic enlargement', (0.5869300780527196, 2644.0)), ('cardiomegaly', (0.49353460188145776, 1828.0)), ('pleural thickening', (0.006361512042162028, 2963.0)), ('pulmonary fibrosis', (0.0, 2522.0)), ('lung opacity', (0.0, 1455.0)), ('nodule/mass', (0.0, 1391.0)), ('pleural effusion', (0.0, 1385.0)), ('other lesion', (0.0, 1297.0)), ('infiltration', (0.0, 717.0)), ('calcification', (0.0, 545.0)), ('ild', (0.0, 523.0)), ('consolidation', (0.0, 311.0)), ('atelectasis', (0.0, 173.0)), ('pneumothorax', (0.0, 102.0))]

mAP for validation at 10 is: 0.07511416579749375
mAP for validation for all classes at 10 is: [('aortic enlargement', (0.5716053789190904, 653.0)), ('cardiomegaly', (0.4722122961544841, 455.0)), ('pleural thickening', (0.007780646091337847, 743.0)), ('pulmonary fibrosis', (0.0, 654.0)), ('lung opacity', (0.0, 372.0)), ('other lesion', (0.0, 364.0)), ('pleural effusion', (0.0, 335.0)), ('nodule/mass', (0.0, 295.0)), ('infiltration', (0.0, 159.0)), ('ild', (0.0, 157.0)), ('calcification', (0.0, 133.0)), ('consolidation', (0.0, 81.0)), ('atelectasis', (0.0, 39.0)), ('pneumothorax', (0.0, 20.0))]

Epoch 11/49
----------
Training Total Loss for Iteration 4150 :: 0.6035243272781372
Training Total Loss for Iteration 4200 :: 0.6344414949417114
Training Total Loss for Iteration 4250 :: 0.6290117502212524
Training Total Loss for Iteration 4300 :: 0.6612604856491089
Training Total Loss for Iteration 4350 :: 0.8544533848762512
Training Total Loss for Iteration 4400 :: 0.4238165318965912
Training Total Loss for Iteration 4450 :: 0.4671158790588379
Training Epoch #11 Sum Loss:0.07287047417001491
Validation Total Loss for Iteration 1100 :: 0.4400431215763092
Validation Total Loss for Iteration 1150 :: 0.5791351199150085
Validation Epoch #11 Sum Loss:0.07194115089563032
Epoch 12/49
----------
Training Total Loss for Iteration 4500 :: 0.46236371994018555
Training Total Loss for Iteration 4550 :: 0.39465421438217163
Training Total Loss for Iteration 4600 :: 0.5838130116462708
Training Total Loss for Iteration 4650 :: 0.405900776386261
Training Total Loss for Iteration 4700 :: 0.679479718208313
Training Total Loss for Iteration 4750 :: 0.826798677444458
Training Total Loss for Iteration 4800 :: 0.44756805896759033
Training Epoch #12 Sum Loss:0.07281300933398643
Validation Total Loss for Iteration 1200 :: 0.5659393072128296
Validation Epoch #12 Sum Loss:0.07195677084382623
Epoch 13/49
----------
Training Total Loss for Iteration 4850 :: 0.5997344255447388
Training Total Loss for Iteration 4900 :: 0.6017242670059204
Training Total Loss for Iteration 4950 :: 0.37636977434158325
Training Total Loss for Iteration 5000 :: 0.6098652482032776
Training Total Loss for Iteration 5050 :: 0.5646595358848572
Training Total Loss for Iteration 5100 :: 0.6944885849952698
Training Total Loss for Iteration 5150 :: 0.5305728316307068
Training Total Loss for Iteration 5200 :: 0.7522045373916626
Training Epoch #13 Sum Loss:0.07289809078547987
Validation Total Loss for Iteration 1250 :: 0.5416242480278015
Validation Total Loss for Iteration 1300 :: 0.6290708184242249
Validation Epoch #13 Sum Loss:0.07199035844920824
Epoch 14/49
----------
Training Total Loss for Iteration 5250 :: 0.6438838839530945
Training Total Loss for Iteration 5300 :: 0.8235723972320557
Training Total Loss for Iteration 5350 :: 0.4459836184978485
Training Total Loss for Iteration 5400 :: 0.4515804350376129
Training Total Loss for Iteration 5450 :: 0.9288195967674255
Training Total Loss for Iteration 5500 :: 0.9941331148147583
Training Total Loss for Iteration 5550 :: 0.4936771094799042
Training Epoch #14 Sum Loss:0.07278657106495831
Validation Total Loss for Iteration 1350 :: 0.3975733518600464
Validation Total Loss for Iteration 1400 :: 0.4427267909049988
Validation Epoch #14 Sum Loss:0.07199109900587548
Epoch 15/49
----------
Training Total Loss for Iteration 5600 :: 0.46979066729545593
Training Total Loss for Iteration 5650 :: 0.46229445934295654
Training Total Loss for Iteration 5700 :: 0.6434145569801331
Training Total Loss for Iteration 5750 :: 0.5695434808731079
Training Total Loss for Iteration 5800 :: 0.3856547772884369
Training Total Loss for Iteration 5850 :: 0.7099268436431885
Training Total Loss for Iteration 5900 :: 0.7905969619750977
Training Total Loss for Iteration 5950 :: 0.7456032633781433
Training Epoch #15 Sum Loss:0.07278745747660278
Validation Total Loss for Iteration 1450 :: 0.4414973556995392
Validation Total Loss for Iteration 1500 :: 0.6263349652290344
Validation Epoch #15 Sum Loss:0.07173652869338791
mAP for training at 15 is: 0.07817175501749499
mAP for training for all classes at 15 is: [('aortic enlargement', (0.5916364456088675, 2644.0)), ('cardiomegaly', (0.49514476659980255, 1828.0)), ('pleural thickening', (0.007623358036259802, 2963.0)), ('pulmonary fibrosis', (0.0, 2522.0)), ('lung opacity', (0.0, 1455.0)), ('nodule/mass', (0.0, 1391.0)), ('pleural effusion', (0.0, 1385.0)), ('other lesion', (0.0, 1297.0)), ('infiltration', (0.0, 717.0)), ('calcification', (0.0, 545.0)), ('ild', (0.0, 523.0)), ('consolidation', (0.0, 311.0)), ('atelectasis', (0.0, 173.0)), ('pneumothorax', (0.0, 102.0))]

mAP for validation at 15 is: 0.07591666244193386
mAP for validation for all classes at 15 is: [('aortic enlargement', (0.578358875460111, 653.0)), ('cardiomegaly', (0.47514327352909635, 455.0)), ('pleural thickening', (0.009331125197866736, 743.0)), ('pulmonary fibrosis', (0.0, 654.0)), ('lung opacity', (0.0, 372.0)), ('other lesion', (0.0, 364.0)), ('pleural effusion', (0.0, 335.0)), ('nodule/mass', (0.0, 295.0)), ('infiltration', (0.0, 159.0)), ('ild', (0.0, 157.0)), ('calcification', (0.0, 133.0)), ('consolidation', (0.0, 81.0)), ('atelectasis', (0.0, 39.0)), ('pneumothorax', (0.0, 20.0))]

Epoch 16/49
----------
Training Total Loss for Iteration 6000 :: 0.3983003497123718
Training Total Loss for Iteration 6050 :: 0.5717467069625854
Training Total Loss for Iteration 6100 :: 1.0685615539550781
Training Total Loss for Iteration 6150 :: 0.5979197025299072
Training Total Loss for Iteration 6200 :: 0.7743407487869263
Training Total Loss for Iteration 6250 :: 0.520037055015564
Training Total Loss for Iteration 6300 :: 0.45831942558288574
Training Epoch #16 Sum Loss:0.07287700180837829
Validation Total Loss for Iteration 1550 :: 0.6735272407531738
Validation Total Loss for Iteration 1600 :: 0.6850641965866089
Validation Epoch #16 Sum Loss:0.07189929574572791
Epoch 17/49
----------
Training Total Loss for Iteration 6350 :: 0.32883143424987793
Training Total Loss for Iteration 6400 :: 0.4780508279800415
Training Total Loss for Iteration 6450 :: 0.9135833978652954
Training Total Loss for Iteration 6500 :: 0.3629622757434845
Training Total Loss for Iteration 6550 :: 0.8733347058296204
Training Total Loss for Iteration 6600 :: 0.8709208965301514
Training Total Loss for Iteration 6650 :: 0.8433963656425476
Training Total Loss for Iteration 6700 :: 0.4112324118614197
Training Epoch #17 Sum Loss:0.07289032829523646
Validation Total Loss for Iteration 1650 :: 0.5795968174934387
Validation Total Loss for Iteration 1700 :: 0.39856037497520447
Validation Epoch #17 Sum Loss:0.07190807128790766
Epoch 18/49
----------
Training Total Loss for Iteration 6750 :: 0.9534871578216553
Training Total Loss for Iteration 6800 :: 0.48904210329055786
Training Total Loss for Iteration 6850 :: 0.9504197835922241
Training Total Loss for Iteration 6900 :: 0.5925402641296387
Training Total Loss for Iteration 6950 :: 0.5487396121025085
Training Total Loss for Iteration 7000 :: 0.8643641471862793
Training Total Loss for Iteration 7050 :: 0.4713151454925537
Training Epoch #18 Sum Loss:0.07288442142695159
Validation Total Loss for Iteration 1750 :: 0.49443843960762024
Validation Total Loss for Iteration 1800 :: 0.5485957860946655
Validation Epoch #18 Sum Loss:0.07177488936576992
Epoch 19/49
----------
Training Total Loss for Iteration 7100 :: 0.5796573162078857
Training Total Loss for Iteration 7150 :: 0.515792191028595
Training Total Loss for Iteration 7200 :: 0.4422896206378937
Training Total Loss for Iteration 7250 :: 0.4104933738708496
Training Total Loss for Iteration 7300 :: 0.5358830690383911
Training Total Loss for Iteration 7350 :: 0.8348536491394043
Training Total Loss for Iteration 7400 :: 0.7915621995925903
Training Total Loss for Iteration 7450 :: 0.387095183134079
Training Epoch #19 Sum Loss:0.07291364494844876
Validation Total Loss for Iteration 1850 :: 0.48988234996795654
Validation Total Loss for Iteration 1900 :: 0.3432188928127289
Validation Epoch #19 Sum Loss:0.07192729595893373
Epoch 20/49
----------
Training Total Loss for Iteration 7500 :: 0.6701987981796265
Training Total Loss for Iteration 7550 :: 0.6469261646270752
Training Total Loss for Iteration 7600 :: 0.4553675949573517
Training Total Loss for Iteration 7650 :: 0.4551424980163574
Training Total Loss for Iteration 7700 :: 0.516587495803833
Training Total Loss for Iteration 7750 :: 0.5082287192344666
Training Total Loss for Iteration 7800 :: 0.6848207712173462
Training Epoch #20 Sum Loss:0.07290036797883406
Validation Total Loss for Iteration 1950 :: 0.5184838175773621
Validation Total Loss for Iteration 2000 :: 0.6206443309783936
Validation Epoch #20 Sum Loss:0.07184383785352111
mAP for training at 20 is: 0.07907955947943265
mAP for training for all classes at 20 is: [('aortic enlargement', (0.5976746550739778, 2644.0)), ('cardiomegaly', (0.5001619128158976, 1828.0)), ('pleural thickening', (0.009277264822181752, 2963.0)), ('pulmonary fibrosis', (0.0, 2522.0)), ('lung opacity', (0.0, 1455.0)), ('nodule/mass', (0.0, 1391.0)), ('pleural effusion', (0.0, 1385.0)), ('other lesion', (0.0, 1297.0)), ('infiltration', (0.0, 717.0)), ('calcification', (0.0, 545.0)), ('ild', (0.0, 523.0)), ('consolidation', (0.0, 311.0)), ('atelectasis', (0.0, 173.0)), ('pneumothorax', (0.0, 102.0))]

mAP for validation at 20 is: 0.07628896170789226
mAP for validation for all classes at 20 is: [('aortic enlargement', (0.5820139523862042, 653.0)), ('cardiomegaly', (0.47554279858959875, 455.0)), ('pleural thickening', (0.010488712934688617, 743.0)), ('pulmonary fibrosis', (0.0, 654.0)), ('lung opacity', (0.0, 372.0)), ('other lesion', (0.0, 364.0)), ('pleural effusion', (0.0, 335.0)), ('nodule/mass', (0.0, 295.0)), ('infiltration', (0.0, 159.0)), ('ild', (0.0, 157.0)), ('calcification', (0.0, 133.0)), ('consolidation', (0.0, 81.0)), ('atelectasis', (0.0, 39.0)), ('pneumothorax', (0.0, 20.0))]

Epoch 21/49
----------
Training Total Loss for Iteration 7850 :: 0.868588387966156
Training Total Loss for Iteration 7900 :: 0.5546755194664001
Training Total Loss for Iteration 7950 :: 0.5801644921302795
Training Total Loss for Iteration 8000 :: 0.7168770432472229
Training Total Loss for Iteration 8050 :: 0.5910502672195435
Training Total Loss for Iteration 8100 :: 0.27216142416000366
Training Total Loss for Iteration 8150 :: 0.6089353561401367
Training Total Loss for Iteration 8200 :: 0.4411877989768982
Training Epoch #21 Sum Loss:0.07298702672398838
Validation Total Loss for Iteration 2050 :: 0.4652741253376007
Validation Total Loss for Iteration 2100 :: 0.8819600939750671
Validation Epoch #21 Sum Loss:0.07177084350648026
Epoch 22/49
----------
Training Total Loss for Iteration 8250 :: 0.7316507697105408
Training Total Loss for Iteration 8300 :: 0.799567461013794
Training Total Loss for Iteration 8350 :: 0.4352705180644989
Training Total Loss for Iteration 8400 :: 0.669746458530426
Training Total Loss for Iteration 8450 :: 0.48248493671417236
Training Total Loss for Iteration 8500 :: 0.6538627743721008
Training Total Loss for Iteration 8550 :: 0.5261145830154419
Training Epoch #22 Sum Loss:0.07297232521136149
Validation Total Loss for Iteration 2150 :: 0.3663288950920105
Validation Total Loss for Iteration 2200 :: 0.6530540585517883
Validation Epoch #22 Sum Loss:0.0718400995247066
Epoch 23/49
----------
Training Total Loss for Iteration 8600 :: 0.5357356071472168
Training Total Loss for Iteration 8650 :: 0.9257787466049194
Training Total Loss for Iteration 8700 :: 0.39014846086502075
Training Total Loss for Iteration 8750 :: 0.6045092344284058
Training Total Loss for Iteration 8800 :: 0.5309699773788452
Training Total Loss for Iteration 8850 :: 0.3506779074668884
Training Total Loss for Iteration 8900 :: 0.4590696394443512
Training Total Loss for Iteration 8950 :: 0.8827677965164185
Training Epoch #23 Sum Loss:0.07301372636568222
Validation Total Loss for Iteration 2250 :: 0.6231055855751038
Validation Total Loss for Iteration 2300 :: 0.4932907819747925
Validation Epoch #23 Sum Loss:0.07178300394055744
Epoch 24/49
----------
Training Total Loss for Iteration 9000 :: 0.46529462933540344
Training Total Loss for Iteration 9050 :: 0.5070117712020874
Training Total Loss for Iteration 9100 :: 0.6756688952445984
Training Total Loss for Iteration 9150 :: 0.5762351751327515
Training Total Loss for Iteration 9200 :: 0.6116325259208679
Training Total Loss for Iteration 9250 :: 0.4371242821216583
Training Total Loss for Iteration 9300 :: 0.6467388868331909
Training Epoch #24 Sum Loss:0.07303605812262146
Validation Total Loss for Iteration 2350 :: 0.48134493827819824
Validation Epoch #24 Sum Loss:0.07173751768035193
Epoch 25/49
----------
Training Total Loss for Iteration 9350 :: 0.5228545665740967
Training Total Loss for Iteration 9400 :: 0.434597909450531
Training Total Loss for Iteration 9450 :: 0.6179487705230713
Training Total Loss for Iteration 9500 :: 1.1292976140975952
Training Total Loss for Iteration 9550 :: 0.4660203754901886
Training Total Loss for Iteration 9600 :: 0.4505329132080078
Training Total Loss for Iteration 9650 :: 0.4319048821926117
Training Epoch #25 Sum Loss:0.07311413585839756
Validation Total Loss for Iteration 2400 :: 1.0318551063537598
Validation Total Loss for Iteration 2450 :: 0.5985523462295532
Validation Epoch #25 Sum Loss:0.0718211210720862
mAP for training at 25 is: 0.07990107820476593
mAP for training for all classes at 25 is: [('aortic enlargement', (0.6024698480188541, 2644.0)), ('cardiomegaly', (0.5052446113759814, 1828.0)), ('pleural thickening', (0.010900635471887552, 2963.0)), ('pulmonary fibrosis', (0.0, 2522.0)), ('lung opacity', (0.0, 1455.0)), ('nodule/mass', (0.0, 1391.0)), ('pleural effusion', (0.0, 1385.0)), ('other lesion', (0.0, 1297.0)), ('infiltration', (0.0, 717.0)), ('calcification', (0.0, 545.0)), ('ild', (0.0, 523.0)), ('consolidation', (0.0, 311.0)), ('atelectasis', (0.0, 173.0)), ('pneumothorax', (0.0, 102.0))]

mAP for validation at 25 is: 0.07714779234378298
mAP for validation for all classes at 25 is: [('aortic enlargement', (0.5842741674033909, 653.0)), ('cardiomegaly', (0.484425090749949, 455.0)), ('pleural thickening', (0.011369834659621748, 743.0)), ('pulmonary fibrosis', (0.0, 654.0)), ('lung opacity', (0.0, 372.0)), ('other lesion', (0.0, 364.0)), ('pleural effusion', (0.0, 335.0)), ('nodule/mass', (0.0, 295.0)), ('infiltration', (0.0, 159.0)), ('ild', (0.0, 157.0)), ('calcification', (0.0, 133.0)), ('consolidation', (0.0, 81.0)), ('atelectasis', (0.0, 39.0)), ('pneumothorax', (0.0, 20.0))]

Epoch 26/49
----------
Training Total Loss for Iteration 9700 :: 0.7131760120391846
Training Total Loss for Iteration 9750 :: 0.9333829879760742
Training Total Loss for Iteration 9800 :: 0.6916735172271729
Training Total Loss for Iteration 9850 :: 0.5072399377822876
Training Total Loss for Iteration 9900 :: 0.4190879166126251
Training Total Loss for Iteration 9950 :: 0.43098169565200806
Training Total Loss for Iteration 10000 :: 0.9464548826217651
Training Total Loss for Iteration 10050 :: 0.49933910369873047
Training Epoch #26 Sum Loss:0.07311887300802293
Validation Total Loss for Iteration 2500 :: 0.694892406463623
Validation Total Loss for Iteration 2550 :: 0.593207836151123
Validation Epoch #26 Sum Loss:0.07174562317474435
Epoch 27/49
----------
Training Total Loss for Iteration 10100 :: 0.5440911054611206
Training Total Loss for Iteration 10150 :: 0.6633608341217041
Training Total Loss for Iteration 10200 :: 1.0055153369903564
Training Total Loss for Iteration 10250 :: 0.4360027015209198
Training Total Loss for Iteration 10300 :: 0.864772617816925
Training Total Loss for Iteration 10350 :: 0.5438711047172546
Training Total Loss for Iteration 10400 :: 0.5058805346488953
Training Epoch #27 Sum Loss:0.0731534002731807
Validation Total Loss for Iteration 2600 :: 0.36125633120536804
Validation Total Loss for Iteration 2650 :: 0.7363322973251343
Validation Epoch #27 Sum Loss:0.07192759165385117
Epoch 28/49
----------
Training Total Loss for Iteration 10450 :: 0.6706732511520386
Training Total Loss for Iteration 10500 :: 0.5427819490432739
Training Total Loss for Iteration 10550 :: 0.41814547777175903
Training Total Loss for Iteration 10600 :: 0.525362491607666
Training Total Loss for Iteration 10650 :: 0.7520055174827576
Training Total Loss for Iteration 10700 :: 0.5423398613929749
Training Total Loss for Iteration 10750 :: 0.4536702334880829
Training Total Loss for Iteration 10800 :: 0.8610295057296753
Training Epoch #28 Sum Loss:0.07320097832622163
Validation Total Loss for Iteration 2700 :: 0.6107638478279114
Validation Total Loss for Iteration 2750 :: 0.4458618462085724
Validation Epoch #28 Sum Loss:0.07186672972360005
Epoch 29/49
----------
Training Total Loss for Iteration 10850 :: 0.3504592776298523
Training Total Loss for Iteration 10900 :: 0.5214969515800476
Training Total Loss for Iteration 10950 :: 0.6300253868103027
Training Total Loss for Iteration 11000 :: 0.6792517304420471
Training Total Loss for Iteration 11050 :: 0.7318330407142639
Training Total Loss for Iteration 11100 :: 0.600165069103241
Training Total Loss for Iteration 11150 :: 0.4182892143726349
Training Epoch #29 Sum Loss:0.07323311819641512
Validation Total Loss for Iteration 2800 :: 0.5808210968971252
Validation Total Loss for Iteration 2850 :: 0.4726429283618927
Validation Epoch #29 Sum Loss:0.07190192304551601
Epoch 30/49
----------
Training Total Loss for Iteration 11200 :: 0.6233539581298828
Training Total Loss for Iteration 11250 :: 0.6239522695541382
Training Total Loss for Iteration 11300 :: 0.6204415559768677
Training Total Loss for Iteration 11350 :: 0.7205743193626404
Training Total Loss for Iteration 11400 :: 0.7710675001144409
Training Total Loss for Iteration 11450 :: 0.4297044277191162
Training Total Loss for Iteration 11500 :: 0.6593050360679626
Training Total Loss for Iteration 11550 :: 0.641595184803009
Training Epoch #30 Sum Loss:0.07335739553034686
Validation Total Loss for Iteration 2900 :: 0.4500187635421753
Validation Total Loss for Iteration 2950 :: 0.6476426720619202
Validation Epoch #30 Sum Loss:0.07192540413234383
mAP for training at 30 is: 0.08087167138899684
mAP for training for all classes at 30 is: [('aortic enlargement', (0.6082443711930658, 2644.0)), ('cardiomegaly', (0.5111570635112339, 1828.0)), ('pleural thickening', (0.012561290854772759, 2963.0)), ('pleural effusion', (0.00024067388688327315, 1385.0)), ('pulmonary fibrosis', (0.0, 2522.0)), ('lung opacity', (0.0, 1455.0)), ('nodule/mass', (0.0, 1391.0)), ('other lesion', (0.0, 1297.0)), ('infiltration', (0.0, 717.0)), ('calcification', (0.0, 545.0)), ('ild', (0.0, 523.0)), ('consolidation', (0.0, 311.0)), ('atelectasis', (0.0, 173.0)), ('pneumothorax', (0.0, 102.0))]

mAP for validation at 30 is: 0.0779874053773577
mAP for validation for all classes at 30 is: [('aortic enlargement', (0.5876790849511992, 653.0)), ('cardiomegaly', (0.4916902771095205, 455.0)), ('pleural thickening', (0.012454313222287778, 743.0)), ('pulmonary fibrosis', (0.0, 654.0)), ('lung opacity', (0.0, 372.0)), ('other lesion', (0.0, 364.0)), ('pleural effusion', (0.0, 335.0)), ('nodule/mass', (0.0, 295.0)), ('infiltration', (0.0, 159.0)), ('ild', (0.0, 157.0)), ('calcification', (0.0, 133.0)), ('consolidation', (0.0, 81.0)), ('atelectasis', (0.0, 39.0)), ('pneumothorax', (0.0, 20.0))]

Epoch 31/49
----------
Training Total Loss for Iteration 11600 :: 0.4149775207042694
Training Total Loss for Iteration 11650 :: 0.41470038890838623
Training Total Loss for Iteration 11700 :: 0.4421522915363312
Training Total Loss for Iteration 11750 :: 0.42272210121154785
Training Total Loss for Iteration 11800 :: 0.8411887288093567
Training Total Loss for Iteration 11850 :: 0.48704785108566284
Training Total Loss for Iteration 11900 :: 0.6826519966125488
Training Epoch #31 Sum Loss:0.07346675691689393
Validation Total Loss for Iteration 3000 :: 0.6778185963630676
Validation Total Loss for Iteration 3050 :: 0.8073330521583557
Validation Epoch #31 Sum Loss:0.07203300196367006
Epoch 32/49
----------
Training Total Loss for Iteration 11950 :: 0.6005088090896606
Training Total Loss for Iteration 12000 :: 0.4318159222602844
Training Total Loss for Iteration 12050 :: 0.7426602840423584
Training Total Loss for Iteration 12100 :: 0.5821821689605713
Training Total Loss for Iteration 12150 :: 0.7387785911560059
Training Total Loss for Iteration 12200 :: 0.393559068441391
Training Total Loss for Iteration 12250 :: 0.5576428771018982
Training Total Loss for Iteration 12300 :: 0.3706813454627991
Training Epoch #32 Sum Loss:0.0735127880284547
Validation Total Loss for Iteration 3100 :: 0.5320278406143188
Validation Total Loss for Iteration 3150 :: 0.8943467736244202
Validation Epoch #32 Sum Loss:0.07202822594748189
Epoch 33/49
----------
Training Total Loss for Iteration 12350 :: 0.47012513875961304
Training Total Loss for Iteration 12400 :: 0.3506503701210022
Training Total Loss for Iteration 12450 :: 0.4592979848384857
Training Total Loss for Iteration 12500 :: 0.4275619089603424
Training Total Loss for Iteration 12550 :: 0.5829814672470093
Training Total Loss for Iteration 12600 :: 0.5670282244682312
Training Total Loss for Iteration 12650 :: 0.5272086262702942
Training Epoch #33 Sum Loss:0.07346519795850955
Validation Total Loss for Iteration 3200 :: 0.8202579021453857
Validation Total Loss for Iteration 3250 :: 0.8699856996536255
Validation Epoch #33 Sum Loss:0.0721905348667254
Epoch 34/49
----------
Training Total Loss for Iteration 12700 :: 0.34962910413742065
Training Total Loss for Iteration 12750 :: 0.4870438873767853
Training Total Loss for Iteration 12800 :: 0.7971598505973816
Training Total Loss for Iteration 12850 :: 0.627853274345398
Training Total Loss for Iteration 12900 :: 0.4399227499961853
Training Total Loss for Iteration 12950 :: 0.6923388242721558
Training Total Loss for Iteration 13000 :: 0.4694596230983734
Training Total Loss for Iteration 13050 :: 0.357979953289032
Training Epoch #34 Sum Loss:0.07364538301960888
Validation Total Loss for Iteration 3300 :: 0.41322657465934753
Validation Total Loss for Iteration 3350 :: 0.6494879722595215
Validation Epoch #34 Sum Loss:0.07221766258589923
Epoch 35/49
----------
Training Total Loss for Iteration 13100 :: 0.9394213557243347
Training Total Loss for Iteration 13150 :: 1.004704475402832
Training Total Loss for Iteration 13200 :: 0.7369897961616516
Training Total Loss for Iteration 13250 :: 0.6292264461517334
Training Total Loss for Iteration 13300 :: 0.2765063941478729
Training Total Loss for Iteration 13350 :: 0.5728934407234192
Training Total Loss for Iteration 13400 :: 0.5561473965644836
Training Epoch #35 Sum Loss:0.07362231361270151
Validation Total Loss for Iteration 3400 :: 0.46818724274635315
Validation Total Loss for Iteration 3450 :: 0.5258542895317078
Validation Epoch #35 Sum Loss:0.07211007018728803
mAP for training at 35 is: 0.08133682376204233
mAP for training for all classes at 35 is: [('aortic enlargement', (0.6125843921554659, 2644.0)), ('cardiomegaly', (0.512127310611477, 1828.0)), ('pleural thickening', (0.013763156014766596, 2963.0)), ('pleural effusion', (0.00024067388688327315, 1385.0)), ('pulmonary fibrosis', (0.0, 2522.0)), ('lung opacity', (0.0, 1455.0)), ('nodule/mass', (0.0, 1391.0)), ('other lesion', (0.0, 1297.0)), ('infiltration', (0.0, 717.0)), ('calcification', (0.0, 545.0)), ('ild', (0.0, 523.0)), ('consolidation', (0.0, 311.0)), ('atelectasis', (0.0, 173.0)), ('pneumothorax', (0.0, 102.0))]

mAP for validation at 35 is: 0.0784488464481689
mAP for validation for all classes at 35 is: [('aortic enlargement', (0.5943420843017587, 653.0)), ('cardiomegaly', (0.49093840149458545, 455.0)), ('pleural thickening', (0.013003364478020616, 743.0)), ('pulmonary fibrosis', (0.0, 654.0)), ('lung opacity', (0.0, 372.0)), ('other lesion', (0.0, 364.0)), ('pleural effusion', (0.0, 335.0)), ('nodule/mass', (0.0, 295.0)), ('infiltration', (0.0, 159.0)), ('ild', (0.0, 157.0)), ('calcification', (0.0, 133.0)), ('consolidation', (0.0, 81.0)), ('atelectasis', (0.0, 39.0)), ('pneumothorax', (0.0, 20.0))]

Epoch 36/49
----------
Training Total Loss for Iteration 13450 :: 0.5211482644081116
Training Total Loss for Iteration 13500 :: 0.5066369771957397
Training Total Loss for Iteration 13550 :: 0.6744703650474548
Training Total Loss for Iteration 13600 :: 1.0846279859542847
Training Total Loss for Iteration 13650 :: 0.4232829213142395
Training Total Loss for Iteration 13700 :: 0.44252148270606995
Training Total Loss for Iteration 13750 :: 0.5970655083656311
Training Total Loss for Iteration 13800 :: 0.5003727078437805
Training Epoch #36 Sum Loss:0.07380327043498135
Validation Total Loss for Iteration 3500 :: 0.43660664558410645
Validation Total Loss for Iteration 3550 :: 0.5856161713600159
Validation Epoch #36 Sum Loss:0.07222877920139581
Epoch 37/49
----------
Training Total Loss for Iteration 13850 :: 0.662865936756134
Training Total Loss for Iteration 13900 :: 0.4853771924972534
Training Total Loss for Iteration 13950 :: 0.7997879981994629
Training Total Loss for Iteration 14000 :: 0.5999820232391357
Training Total Loss for Iteration 14050 :: 0.5578398108482361
Training Total Loss for Iteration 14100 :: 0.39628082513809204
Training Total Loss for Iteration 14150 :: 1.0966737270355225
Training Epoch #37 Sum Loss:0.07377547646520602
Validation Total Loss for Iteration 3600 :: 0.5852606296539307
Validation Epoch #37 Sum Loss:0.07235506720220049
Epoch 38/49
----------
Training Total Loss for Iteration 14200 :: 0.39991575479507446
Training Total Loss for Iteration 14250 :: 0.42208847403526306
Training Total Loss for Iteration 14300 :: 0.6785589456558228
Training Total Loss for Iteration 14350 :: 0.36602982878685
Training Total Loss for Iteration 14400 :: 0.8683570623397827
Training Total Loss for Iteration 14450 :: 0.5009899139404297
Training Total Loss for Iteration 14500 :: 0.4988894760608673
Training Epoch #38 Sum Loss:0.07398314964487344
Validation Total Loss for Iteration 3650 :: 0.5299586653709412
Validation Total Loss for Iteration 3700 :: 0.6330423355102539
Validation Epoch #38 Sum Loss:0.07228450232651085
Epoch 39/49
----------
Training Total Loss for Iteration 14550 :: 0.46904245018959045
Training Total Loss for Iteration 14600 :: 0.34216058254241943
Training Total Loss for Iteration 14650 :: 0.4477251470088959
Training Total Loss for Iteration 14700 :: 0.39155927300453186
Training Total Loss for Iteration 14750 :: 0.4000604748725891
Training Total Loss for Iteration 14800 :: 0.6187174916267395
Training Total Loss for Iteration 14850 :: 0.5630727410316467
Training Total Loss for Iteration 14900 :: 0.45176422595977783
Training Epoch #39 Sum Loss:0.07399080021394974
Validation Total Loss for Iteration 3750 :: 0.3861839175224304
Validation Total Loss for Iteration 3800 :: 0.4350905120372772
Validation Epoch #39 Sum Loss:0.07246341975405812
Epoch 40/49
----------
Training Total Loss for Iteration 14950 :: 0.6298547983169556
Training Total Loss for Iteration 15000 :: 0.39568623900413513
Training Total Loss for Iteration 15050 :: 0.8480204343795776
Training Total Loss for Iteration 15100 :: 0.4868883490562439
Training Total Loss for Iteration 15150 :: 0.5334818959236145
Training Total Loss for Iteration 15200 :: 0.33742788434028625
Training Total Loss for Iteration 15250 :: 0.40661805868148804
Training Epoch #40 Sum Loss:0.07408685239918557
Validation Total Loss for Iteration 3850 :: 0.4662240147590637
Validation Total Loss for Iteration 3900 :: 0.62967449426651
Validation Epoch #40 Sum Loss:0.0724401989330848
mAP for training at 40 is: 0.08129104673896632
mAP for training for all classes at 40 is: [('aortic enlargement', (0.6149267331238757, 2644.0)), ('cardiomegaly', (0.5078628216566137, 1828.0)), ('pleural thickening', (0.015044425678155882, 2963.0)), ('pleural effusion', (0.00024067388688327315, 1385.0)), ('pulmonary fibrosis', (0.0, 2522.0)), ('lung opacity', (0.0, 1455.0)), ('nodule/mass', (0.0, 1391.0)), ('other lesion', (0.0, 1297.0)), ('infiltration', (0.0, 717.0)), ('calcification', (0.0, 545.0)), ('ild', (0.0, 523.0)), ('consolidation', (0.0, 311.0)), ('atelectasis', (0.0, 173.0)), ('pneumothorax', (0.0, 102.0))]

mAP for validation at 40 is: 0.07897561381686317
mAP for validation for all classes at 40 is: [('aortic enlargement', (0.6006450000617979, 653.0)), ('cardiomegaly', (0.49016263624403456, 455.0)), ('pleural thickening', (0.014850957130252234, 743.0)), ('pulmonary fibrosis', (0.0, 654.0)), ('lung opacity', (0.0, 372.0)), ('other lesion', (0.0, 364.0)), ('pleural effusion', (0.0, 335.0)), ('nodule/mass', (0.0, 295.0)), ('infiltration', (0.0, 159.0)), ('ild', (0.0, 157.0)), ('calcification', (0.0, 133.0)), ('consolidation', (0.0, 81.0)), ('atelectasis', (0.0, 39.0)), ('pneumothorax', (0.0, 20.0))]

Epoch 41/49
----------
Training Total Loss for Iteration 15300 :: 0.5302069187164307
Training Total Loss for Iteration 15350 :: 0.692311704158783
Training Total Loss for Iteration 15400 :: 0.4275406301021576
Training Total Loss for Iteration 15450 :: 0.48576098680496216
Training Total Loss for Iteration 15500 :: 0.6638997197151184
Training Total Loss for Iteration 15550 :: 0.6972875595092773
Training Total Loss for Iteration 15600 :: 0.6572909355163574
Training Total Loss for Iteration 15650 :: 0.41123467683792114
Training Epoch #41 Sum Loss:0.07421819218370347
Validation Total Loss for Iteration 3950 :: 0.6473913192749023
Validation Total Loss for Iteration 4000 :: 0.6917975544929504
Validation Epoch #41 Sum Loss:0.07243670573613296
Epoch 42/49
----------
Training Total Loss for Iteration 15700 :: 0.5068515539169312
Training Total Loss for Iteration 15750 :: 0.7803678512573242
Training Total Loss for Iteration 15800 :: 0.3193347156047821
Training Total Loss for Iteration 15850 :: 0.31655025482177734
Training Total Loss for Iteration 15900 :: 1.0261977910995483
Training Total Loss for Iteration 15950 :: 0.40318843722343445
Training Total Loss for Iteration 16000 :: 0.8006903529167175
Training Epoch #42 Sum Loss:0.0742132932557551
Validation Total Loss for Iteration 4050 :: 0.5690224170684814
Validation Total Loss for Iteration 4100 :: 0.40102919936180115
Validation Epoch #42 Sum Loss:0.07259843987412751
Epoch 43/49
----------
Training Total Loss for Iteration 16050 :: 0.89051753282547
Training Total Loss for Iteration 16100 :: 1.0375158786773682
Training Total Loss for Iteration 16150 :: 1.1207172870635986
Training Total Loss for Iteration 16200 :: 0.4592602252960205
Training Total Loss for Iteration 16250 :: 0.5347974896430969
Training Total Loss for Iteration 16300 :: 0.5878156423568726
Training Total Loss for Iteration 16350 :: 0.5608649253845215
Training Total Loss for Iteration 16400 :: 0.7286706566810608
Training Epoch #43 Sum Loss:0.07428358864640278
Validation Total Loss for Iteration 4150 :: 0.48434972763061523
Validation Total Loss for Iteration 4200 :: 0.5512928366661072
Validation Epoch #43 Sum Loss:0.07269431336317211
Epoch 44/49
----------
Training Total Loss for Iteration 16450 :: 0.9579375386238098
Training Total Loss for Iteration 16500 :: 0.7631189823150635
Training Total Loss for Iteration 16550 :: 0.6717801094055176
Training Total Loss for Iteration 16600 :: 0.5850905179977417
Training Total Loss for Iteration 16650 :: 0.629082202911377
Training Total Loss for Iteration 16700 :: 0.7372225522994995
Training Total Loss for Iteration 16750 :: 0.4782502055168152
Training Epoch #44 Sum Loss:0.07433446959855772
Validation Total Loss for Iteration 4250 :: 0.47107094526290894
Validation Total Loss for Iteration 4300 :: 0.35757821798324585
Validation Epoch #44 Sum Loss:0.0727566108883669
Epoch 45/49
----------
Training Total Loss for Iteration 16800 :: 0.5869723558425903
Training Total Loss for Iteration 16850 :: 0.5254034996032715
Training Total Loss for Iteration 16900 :: 0.3771090805530548
Training Total Loss for Iteration 16950 :: 0.7289316654205322
Training Total Loss for Iteration 17000 :: 0.5545588135719299
Training Total Loss for Iteration 17050 :: 0.786526083946228
Training Total Loss for Iteration 17100 :: 0.560638964176178
Training Total Loss for Iteration 17150 :: 0.7916860580444336
Training Epoch #45 Sum Loss:0.07441354482736175
Validation Total Loss for Iteration 4350 :: 0.516142725944519
Validation Total Loss for Iteration 4400 :: 0.626040518283844
Validation Epoch #45 Sum Loss:0.07273438499153902
mAP for training at 45 is: 0.08163325930716178
mAP for training for all classes at 45 is: [('aortic enlargement', (0.6201479322822268, 2644.0)), ('cardiomegaly', (0.5067860594527196, 1828.0)), ('pleural thickening', (0.01575113315015602, 2963.0)), ('pleural effusion', (0.00018050541516245486, 1385.0)), ('pulmonary fibrosis', (0.0, 2522.0)), ('lung opacity', (0.0, 1455.0)), ('nodule/mass', (0.0, 1391.0)), ('other lesion', (0.0, 1297.0)), ('infiltration', (0.0, 717.0)), ('calcification', (0.0, 545.0)), ('ild', (0.0, 523.0)), ('consolidation', (0.0, 311.0)), ('atelectasis', (0.0, 173.0)), ('pneumothorax', (0.0, 102.0))]

mAP for validation at 45 is: 0.07900748354017884
mAP for validation for all classes at 45 is: [('aortic enlargement', (0.6018294514359465, 653.0)), ('cardiomegaly', (0.4890035940568178, 455.0)), ('pleural thickening', (0.015271724069739496, 743.0)), ('pulmonary fibrosis', (0.0, 654.0)), ('lung opacity', (0.0, 372.0)), ('other lesion', (0.0, 364.0)), ('pleural effusion', (0.0, 335.0)), ('nodule/mass', (0.0, 295.0)), ('infiltration', (0.0, 159.0)), ('ild', (0.0, 157.0)), ('calcification', (0.0, 133.0)), ('consolidation', (0.0, 81.0)), ('atelectasis', (0.0, 39.0)), ('pneumothorax', (0.0, 20.0))]

Epoch 46/49
----------
Training Total Loss for Iteration 17200 :: 0.5510042309761047
Training Total Loss for Iteration 17250 :: 0.4916156232357025
Training Total Loss for Iteration 17300 :: 0.3600301146507263
Training Total Loss for Iteration 17350 :: 0.5638315677642822
Training Total Loss for Iteration 17400 :: 0.4572643041610718
Training Total Loss for Iteration 17450 :: 0.5808778405189514
Training Total Loss for Iteration 17500 :: 0.6250452995300293
Training Epoch #46 Sum Loss:0.07455131696479027
Validation Total Loss for Iteration 4450 :: 0.4803820550441742
Validation Total Loss for Iteration 4500 :: 0.8851572871208191
Validation Epoch #46 Sum Loss:0.07283340313006192
Epoch 47/49
----------
Training Total Loss for Iteration 17550 :: 0.6878495812416077
Training Total Loss for Iteration 17600 :: 0.421578586101532
Training Total Loss for Iteration 17650 :: 0.5573343634605408
Training Total Loss for Iteration 17700 :: 0.6225776672363281
Training Total Loss for Iteration 17750 :: 0.45365431904792786
Training Total Loss for Iteration 17800 :: 0.7861470580101013
Training Total Loss for Iteration 17850 :: 0.5233483910560608
Training Total Loss for Iteration 17900 :: 0.6528128981590271
Training Epoch #47 Sum Loss:0.07458755353959924
Validation Total Loss for Iteration 4550 :: 0.36523568630218506
Validation Total Loss for Iteration 4600 :: 0.6465215682983398
Validation Epoch #47 Sum Loss:0.07288454911516358
Epoch 48/49
----------
Training Total Loss for Iteration 17950 :: 0.6386101245880127
Training Total Loss for Iteration 18000 :: 0.5357608199119568
Training Total Loss for Iteration 18050 :: 0.9331374168395996
Training Total Loss for Iteration 18100 :: 0.5331045389175415
Training Total Loss for Iteration 18150 :: 0.5346092581748962
Training Total Loss for Iteration 18200 :: 0.5295780301094055
Training Total Loss for Iteration 18250 :: 0.5127031803131104
Training Epoch #48 Sum Loss:0.07461282913815212
Validation Total Loss for Iteration 4650 :: 0.652328610420227
Validation Total Loss for Iteration 4700 :: 0.5417498350143433
Validation Epoch #48 Sum Loss:0.07281806898148109
Epoch 49/49
----------
Training Total Loss for Iteration 18300 :: 0.5209634304046631
Training Total Loss for Iteration 18350 :: 0.5599998831748962
Training Total Loss for Iteration 18400 :: 0.8006198406219482
Training Total Loss for Iteration 18450 :: 0.5374176502227783
Training Total Loss for Iteration 18500 :: 0.5843268036842346
Training Total Loss for Iteration 18550 :: 0.5894726514816284
Training Total Loss for Iteration 18600 :: 0.413639098405838
Training Epoch #49 Sum Loss:0.07467794347353247
Validation Total Loss for Iteration 4750 :: 0.5266408920288086
Validation Epoch #49 Sum Loss:0.07300963446808358
mAP for training at 49 is: 0.08155123465637763
mAP for training for all classes at 49 is: [('aortic enlargement', (0.6195416803805408, 2644.0)), ('cardiomegaly', (0.506267263201804, 1828.0)), ('pleural thickening', (0.015727836191779632, 2963.0)), ('pleural effusion', (0.00018050541516245486, 1385.0)), ('pulmonary fibrosis', (0.0, 2522.0)), ('lung opacity', (0.0, 1455.0)), ('nodule/mass', (0.0, 1391.0)), ('other lesion', (0.0, 1297.0)), ('infiltration', (0.0, 717.0)), ('calcification', (0.0, 545.0)), ('ild', (0.0, 523.0)), ('consolidation', (0.0, 311.0)), ('atelectasis', (0.0, 173.0)), ('pneumothorax', (0.0, 102.0))]

mAP for validation at 49 is: 0.07940430165936517
mAP for validation for all classes at 49 is: [('aortic enlargement', (0.6061080908954575, 653.0)), ('cardiomegaly', (0.48680510776731906, 455.0)), ('pleural thickening', (0.015761949941470323, 743.0)), ('pleural effusion', (0.0029850746268656717, 335.0)), ('pulmonary fibrosis', (0.0, 654.0)), ('lung opacity', (0.0, 372.0)), ('other lesion', (0.0, 364.0)), ('nodule/mass', (0.0, 295.0)), ('infiltration', (0.0, 159.0)), ('ild', (0.0, 157.0)), ('calcification', (0.0, 133.0)), ('consolidation', (0.0, 81.0)), ('atelectasis', (0.0, 39.0)), ('pneumothorax', (0.0, 20.0))]

End time:5:11:56.932729
Program Complete
-------------------------
Train: Average: Sum Loss: 0.07376019294451483
Train: Average: Loss Classifier: 0.025700693701396084
Train: Average: Loss Box Reg: 0.010619504720257538
Train: Average: RPN Loss Objectness: 0.02446139985664864
Train: Average: Loss RPN Box Reg: 0.012978594671761136
Validation: Average: Sum Loss: 0.07212734356212121
Validation: Average: Loss Classifier: 0.025247602243519705
Validation: Average: Loss Box Reg: 0.010504710870445706
Validation: Average: RPN Loss Objectness: 0.023718508097032708
Validation: Average: Loss RPN Box Reg: 0.012656522403024912
