cuda
Program started
Epoch 0/49
----------
Training Total Loss for Iteration 0 :: 3.4199109077453613
Training Total Loss for Iteration 50 :: 0.7242348194122314
Training Total Loss for Iteration 100 :: 0.6259710788726807
Training Total Loss for Iteration 150 :: 0.8942188024520874
Training Total Loss for Iteration 200 :: 0.5217146277427673
Training Total Loss for Iteration 250 :: 0.8507253527641296
Training Total Loss for Iteration 300 :: 0.5959638953208923
Training Total Loss for Iteration 350 :: 0.43147727847099304
Training Epoch #0 Sum Loss:0.08898607991118433
Validation Total Loss for Iteration 0 :: 1.1169216632843018
Validation Total Loss for Iteration 50 :: 0.6997114419937134
Validation Epoch #0 Sum Loss:0.08254913271715243
mAP for training at 0 is: 0.041615427854044984
mAP for training for all classes at 0 is: [('aortic enlargement', (0.3856334559079784, 2644.0)), ('cardiomegaly', (0.19698099297202443, 1828.0)), ('pleural thickening', (1.541076626953122e-06, 2963.0)), ('pulmonary fibrosis', (0.0, 2522.0)), ('lung opacity', (0.0, 1455.0)), ('nodule/mass', (0.0, 1391.0)), ('pleural effusion', (0.0, 1385.0)), ('other lesion', (0.0, 1297.0)), ('infiltration', (0.0, 717.0)), ('calcification', (0.0, 545.0)), ('ild', (0.0, 523.0)), ('consolidation', (0.0, 311.0)), ('atelectasis', (0.0, 173.0)), ('pneumothorax', (0.0, 102.0))]

mAP for validation at 0 is: 0.0545660711003241
mAP for validation for all classes at 0 is: [('aortic enlargement', (0.49616849369812055, 653.0)), ('cardiomegaly', (0.26775650170641685, 455.0)), ('pleural thickening', (0.0, 743.0)), ('pulmonary fibrosis', (0.0, 654.0)), ('lung opacity', (0.0, 372.0)), ('other lesion', (0.0, 364.0)), ('pleural effusion', (0.0, 335.0)), ('nodule/mass', (0.0, 295.0)), ('infiltration', (0.0, 159.0)), ('ild', (0.0, 157.0)), ('calcification', (0.0, 133.0)), ('consolidation', (0.0, 81.0)), ('atelectasis', (0.0, 39.0)), ('pneumothorax', (0.0, 20.0))]

Epoch 1/49
----------
Training Total Loss for Iteration 400 :: 0.8018488883972168
Training Total Loss for Iteration 450 :: 0.41491812467575073
Training Total Loss for Iteration 500 :: 0.7924157977104187
Training Total Loss for Iteration 550 :: 0.5136605501174927
Training Total Loss for Iteration 600 :: 0.7472294569015503
Training Total Loss for Iteration 650 :: 0.4642827808856964
Training Total Loss for Iteration 700 :: 0.531251072883606
Training Epoch #1 Sum Loss:0.08465866601055239
Validation Total Loss for Iteration 100 :: 0.7925969362258911
Validation Total Loss for Iteration 150 :: 0.7165968418121338
Validation Epoch #1 Sum Loss:0.08247190981637686
Epoch 2/49
----------
Training Total Loss for Iteration 750 :: 0.5149128437042236
Training Total Loss for Iteration 800 :: 0.4563876986503601
Training Total Loss for Iteration 850 :: 0.7753089070320129
Training Total Loss for Iteration 900 :: 0.5511823296546936
Training Total Loss for Iteration 950 :: 0.674231767654419
Training Total Loss for Iteration 1000 :: 0.6762444972991943
Training Total Loss for Iteration 1050 :: 0.5191869139671326
Training Total Loss for Iteration 1100 :: 0.7313522100448608
Training Epoch #2 Sum Loss:0.08411803499678965
Validation Total Loss for Iteration 200 :: 0.43912050127983093
Validation Total Loss for Iteration 250 :: 0.8584766983985901
Validation Epoch #2 Sum Loss:0.08250885111435007
Epoch 3/49
----------
Training Total Loss for Iteration 1150 :: 0.9030731916427612
Training Total Loss for Iteration 1200 :: 0.5395890474319458
Training Total Loss for Iteration 1250 :: 0.5860836505889893
Training Total Loss for Iteration 1300 :: 0.39515557885169983
Training Total Loss for Iteration 1350 :: 0.7270182967185974
Training Total Loss for Iteration 1400 :: 0.5439663529396057
Training Total Loss for Iteration 1450 :: 0.6835805773735046
Training Epoch #3 Sum Loss:0.08449077463238001
Validation Total Loss for Iteration 300 :: 0.692970871925354
Validation Total Loss for Iteration 350 :: 0.5130467414855957
Validation Epoch #3 Sum Loss:0.08238032871546845
Epoch 4/49
----------
Training Total Loss for Iteration 1500 :: 0.5535867810249329
Training Total Loss for Iteration 1550 :: 0.7329186201095581
Training Total Loss for Iteration 1600 :: 0.548220157623291
Training Total Loss for Iteration 1650 :: 0.7841629385948181
Training Total Loss for Iteration 1700 :: 0.5381609201431274
Training Total Loss for Iteration 1750 :: 0.6952487826347351
Training Total Loss for Iteration 1800 :: 0.5833436846733093
Training Total Loss for Iteration 1850 :: 0.4386448860168457
Training Epoch #4 Sum Loss:0.08402904243286885
Validation Total Loss for Iteration 400 :: 0.6806067228317261
Validation Total Loss for Iteration 450 :: 0.5743296146392822
Validation Epoch #4 Sum Loss:0.08229279114554326
Epoch 5/49
----------
Training Total Loss for Iteration 1900 :: 0.6391541957855225
Training Total Loss for Iteration 1950 :: 0.4612569212913513
Training Total Loss for Iteration 2000 :: 0.7155773043632507
Training Total Loss for Iteration 2050 :: 0.921880841255188
Training Total Loss for Iteration 2100 :: 0.8417336940765381
Training Total Loss for Iteration 2150 :: 0.5021681785583496
Training Total Loss for Iteration 2200 :: 0.6274837255477905
Training Epoch #5 Sum Loss:0.08414871107408241
Validation Total Loss for Iteration 500 :: 0.49332258105278015
Validation Total Loss for Iteration 550 :: 0.7758617401123047
Validation Epoch #5 Sum Loss:0.08220777722696464
mAP for training at 5 is: 0.04189862196503212
mAP for training for all classes at 5 is: [('aortic enlargement', (0.38222813731384075, 2644.0)), ('cardiomegaly', (0.2043525701966089, 1828.0)), ('pleural thickening', (0.0, 2963.0)), ('pulmonary fibrosis', (0.0, 2522.0)), ('lung opacity', (0.0, 1455.0)), ('nodule/mass', (0.0, 1391.0)), ('pleural effusion', (0.0, 1385.0)), ('other lesion', (0.0, 1297.0)), ('infiltration', (0.0, 717.0)), ('calcification', (0.0, 545.0)), ('ild', (0.0, 523.0)), ('consolidation', (0.0, 311.0)), ('atelectasis', (0.0, 173.0)), ('pneumothorax', (0.0, 102.0))]

mAP for validation at 5 is: 0.05542933628858188
mAP for validation for all classes at 5 is: [('aortic enlargement', (0.49909407563145214, 653.0)), ('cardiomegaly', (0.27691663240869424, 455.0)), ('pleural thickening', (0.0, 743.0)), ('pulmonary fibrosis', (0.0, 654.0)), ('lung opacity', (0.0, 372.0)), ('other lesion', (0.0, 364.0)), ('pleural effusion', (0.0, 335.0)), ('nodule/mass', (0.0, 295.0)), ('infiltration', (0.0, 159.0)), ('ild', (0.0, 157.0)), ('calcification', (0.0, 133.0)), ('consolidation', (0.0, 81.0)), ('atelectasis', (0.0, 39.0)), ('pneumothorax', (0.0, 20.0))]

Epoch 6/49
----------
Training Total Loss for Iteration 2250 :: 0.6202888488769531
Training Total Loss for Iteration 2300 :: 0.8247051239013672
Training Total Loss for Iteration 2350 :: 0.628725528717041
Training Total Loss for Iteration 2400 :: 0.6823798418045044
Training Total Loss for Iteration 2450 :: 0.5750590562820435
Training Total Loss for Iteration 2500 :: 0.7549841403961182
Training Total Loss for Iteration 2550 :: 0.6103372573852539
Training Total Loss for Iteration 2600 :: 0.7262272238731384
Training Epoch #6 Sum Loss:0.0842887171959965
Validation Total Loss for Iteration 600 :: 0.6396299600601196
Validation Total Loss for Iteration 650 :: 0.8646340370178223
Validation Epoch #6 Sum Loss:0.08227704554640998
Epoch 7/49
----------
Training Total Loss for Iteration 2650 :: 0.659934937953949
Training Total Loss for Iteration 2700 :: 0.8362138271331787
Training Total Loss for Iteration 2750 :: 0.8923715353012085
Training Total Loss for Iteration 2800 :: 0.8032944202423096
Training Total Loss for Iteration 2850 :: 0.6575212478637695
Training Total Loss for Iteration 2900 :: 0.6919755935668945
Training Total Loss for Iteration 2950 :: 0.4744434058666229
Training Epoch #7 Sum Loss:0.08396239713189267
Validation Total Loss for Iteration 700 :: 0.6084874868392944
Validation Total Loss for Iteration 750 :: 0.9147581458091736
Validation Epoch #7 Sum Loss:0.08215182119359572
Epoch 8/49
----------
Training Total Loss for Iteration 3000 :: 0.5634289383888245
Training Total Loss for Iteration 3050 :: 0.6732137203216553
Training Total Loss for Iteration 3100 :: 0.5782771706581116
Training Total Loss for Iteration 3150 :: 0.6965487599372864
Training Total Loss for Iteration 3200 :: 0.8999464511871338
Training Total Loss for Iteration 3250 :: 0.6411966681480408
Training Total Loss for Iteration 3300 :: 0.5330769419670105
Training Total Loss for Iteration 3350 :: 0.4265775978565216
Training Epoch #8 Sum Loss:0.08411830396749796
Validation Total Loss for Iteration 800 :: 0.9026715755462646
Validation Total Loss for Iteration 850 :: 0.9986720085144043
Validation Epoch #8 Sum Loss:0.0820035586754481
Epoch 9/49
----------
Training Total Loss for Iteration 3400 :: 0.5532609224319458
Training Total Loss for Iteration 3450 :: 0.6681058406829834
Training Total Loss for Iteration 3500 :: 0.8029664754867554
Training Total Loss for Iteration 3550 :: 0.48199033737182617
Training Total Loss for Iteration 3600 :: 0.6584345698356628
Training Total Loss for Iteration 3650 :: 0.6970871090888977
Training Total Loss for Iteration 3700 :: 0.550347626209259
Training Epoch #9 Sum Loss:0.08391934261350814
Validation Total Loss for Iteration 900 :: 0.5095925331115723
Validation Total Loss for Iteration 950 :: 0.7969376444816589
Validation Epoch #9 Sum Loss:0.08197710802778602
Epoch 10/49
----------
Training Total Loss for Iteration 3750 :: 0.6860932111740112
Training Total Loss for Iteration 3800 :: 0.5523368716239929
Training Total Loss for Iteration 3850 :: 0.816806972026825
Training Total Loss for Iteration 3900 :: 0.5929529666900635
Training Total Loss for Iteration 3950 :: 0.7948839664459229
Training Total Loss for Iteration 4000 :: 0.6374155879020691
Training Total Loss for Iteration 4050 :: 0.8829964399337769
Training Total Loss for Iteration 4100 :: 0.6331878900527954
Training Epoch #10 Sum Loss:0.08384802964500676
Validation Total Loss for Iteration 1000 :: 0.5622805953025818
Validation Total Loss for Iteration 1050 :: 0.6367343068122864
Validation Epoch #10 Sum Loss:0.08187755717275043
mAP for training at 10 is: 0.04172883581839833
mAP for training for all classes at 10 is: [('aortic enlargement', (0.3799668548432279, 2644.0)), ('cardiomegaly', (0.20423684661434874, 1828.0)), ('pleural thickening', (0.0, 2963.0)), ('pulmonary fibrosis', (0.0, 2522.0)), ('lung opacity', (0.0, 1455.0)), ('nodule/mass', (0.0, 1391.0)), ('pleural effusion', (0.0, 1385.0)), ('other lesion', (0.0, 1297.0)), ('infiltration', (0.0, 717.0)), ('calcification', (0.0, 545.0)), ('ild', (0.0, 523.0)), ('consolidation', (0.0, 311.0)), ('atelectasis', (0.0, 173.0)), ('pneumothorax', (0.0, 102.0))]

mAP for validation at 10 is: 0.05559679632991007
mAP for validation for all classes at 10 is: [('aortic enlargement', (0.500341965777947, 653.0)), ('cardiomegaly', (0.278013182840794, 455.0)), ('pleural thickening', (0.0, 743.0)), ('pulmonary fibrosis', (0.0, 654.0)), ('lung opacity', (0.0, 372.0)), ('other lesion', (0.0, 364.0)), ('pleural effusion', (0.0, 335.0)), ('nodule/mass', (0.0, 295.0)), ('infiltration', (0.0, 159.0)), ('ild', (0.0, 157.0)), ('calcification', (0.0, 133.0)), ('consolidation', (0.0, 81.0)), ('atelectasis', (0.0, 39.0)), ('pneumothorax', (0.0, 20.0))]

Epoch 11/49
----------
Training Total Loss for Iteration 4150 :: 0.8337258100509644
Training Total Loss for Iteration 4200 :: 0.7625632286071777
Training Total Loss for Iteration 4250 :: 0.6323025226593018
Training Total Loss for Iteration 4300 :: 0.7162147760391235
Training Total Loss for Iteration 4350 :: 0.7505321502685547
Training Total Loss for Iteration 4400 :: 0.45912879705429077
Training Total Loss for Iteration 4450 :: 0.9915851950645447
Training Epoch #11 Sum Loss:0.08381226214935458
Validation Total Loss for Iteration 1100 :: 0.527474582195282
Validation Total Loss for Iteration 1150 :: 0.6726449131965637
Validation Epoch #11 Sum Loss:0.081848645893236
Epoch 12/49
----------
Training Total Loss for Iteration 4500 :: 0.7950969338417053
Training Total Loss for Iteration 4550 :: 0.5450320839881897
Training Total Loss for Iteration 4600 :: 0.5115145444869995
Training Total Loss for Iteration 4650 :: 0.7354918122291565
Training Total Loss for Iteration 4700 :: 0.8722504377365112
Training Total Loss for Iteration 4750 :: 0.7083054780960083
Training Total Loss for Iteration 4800 :: 0.5703859329223633
Training Epoch #12 Sum Loss:0.08395414351817147
Validation Total Loss for Iteration 1200 :: 0.6289654970169067
Validation Epoch #12 Sum Loss:0.08187496146031965
Epoch 13/49
----------
Training Total Loss for Iteration 4850 :: 0.46407976746559143
Training Total Loss for Iteration 4900 :: 0.9182677268981934
Training Total Loss for Iteration 4950 :: 0.4320161044597626
Training Total Loss for Iteration 5000 :: 0.5710079669952393
Training Total Loss for Iteration 5050 :: 0.7199054956436157
Training Total Loss for Iteration 5100 :: 0.6655594110488892
Training Total Loss for Iteration 5150 :: 0.647197425365448
Training Total Loss for Iteration 5200 :: 0.6584511995315552
Training Epoch #13 Sum Loss:0.08372175840474103
Validation Total Loss for Iteration 1250 :: 0.589299201965332
Validation Total Loss for Iteration 1300 :: 0.7030880451202393
Validation Epoch #13 Sum Loss:0.08172306158424665
Epoch 14/49
----------
Training Total Loss for Iteration 5250 :: 0.5535910129547119
Training Total Loss for Iteration 5300 :: 0.8990200757980347
Training Total Loss for Iteration 5350 :: 0.9042697548866272
Training Total Loss for Iteration 5400 :: 0.6170348525047302
Training Total Loss for Iteration 5450 :: 0.4804583787918091
Training Total Loss for Iteration 5500 :: 0.555584192276001
Training Total Loss for Iteration 5550 :: 0.5986537337303162
Training Epoch #14 Sum Loss:0.08359290316016112
Validation Total Loss for Iteration 1350 :: 0.4636562466621399
Validation Total Loss for Iteration 1400 :: 0.5331182479858398
Validation Epoch #14 Sum Loss:0.08165093239707251
Epoch 15/49
----------
Training Total Loss for Iteration 5600 :: 0.5706011056900024
Training Total Loss for Iteration 5650 :: 0.4783683717250824
Training Total Loss for Iteration 5700 :: 0.717600405216217
Training Total Loss for Iteration 5750 :: 0.45423465967178345
Training Total Loss for Iteration 5800 :: 0.5586680769920349
Training Total Loss for Iteration 5850 :: 0.8689101934432983
Training Total Loss for Iteration 5900 :: 0.7361054420471191
Training Total Loss for Iteration 5950 :: 0.8480192422866821
Training Epoch #15 Sum Loss:0.08380653695426744
Validation Total Loss for Iteration 1450 :: 0.5548639893531799
Validation Total Loss for Iteration 1500 :: 0.7215906977653503
Validation Epoch #15 Sum Loss:0.08151332902101179
mAP for training at 15 is: 0.0416385328843927
mAP for training for all classes at 15 is: [('aortic enlargement', (0.3758212295464709, 2644.0)), ('cardiomegaly', (0.20709439638719468, 1828.0)), ('pleural thickening', (2.3834447832113965e-05, 2963.0)), ('pulmonary fibrosis', (0.0, 2522.0)), ('lung opacity', (0.0, 1455.0)), ('nodule/mass', (0.0, 1391.0)), ('pleural effusion', (0.0, 1385.0)), ('other lesion', (0.0, 1297.0)), ('infiltration', (0.0, 717.0)), ('calcification', (0.0, 545.0)), ('ild', (0.0, 523.0)), ('consolidation', (0.0, 311.0)), ('atelectasis', (0.0, 173.0)), ('pneumothorax', (0.0, 102.0))]

mAP for validation at 15 is: 0.05606885340444515
mAP for validation for all classes at 15 is: [('aortic enlargement', (0.5072080644003041, 653.0)), ('cardiomegaly', (0.27775588326192807, 455.0)), ('pleural thickening', (0.0, 743.0)), ('pulmonary fibrosis', (0.0, 654.0)), ('lung opacity', (0.0, 372.0)), ('other lesion', (0.0, 364.0)), ('pleural effusion', (0.0, 335.0)), ('nodule/mass', (0.0, 295.0)), ('infiltration', (0.0, 159.0)), ('ild', (0.0, 157.0)), ('calcification', (0.0, 133.0)), ('consolidation', (0.0, 81.0)), ('atelectasis', (0.0, 39.0)), ('pneumothorax', (0.0, 20.0))]

Epoch 16/49
----------
Training Total Loss for Iteration 6000 :: 0.6018797159194946
Training Total Loss for Iteration 6050 :: 0.6088448762893677
Training Total Loss for Iteration 6100 :: 0.9232954978942871
Training Total Loss for Iteration 6150 :: 0.3922608196735382
Training Total Loss for Iteration 6200 :: 0.5755225419998169
Training Total Loss for Iteration 6250 :: 0.5085844993591309
Training Total Loss for Iteration 6300 :: 0.7445008158683777
Training Epoch #16 Sum Loss:0.0835650388385097
Validation Total Loss for Iteration 1550 :: 0.7223976850509644
Validation Total Loss for Iteration 1600 :: 0.8179279565811157
Validation Epoch #16 Sum Loss:0.08153423325469096
Epoch 17/49
----------
Training Total Loss for Iteration 6350 :: 0.6594361662864685
Training Total Loss for Iteration 6400 :: 0.6317467093467712
Training Total Loss for Iteration 6450 :: 0.6736273765563965
Training Total Loss for Iteration 6500 :: 0.7113125324249268
Training Total Loss for Iteration 6550 :: 0.5179027318954468
Training Total Loss for Iteration 6600 :: 0.45724549889564514
Training Total Loss for Iteration 6650 :: 0.9998399019241333
Training Total Loss for Iteration 6700 :: 0.7710119485855103
Training Epoch #17 Sum Loss:0.08354392773710774
Validation Total Loss for Iteration 1650 :: 0.6175309419631958
Validation Total Loss for Iteration 1700 :: 0.49470728635787964
Validation Epoch #17 Sum Loss:0.08139399675807606
Epoch 18/49
----------
Training Total Loss for Iteration 6750 :: 0.529509425163269
Training Total Loss for Iteration 6800 :: 0.7850207090377808
Training Total Loss for Iteration 6850 :: 1.0300867557525635
Training Total Loss for Iteration 6900 :: 0.9913042783737183
Training Total Loss for Iteration 6950 :: 0.46944543719291687
Training Total Loss for Iteration 7000 :: 0.7144842743873596
Training Total Loss for Iteration 7050 :: 0.4911777377128601
Training Epoch #18 Sum Loss:0.08348799961519417
Validation Total Loss for Iteration 1750 :: 0.6636418700218201
Validation Total Loss for Iteration 1800 :: 0.550632894039154
Validation Epoch #18 Sum Loss:0.08126291857721905
Epoch 19/49
----------
Training Total Loss for Iteration 7100 :: 0.8633090853691101
Training Total Loss for Iteration 7150 :: 1.0180003643035889
Training Total Loss for Iteration 7200 :: 0.41560089588165283
Training Total Loss for Iteration 7250 :: 0.7396231293678284
Training Total Loss for Iteration 7300 :: 0.8465424180030823
Training Total Loss for Iteration 7350 :: 0.923470675945282
Training Total Loss for Iteration 7400 :: 1.0551328659057617
Training Total Loss for Iteration 7450 :: 0.7322999835014343
Training Epoch #19 Sum Loss:0.08335746710270853
Validation Total Loss for Iteration 1850 :: 0.5505633354187012
Validation Total Loss for Iteration 1900 :: 0.4594365954399109
Validation Epoch #19 Sum Loss:0.08127740510584165
Epoch 20/49
----------
Training Total Loss for Iteration 7500 :: 0.6276602745056152
Training Total Loss for Iteration 7550 :: 0.42168423533439636
Training Total Loss for Iteration 7600 :: 0.5216248035430908
Training Total Loss for Iteration 7650 :: 0.6156805753707886
Training Total Loss for Iteration 7700 :: 0.7200842499732971
Training Total Loss for Iteration 7750 :: 0.7082985043525696
Training Total Loss for Iteration 7800 :: 0.47012877464294434
Training Epoch #20 Sum Loss:0.0833989572041149
Validation Total Loss for Iteration 1950 :: 0.5507994890213013
Validation Total Loss for Iteration 2000 :: 0.6564924120903015
Validation Epoch #20 Sum Loss:0.08119170422044893
mAP for training at 20 is: 0.04233704152545947
mAP for training for all classes at 20 is: [('aortic enlargement', (0.38506631253243845, 2644.0)), ('cardiomegaly', (0.20762970894556487, 1828.0)), ('pleural thickening', (2.255987842932712e-05, 2963.0)), ('pulmonary fibrosis', (0.0, 2522.0)), ('lung opacity', (0.0, 1455.0)), ('nodule/mass', (0.0, 1391.0)), ('pleural effusion', (0.0, 1385.0)), ('other lesion', (0.0, 1297.0)), ('infiltration', (0.0, 717.0)), ('calcification', (0.0, 545.0)), ('ild', (0.0, 523.0)), ('consolidation', (0.0, 311.0)), ('atelectasis', (0.0, 173.0)), ('pneumothorax', (0.0, 102.0))]

mAP for validation at 20 is: 0.05721037076839517
mAP for validation for all classes at 20 is: [('aortic enlargement', (0.5201745772010196, 653.0)), ('cardiomegaly', (0.28075673835011905, 455.0)), ('pleural thickening', (1.3875206393695105e-05, 743.0)), ('pulmonary fibrosis', (0.0, 654.0)), ('lung opacity', (0.0, 372.0)), ('other lesion', (0.0, 364.0)), ('pleural effusion', (0.0, 335.0)), ('nodule/mass', (0.0, 295.0)), ('infiltration', (0.0, 159.0)), ('ild', (0.0, 157.0)), ('calcification', (0.0, 133.0)), ('consolidation', (0.0, 81.0)), ('atelectasis', (0.0, 39.0)), ('pneumothorax', (0.0, 20.0))]

Epoch 21/49
----------
Training Total Loss for Iteration 7850 :: 0.7534856200218201
Training Total Loss for Iteration 7900 :: 0.7043148279190063
Training Total Loss for Iteration 7950 :: 0.5322900414466858
Training Total Loss for Iteration 8000 :: 0.378050833940506
Training Total Loss for Iteration 8050 :: 0.6731932759284973
Training Total Loss for Iteration 8100 :: 0.6075006723403931
Training Total Loss for Iteration 8150 :: 0.6152357459068298
Training Total Loss for Iteration 8200 :: 0.5544814467430115
Training Epoch #21 Sum Loss:0.08334422999282524
Validation Total Loss for Iteration 2050 :: 0.5212242603302002
Validation Total Loss for Iteration 2100 :: 0.862805962562561
Validation Epoch #21 Sum Loss:0.08108338775734107
Epoch 22/49
----------
Training Total Loss for Iteration 8250 :: 0.5455166101455688
Training Total Loss for Iteration 8300 :: 0.8353071212768555
Training Total Loss for Iteration 8350 :: 0.5409532785415649
Training Total Loss for Iteration 8400 :: 0.6869089603424072
Training Total Loss for Iteration 8450 :: 0.4440862536430359
Training Total Loss for Iteration 8500 :: 0.5189863443374634
Training Total Loss for Iteration 8550 :: 0.633438229560852
Training Epoch #22 Sum Loss:0.08308842038396459
Validation Total Loss for Iteration 2150 :: 0.4123237133026123
Validation Total Loss for Iteration 2200 :: 0.7741023302078247
Validation Epoch #22 Sum Loss:0.08113965302860986
Epoch 23/49
----------
Training Total Loss for Iteration 8600 :: 0.4477442502975464
Training Total Loss for Iteration 8650 :: 0.689970850944519
Training Total Loss for Iteration 8700 :: 0.5887768268585205
Training Total Loss for Iteration 8750 :: 0.7413939237594604
Training Total Loss for Iteration 8800 :: 0.496893972158432
Training Total Loss for Iteration 8850 :: 0.5310534834861755
Training Total Loss for Iteration 8900 :: 0.7961870431900024
Training Total Loss for Iteration 8950 :: 0.6663846969604492
Training Epoch #23 Sum Loss:0.08302986427906654
Validation Total Loss for Iteration 2250 :: 0.733293354511261
Validation Total Loss for Iteration 2300 :: 0.5804584622383118
Validation Epoch #23 Sum Loss:0.08109294817162056
Epoch 24/49
----------
Training Total Loss for Iteration 9000 :: 0.5767673254013062
Training Total Loss for Iteration 9050 :: 0.5223375558853149
Training Total Loss for Iteration 9100 :: 0.6353160738945007
Training Total Loss for Iteration 9150 :: 0.831466794013977
Training Total Loss for Iteration 9200 :: 0.8387888669967651
Training Total Loss for Iteration 9250 :: 0.5304644107818604
Training Total Loss for Iteration 9300 :: 0.6964100003242493
Training Epoch #24 Sum Loss:0.08308420301043559
Validation Total Loss for Iteration 2350 :: 0.5526591539382935
Validation Epoch #24 Sum Loss:0.08086103146585326
Epoch 25/49
----------
Training Total Loss for Iteration 9350 :: 0.6007526516914368
Training Total Loss for Iteration 9400 :: 0.4366829991340637
Training Total Loss for Iteration 9450 :: 0.5219477415084839
Training Total Loss for Iteration 9500 :: 0.9541115760803223
Training Total Loss for Iteration 9550 :: 0.914573073387146
Training Total Loss for Iteration 9600 :: 0.6991616487503052
Training Total Loss for Iteration 9650 :: 0.5169016718864441
Training Epoch #25 Sum Loss:0.08294117954584306
Validation Total Loss for Iteration 2400 :: 1.1007119417190552
Validation Total Loss for Iteration 2450 :: 0.6925206780433655
Validation Epoch #25 Sum Loss:0.08085875294636935
mAP for training at 25 is: 0.042671578391998206
mAP for training for all classes at 25 is: [('aortic enlargement', (0.3804415676433338, 2644.0)), ('cardiomegaly', (0.21694404298791167, 1828.0)), ('pleural thickening', (1.648685672939695e-05, 2963.0)), ('pulmonary fibrosis', (0.0, 2522.0)), ('lung opacity', (0.0, 1455.0)), ('nodule/mass', (0.0, 1391.0)), ('pleural effusion', (0.0, 1385.0)), ('other lesion', (0.0, 1297.0)), ('infiltration', (0.0, 717.0)), ('calcification', (0.0, 545.0)), ('ild', (0.0, 523.0)), ('consolidation', (0.0, 311.0)), ('atelectasis', (0.0, 173.0)), ('pneumothorax', (0.0, 102.0))]

mAP for validation at 25 is: 0.05698132153418977
mAP for validation for all classes at 25 is: [('aortic enlargement', (0.515674523990625, 653.0)), ('cardiomegaly', (0.2819755610268515, 455.0)), ('pleural thickening', (8.841646118026152e-05, 743.0)), ('pulmonary fibrosis', (0.0, 654.0)), ('lung opacity', (0.0, 372.0)), ('other lesion', (0.0, 364.0)), ('pleural effusion', (0.0, 335.0)), ('nodule/mass', (0.0, 295.0)), ('infiltration', (0.0, 159.0)), ('ild', (0.0, 157.0)), ('calcification', (0.0, 133.0)), ('consolidation', (0.0, 81.0)), ('atelectasis', (0.0, 39.0)), ('pneumothorax', (0.0, 20.0))]

Epoch 26/49
----------
Training Total Loss for Iteration 9700 :: 0.8667320013046265
Training Total Loss for Iteration 9750 :: 0.5525494813919067
Training Total Loss for Iteration 9800 :: 0.4493182301521301
Training Total Loss for Iteration 9850 :: 0.6641278266906738
Training Total Loss for Iteration 9900 :: 0.6147787570953369
Training Total Loss for Iteration 9950 :: 0.6102768778800964
Training Total Loss for Iteration 10000 :: 0.37411612272262573
Training Total Loss for Iteration 10050 :: 0.556363582611084
Training Epoch #26 Sum Loss:0.08302992132437065
Validation Total Loss for Iteration 2500 :: 0.775529682636261
Validation Total Loss for Iteration 2550 :: 0.7139242887496948
Validation Epoch #26 Sum Loss:0.08077946910634637
Epoch 27/49
----------
Training Total Loss for Iteration 10100 :: 0.8157800436019897
Training Total Loss for Iteration 10150 :: 0.6461843252182007
Training Total Loss for Iteration 10200 :: 0.8404054045677185
Training Total Loss for Iteration 10250 :: 0.4735080301761627
Training Total Loss for Iteration 10300 :: 1.03104829788208
Training Total Loss for Iteration 10350 :: 0.7989096641540527
Training Total Loss for Iteration 10400 :: 0.5695458054542542
Training Epoch #27 Sum Loss:0.08297850218086344
Validation Total Loss for Iteration 2600 :: 0.4485619366168976
Validation Total Loss for Iteration 2650 :: 0.8314447402954102
Validation Epoch #27 Sum Loss:0.08084759907796979
Epoch 28/49
----------
Training Total Loss for Iteration 10450 :: 0.7911515831947327
Training Total Loss for Iteration 10500 :: 0.4647290110588074
Training Total Loss for Iteration 10550 :: 0.6352629065513611
Training Total Loss for Iteration 10600 :: 0.6923279166221619
Training Total Loss for Iteration 10650 :: 0.6518632173538208
Training Total Loss for Iteration 10700 :: 0.5319392085075378
Training Total Loss for Iteration 10750 :: 0.6674362421035767
Training Total Loss for Iteration 10800 :: 0.5169646739959717
Training Epoch #28 Sum Loss:0.08284315437888268
Validation Total Loss for Iteration 2700 :: 0.6709541082382202
Validation Total Loss for Iteration 2750 :: 0.5012592077255249
Validation Epoch #28 Sum Loss:0.08072226494550705
Epoch 29/49
----------
Training Total Loss for Iteration 10850 :: 0.4654935896396637
Training Total Loss for Iteration 10900 :: 1.0141353607177734
Training Total Loss for Iteration 10950 :: 0.4245471954345703
Training Total Loss for Iteration 11000 :: 0.6852269768714905
Training Total Loss for Iteration 11050 :: 0.5953003168106079
Training Total Loss for Iteration 11100 :: 0.8170109987258911
Training Total Loss for Iteration 11150 :: 0.4662621021270752
Training Epoch #29 Sum Loss:0.08303830891357737
Validation Total Loss for Iteration 2800 :: 0.6857718825340271
Validation Total Loss for Iteration 2850 :: 0.5725969672203064
Validation Epoch #29 Sum Loss:0.08071080451676
Epoch 30/49
----------
Training Total Loss for Iteration 11200 :: 1.003220796585083
Training Total Loss for Iteration 11250 :: 0.4590316712856293
Training Total Loss for Iteration 11300 :: 0.5100301504135132
Training Total Loss for Iteration 11350 :: 0.7437549829483032
Training Total Loss for Iteration 11400 :: 0.7744531035423279
Training Total Loss for Iteration 11450 :: 0.5331231355667114
Training Total Loss for Iteration 11500 :: 0.5702952146530151
Training Total Loss for Iteration 11550 :: 0.437824547290802
Training Epoch #30 Sum Loss:0.08280082988243141
Validation Total Loss for Iteration 2900 :: 0.4989345967769623
Validation Total Loss for Iteration 2950 :: 0.7631182670593262
Validation Epoch #30 Sum Loss:0.08061469680008788
mAP for training at 30 is: 0.04325723521512858
mAP for training for all classes at 30 is: [('aortic enlargement', (0.3815782516994063, 2644.0)), ('cardiomegaly', (0.2238908219768209, 1828.0)), ('pulmonary fibrosis', (0.00011273343595963365, 2522.0)), ('pleural thickening', (1.948589961332181e-05, 2963.0)), ('lung opacity', (0.0, 1455.0)), ('nodule/mass', (0.0, 1391.0)), ('pleural effusion', (0.0, 1385.0)), ('other lesion', (0.0, 1297.0)), ('infiltration', (0.0, 717.0)), ('calcification', (0.0, 545.0)), ('ild', (0.0, 523.0)), ('consolidation', (0.0, 311.0)), ('atelectasis', (0.0, 173.0)), ('pneumothorax', (0.0, 102.0))]

mAP for validation at 30 is: 0.05688879807575669
mAP for validation for all classes at 30 is: [('aortic enlargement', (0.5133407156328544, 653.0)), ('cardiomegaly', (0.28301273109306, 455.0)), ('pleural thickening', (8.972633467922836e-05, 743.0)), ('pulmonary fibrosis', (0.0, 654.0)), ('lung opacity', (0.0, 372.0)), ('other lesion', (0.0, 364.0)), ('pleural effusion', (0.0, 335.0)), ('nodule/mass', (0.0, 295.0)), ('infiltration', (0.0, 159.0)), ('ild', (0.0, 157.0)), ('calcification', (0.0, 133.0)), ('consolidation', (0.0, 81.0)), ('atelectasis', (0.0, 39.0)), ('pneumothorax', (0.0, 20.0))]

Epoch 31/49
----------
Training Total Loss for Iteration 11600 :: 0.6338918209075928
Training Total Loss for Iteration 11650 :: 0.6112101078033447
Training Total Loss for Iteration 11700 :: 0.8168920278549194
Training Total Loss for Iteration 11750 :: 0.767997145652771
Training Total Loss for Iteration 11800 :: 0.48767244815826416
Training Total Loss for Iteration 11850 :: 0.5818024277687073
Training Total Loss for Iteration 11900 :: 0.45917296409606934
Training Epoch #31 Sum Loss:0.0827532580477885
Validation Total Loss for Iteration 3000 :: 0.6294138431549072
Validation Total Loss for Iteration 3050 :: 0.8729304075241089
Validation Epoch #31 Sum Loss:0.08063354843761772
Epoch 32/49
----------
Training Total Loss for Iteration 11950 :: 0.5161475539207458
Training Total Loss for Iteration 12000 :: 0.6238418221473694
Training Total Loss for Iteration 12050 :: 0.5886446833610535
Training Total Loss for Iteration 12100 :: 0.6391944885253906
Training Total Loss for Iteration 12150 :: 0.6371519565582275
Training Total Loss for Iteration 12200 :: 0.5667881965637207
Training Total Loss for Iteration 12250 :: 0.6117270588874817
Training Total Loss for Iteration 12300 :: 0.5560463666915894
Training Epoch #32 Sum Loss:0.0828576356982353
Validation Total Loss for Iteration 3100 :: 0.6055494546890259
Validation Total Loss for Iteration 3150 :: 0.9087907075881958
Validation Epoch #32 Sum Loss:0.08069173297068725
Epoch 33/49
----------
Training Total Loss for Iteration 12350 :: 0.870712399482727
Training Total Loss for Iteration 12400 :: 0.5889927744865417
Training Total Loss for Iteration 12450 :: 0.5522254109382629
Training Total Loss for Iteration 12500 :: 0.5950816869735718
Training Total Loss for Iteration 12550 :: 0.7097570896148682
Training Total Loss for Iteration 12600 :: 0.7615435123443604
Training Total Loss for Iteration 12650 :: 1.1399941444396973
Training Epoch #33 Sum Loss:0.08280426358784737
Validation Total Loss for Iteration 3200 :: 0.9056088924407959
Validation Total Loss for Iteration 3250 :: 0.973120927810669
Validation Epoch #33 Sum Loss:0.08046662737615407
Epoch 34/49
----------
Training Total Loss for Iteration 12700 :: 0.8915215134620667
Training Total Loss for Iteration 12750 :: 0.7179864645004272
Training Total Loss for Iteration 12800 :: 0.6933894157409668
Training Total Loss for Iteration 12850 :: 0.8555585145950317
Training Total Loss for Iteration 12900 :: 0.4170008897781372
Training Total Loss for Iteration 12950 :: 0.47058114409446716
Training Total Loss for Iteration 13000 :: 0.7634349465370178
Training Total Loss for Iteration 13050 :: 1.0710116624832153
Training Epoch #34 Sum Loss:0.08298926226887196
Validation Total Loss for Iteration 3300 :: 0.48980826139450073
Validation Total Loss for Iteration 3350 :: 0.7663366794586182
Validation Epoch #34 Sum Loss:0.08051557481909792
Epoch 35/49
----------
Training Total Loss for Iteration 13100 :: 0.7180460691452026
Training Total Loss for Iteration 13150 :: 0.40982934832572937
Training Total Loss for Iteration 13200 :: 0.665404736995697
Training Total Loss for Iteration 13250 :: 0.6314020752906799
Training Total Loss for Iteration 13300 :: 0.5518949627876282
Training Total Loss for Iteration 13350 :: 0.8124697208404541
Training Total Loss for Iteration 13400 :: 0.6758078336715698
Training Epoch #35 Sum Loss:0.082674059560738
Validation Total Loss for Iteration 3400 :: 0.5668087601661682
Validation Total Loss for Iteration 3450 :: 0.620678186416626
Validation Epoch #35 Sum Loss:0.08043359123015155
mAP for training at 35 is: 0.04277621662296325
mAP for training for all classes at 35 is: [('aortic enlargement', (0.3828415738212439, 2644.0)), ('cardiomegaly', (0.21595816213527336, 1828.0)), ('pleural thickening', (4.086271791557762e-05, 2963.0)), ('pulmonary fibrosis', (2.6434047052603755e-05, 2522.0)), ('lung opacity', (0.0, 1455.0)), ('nodule/mass', (0.0, 1391.0)), ('pleural effusion', (0.0, 1385.0)), ('other lesion', (0.0, 1297.0)), ('infiltration', (0.0, 717.0)), ('calcification', (0.0, 545.0)), ('ild', (0.0, 523.0)), ('consolidation', (0.0, 311.0)), ('atelectasis', (0.0, 173.0)), ('pneumothorax', (0.0, 102.0))]

mAP for validation at 35 is: 0.05731642702699484
mAP for validation for all classes at 35 is: [('aortic enlargement', (0.5140424289141252, 653.0)), ('cardiomegaly', (0.2882705151142208, 455.0)), ('pleural thickening', (0.0001170343495816022, 743.0)), ('pulmonary fibrosis', (0.0, 654.0)), ('lung opacity', (0.0, 372.0)), ('other lesion', (0.0, 364.0)), ('pleural effusion', (0.0, 335.0)), ('nodule/mass', (0.0, 295.0)), ('infiltration', (0.0, 159.0)), ('ild', (0.0, 157.0)), ('calcification', (0.0, 133.0)), ('consolidation', (0.0, 81.0)), ('atelectasis', (0.0, 39.0)), ('pneumothorax', (0.0, 20.0))]

Epoch 36/49
----------
Training Total Loss for Iteration 13450 :: 0.6498228311538696
Training Total Loss for Iteration 13500 :: 0.584526777267456
Training Total Loss for Iteration 13550 :: 0.8093326687812805
Training Total Loss for Iteration 13600 :: 0.44243234395980835
Training Total Loss for Iteration 13650 :: 0.5152698159217834
Training Total Loss for Iteration 13700 :: 0.5387564897537231
Training Total Loss for Iteration 13750 :: 0.5362477898597717
Training Total Loss for Iteration 13800 :: 0.6109397411346436
Training Epoch #36 Sum Loss:0.08266700333854729
Validation Total Loss for Iteration 3500 :: 0.5075905919075012
Validation Total Loss for Iteration 3550 :: 0.659338116645813
Validation Epoch #36 Sum Loss:0.08045817217013489
Epoch 37/49
----------
Training Total Loss for Iteration 13850 :: 0.560146689414978
Training Total Loss for Iteration 13900 :: 1.2268941402435303
Training Total Loss for Iteration 13950 :: 0.6485334634780884
Training Total Loss for Iteration 14000 :: 0.5455178618431091
Training Total Loss for Iteration 14050 :: 0.49710312485694885
Training Total Loss for Iteration 14100 :: 0.5366377830505371
Training Total Loss for Iteration 14150 :: 0.593725860118866
Training Epoch #37 Sum Loss:0.08263146839298606
Validation Total Loss for Iteration 3600 :: 0.6178607940673828
Validation Epoch #37 Sum Loss:0.08045777690131217
Epoch 38/49
----------
Training Total Loss for Iteration 14200 :: 0.4621693193912506
Training Total Loss for Iteration 14250 :: 0.6150791049003601
Training Total Loss for Iteration 14300 :: 0.4976402521133423
Training Total Loss for Iteration 14350 :: 0.6257674098014832
Training Total Loss for Iteration 14400 :: 0.9179876446723938
Training Total Loss for Iteration 14450 :: 0.6966882348060608
Training Total Loss for Iteration 14500 :: 0.8262147903442383
Training Epoch #38 Sum Loss:0.0825106137073188
Validation Total Loss for Iteration 3650 :: 0.5750441551208496
Validation Total Loss for Iteration 3700 :: 0.6484585404396057
Validation Epoch #38 Sum Loss:0.08028241359473516
Epoch 39/49
----------
Training Total Loss for Iteration 14550 :: 0.7060956358909607
Training Total Loss for Iteration 14600 :: 0.855726957321167
Training Total Loss for Iteration 14650 :: 0.5914498567581177
Training Total Loss for Iteration 14700 :: 0.663835883140564
Training Total Loss for Iteration 14750 :: 0.9807681441307068
Training Total Loss for Iteration 14800 :: 0.6644307374954224
Training Total Loss for Iteration 14850 :: 0.5519282817840576
Training Total Loss for Iteration 14900 :: 0.6730692386627197
Training Epoch #39 Sum Loss:0.08251854473414416
Validation Total Loss for Iteration 3750 :: 0.45635199546813965
Validation Total Loss for Iteration 3800 :: 0.5239272117614746
Validation Epoch #39 Sum Loss:0.08031564527967323
Epoch 40/49
----------
Training Total Loss for Iteration 14950 :: 0.538483738899231
Training Total Loss for Iteration 15000 :: 0.6906132698059082
Training Total Loss for Iteration 15050 :: 0.6368998885154724
Training Total Loss for Iteration 15100 :: 0.7611274719238281
Training Total Loss for Iteration 15150 :: 0.8135035634040833
Training Total Loss for Iteration 15200 :: 0.7262918949127197
Training Total Loss for Iteration 15250 :: 0.6440709829330444
Training Epoch #40 Sum Loss:0.08250396166100513
Validation Total Loss for Iteration 3850 :: 0.5530961751937866
Validation Total Loss for Iteration 3900 :: 0.7258468866348267
Validation Epoch #40 Sum Loss:0.08021305466536433
mAP for training at 40 is: 0.04390016013992204
mAP for training for all classes at 40 is: [('aortic enlargement', (0.38517275403081097, 2644.0)), ('cardiomegaly', (0.22925772366525274, 1828.0)), ('pulmonary fibrosis', (8.714521006352886e-05, 2522.0)), ('pleural thickening', (8.46190527813329e-05, 2963.0)), ('lung opacity', (0.0, 1455.0)), ('nodule/mass', (0.0, 1391.0)), ('pleural effusion', (0.0, 1385.0)), ('other lesion', (0.0, 1297.0)), ('infiltration', (0.0, 717.0)), ('calcification', (0.0, 545.0)), ('ild', (0.0, 523.0)), ('consolidation', (0.0, 311.0)), ('atelectasis', (0.0, 173.0)), ('pneumothorax', (0.0, 102.0))]

mAP for validation at 40 is: 0.05745172936195435
mAP for validation for all classes at 40 is: [('aortic enlargement', (0.512296622923891, 653.0)), ('cardiomegaly', (0.29191055379388825, 455.0)), ('pleural thickening', (0.0001170343495816022, 743.0)), ('pulmonary fibrosis', (0.0, 654.0)), ('lung opacity', (0.0, 372.0)), ('other lesion', (0.0, 364.0)), ('pleural effusion', (0.0, 335.0)), ('nodule/mass', (0.0, 295.0)), ('infiltration', (0.0, 159.0)), ('ild', (0.0, 157.0)), ('calcification', (0.0, 133.0)), ('consolidation', (0.0, 81.0)), ('atelectasis', (0.0, 39.0)), ('pneumothorax', (0.0, 20.0))]

Epoch 41/49
----------
Training Total Loss for Iteration 15300 :: 0.6176494359970093
Training Total Loss for Iteration 15350 :: 0.7354300618171692
Training Total Loss for Iteration 15400 :: 0.4567260146141052
Training Total Loss for Iteration 15450 :: 0.7475038766860962
Training Total Loss for Iteration 15500 :: 0.6822651624679565
Training Total Loss for Iteration 15550 :: 0.8612314462661743
Training Total Loss for Iteration 15600 :: 0.949265718460083
Training Total Loss for Iteration 15650 :: 0.6379485726356506
Training Epoch #41 Sum Loss:0.08239428344607873
Validation Total Loss for Iteration 3950 :: 0.7004574537277222
Validation Total Loss for Iteration 4000 :: 0.8093946576118469
Validation Epoch #41 Sum Loss:0.08009266116035481
Epoch 42/49
----------
Training Total Loss for Iteration 15700 :: 0.39213255047798157
Training Total Loss for Iteration 15750 :: 0.5604698657989502
Training Total Loss for Iteration 15800 :: 0.807065486907959
Training Total Loss for Iteration 15850 :: 0.4397592544555664
Training Total Loss for Iteration 15900 :: 0.7506320476531982
Training Total Loss for Iteration 15950 :: 0.39436906576156616
Training Total Loss for Iteration 16000 :: 1.136113166809082
Training Epoch #42 Sum Loss:0.0824894880996539
Validation Total Loss for Iteration 4050 :: 0.6038134694099426
Validation Total Loss for Iteration 4100 :: 0.4892169237136841
Validation Epoch #42 Sum Loss:0.08027668002371986
Epoch 43/49
----------
Training Total Loss for Iteration 16050 :: 0.7103071212768555
Training Total Loss for Iteration 16100 :: 0.7202352285385132
Training Total Loss for Iteration 16150 :: 0.6322458982467651
Training Total Loss for Iteration 16200 :: 0.7908071875572205
Training Total Loss for Iteration 16250 :: 0.8117862939834595
Training Total Loss for Iteration 16300 :: 0.9305688142776489
Training Total Loss for Iteration 16350 :: 0.6814179420471191
Training Total Loss for Iteration 16400 :: 0.6868789196014404
Training Epoch #43 Sum Loss:0.08226484157262492
Validation Total Loss for Iteration 4150 :: 0.6498367786407471
Validation Total Loss for Iteration 4200 :: 0.5159232020378113
Validation Epoch #43 Sum Loss:0.08020854380447417
Epoch 44/49
----------
Training Total Loss for Iteration 16450 :: 0.43925929069519043
Training Total Loss for Iteration 16500 :: 0.5343768000602722
Training Total Loss for Iteration 16550 :: 0.6730105876922607
Training Total Loss for Iteration 16600 :: 0.6000092625617981
Training Total Loss for Iteration 16650 :: 0.6929771304130554
Training Total Loss for Iteration 16700 :: 0.6640074253082275
Training Total Loss for Iteration 16750 :: 1.0403025150299072
Training Epoch #44 Sum Loss:0.08224640595197118
Validation Total Loss for Iteration 4250 :: 0.5301547646522522
Validation Total Loss for Iteration 4300 :: 0.45758408308029175
Validation Epoch #44 Sum Loss:0.08017282952399303
Epoch 45/49
----------
Training Total Loss for Iteration 16800 :: 0.8881452083587646
Training Total Loss for Iteration 16850 :: 0.6665204167366028
Training Total Loss for Iteration 16900 :: 0.42616450786590576
Training Total Loss for Iteration 16950 :: 0.6297123432159424
Training Total Loss for Iteration 17000 :: 0.5668101906776428
Training Total Loss for Iteration 17050 :: 0.7300418615341187
Training Total Loss for Iteration 17100 :: 0.6427615880966187
Training Total Loss for Iteration 17150 :: 0.9443663358688354
Training Epoch #45 Sum Loss:0.0823520451174291
Validation Total Loss for Iteration 4350 :: 0.5495867133140564
Validation Total Loss for Iteration 4400 :: 0.6537858247756958
Validation Epoch #45 Sum Loss:0.08008639603698005
mAP for training at 45 is: 0.044578936539352236
mAP for training for all classes at 45 is: [('aortic enlargement', (0.3887892944834333, 2644.0)), ('cardiomegaly', (0.23493407233588115, 1828.0)), ('pulmonary fibrosis', (0.00026258405543948574, 2522.0)), ('pleural thickening', (0.00011916067617731102, 2963.0)), ('lung opacity', (0.0, 1455.0)), ('nodule/mass', (0.0, 1391.0)), ('pleural effusion', (0.0, 1385.0)), ('other lesion', (0.0, 1297.0)), ('infiltration', (0.0, 717.0)), ('calcification', (0.0, 545.0)), ('ild', (0.0, 523.0)), ('consolidation', (0.0, 311.0)), ('atelectasis', (0.0, 173.0)), ('pneumothorax', (0.0, 102.0))]

mAP for validation at 45 is: 0.05704759805669677
mAP for validation for all classes at 45 is: [('aortic enlargement', (0.5123506722185375, 653.0)), ('cardiomegaly', (0.2858864978325587, 455.0)), ('pleural thickening', (0.00042920274265851357, 743.0)), ('pulmonary fibrosis', (0.0, 654.0)), ('lung opacity', (0.0, 372.0)), ('other lesion', (0.0, 364.0)), ('pleural effusion', (0.0, 335.0)), ('nodule/mass', (0.0, 295.0)), ('infiltration', (0.0, 159.0)), ('ild', (0.0, 157.0)), ('calcification', (0.0, 133.0)), ('consolidation', (0.0, 81.0)), ('atelectasis', (0.0, 39.0)), ('pneumothorax', (0.0, 20.0))]

Epoch 46/49
----------
Training Total Loss for Iteration 17200 :: 0.6774165034294128
Training Total Loss for Iteration 17250 :: 0.6433868408203125
Training Total Loss for Iteration 17300 :: 0.5831698775291443
Training Total Loss for Iteration 17350 :: 0.6137017607688904
Training Total Loss for Iteration 17400 :: 0.7339658737182617
Training Total Loss for Iteration 17450 :: 0.6117522120475769
Training Total Loss for Iteration 17500 :: 0.4742735028266907
Training Epoch #46 Sum Loss:0.08247475386545666
Validation Total Loss for Iteration 4450 :: 0.5179518461227417
Validation Total Loss for Iteration 4500 :: 0.853412389755249
Validation Epoch #46 Sum Loss:0.08008236022821318
Epoch 47/49
----------
Training Total Loss for Iteration 17550 :: 0.5409097671508789
Training Total Loss for Iteration 17600 :: 0.5657391548156738
Training Total Loss for Iteration 17650 :: 0.9202268123626709
Training Total Loss for Iteration 17700 :: 0.7288055419921875
Training Total Loss for Iteration 17750 :: 0.7219974994659424
Training Total Loss for Iteration 17800 :: 0.5968738794326782
Training Total Loss for Iteration 17850 :: 0.46809402108192444
Training Total Loss for Iteration 17900 :: 0.6030030846595764
Training Epoch #47 Sum Loss:0.08227192544769177
Validation Total Loss for Iteration 4550 :: 0.409030020236969
Validation Total Loss for Iteration 4600 :: 0.7446364164352417
Validation Epoch #47 Sum Loss:0.08005519211292267
Epoch 48/49
----------
Training Total Loss for Iteration 17950 :: 0.4242837727069855
Training Total Loss for Iteration 18000 :: 0.5825178623199463
Training Total Loss for Iteration 18050 :: 0.4490862190723419
Training Total Loss for Iteration 18100 :: 0.6184365153312683
Training Total Loss for Iteration 18150 :: 0.4775879681110382
Training Total Loss for Iteration 18200 :: 0.5566065907478333
Training Total Loss for Iteration 18250 :: 0.673281729221344
Training Epoch #48 Sum Loss:0.08216171389016398
Validation Total Loss for Iteration 4650 :: 0.7146311402320862
Validation Total Loss for Iteration 4700 :: 0.5921317338943481
Validation Epoch #48 Sum Loss:0.07997309672646224
Epoch 49/49
----------
Training Total Loss for Iteration 18300 :: 0.6677151918411255
Training Total Loss for Iteration 18350 :: 0.8084536790847778
Training Total Loss for Iteration 18400 :: 0.6823657155036926
Training Total Loss for Iteration 18450 :: 0.6302375793457031
Training Total Loss for Iteration 18500 :: 0.36128589510917664
Training Total Loss for Iteration 18550 :: 0.6035434007644653
Training Total Loss for Iteration 18600 :: 0.8458131551742554
Training Epoch #49 Sum Loss:0.08213250969368834
Validation Total Loss for Iteration 4750 :: 0.5672427415847778
Validation Epoch #49 Sum Loss:0.08006541143792371
mAP for training at 49 is: 0.04357841712389104
mAP for training for all classes at 49 is: [('aortic enlargement', (0.38511769377431093, 2644.0)), ('cardiomegaly', (0.22462512137328963, 1828.0)), ('pleural thickening', (0.00029290858550864063, 2963.0)), ('pulmonary fibrosis', (6.211600136526908e-05, 2522.0)), ('lung opacity', (0.0, 1455.0)), ('nodule/mass', (0.0, 1391.0)), ('pleural effusion', (0.0, 1385.0)), ('other lesion', (0.0, 1297.0)), ('infiltration', (0.0, 717.0)), ('calcification', (0.0, 545.0)), ('ild', (0.0, 523.0)), ('consolidation', (0.0, 311.0)), ('atelectasis', (0.0, 173.0)), ('pneumothorax', (0.0, 102.0))]

mAP for validation at 49 is: 0.05720249938487914
mAP for validation for all classes at 49 is: [('aortic enlargement', (0.5110732385592544, 653.0)), ('cardiomegaly', (0.2893805727708883, 455.0)), ('pleural thickening', (0.0003811800581652534, 743.0)), ('pulmonary fibrosis', (0.0, 654.0)), ('lung opacity', (0.0, 372.0)), ('other lesion', (0.0, 364.0)), ('pleural effusion', (0.0, 335.0)), ('nodule/mass', (0.0, 295.0)), ('infiltration', (0.0, 159.0)), ('ild', (0.0, 157.0)), ('calcification', (0.0, 133.0)), ('consolidation', (0.0, 81.0)), ('atelectasis', (0.0, 39.0)), ('pneumothorax', (0.0, 20.0))]

End time:5:15:02.539368
Program Complete
-------------------------
Train: Average: Sum Loss: 0.08329371492541186
Train: Average: Loss Classifier: 0.030079056503677957
Train: Average: Loss Box Reg: 0.01172541515075023
Train: Average: RPN Loss Objectness: 0.027461827205096028
Train: Average: Loss RPN Box Reg: 0.014027416049063839
Validation: Average: Sum Loss: 0.08108321971880893
Validation: Average: Loss Classifier: 0.029509337819957487
Validation: Average: Loss Box Reg: 0.012064034367601078
Validation: Average: RPN Loss Objectness: 0.02598507428367157
Validation: Average: Loss RPN Box Reg: 0.01352477318966218
