cuda
Program started
Epoch 0/49
----------
Training Total Loss for Iteration 0 :: 2.5150692462921143
Training Total Loss for Iteration 50 :: 0.22453872859477997
Training Total Loss for Iteration 100 :: 0.1516609489917755
Training Total Loss for Iteration 150 :: 0.1969326138496399
Training Epoch #0 Sum Loss:0.014266184030343765
Validation Total Loss for Iteration 0 :: 0.2524968981742859
Validation Epoch #0 Sum Loss:0.01192093781234386
mAP for training at 0 is: 0.054511965446009225
mAP for training for all classes at 0 is: [('cardiomegaly', (0.49692433426559246, 1828.0)), ('aortic enlargement', (0.25607036849460535, 2644.0)), ('pulmonary fibrosis', (0.008325059047126614, 2522.0)), ('lung opacity', (0.0011619908103242629, 1455.0)), ('pleural thickening', (0.00048530533453095914, 2963.0)), ('other lesion', (8.852337302607157e-05, 1297.0)), ('nodule/mass', (8.216082982438123e-05, 1391.0)), ('pleural effusion', (2.9774089098961627e-05, 1385.0)), ('infiltration', (0.0, 717.0)), ('calcification', (0.0, 545.0)), ('ild', (0.0, 523.0)), ('consolidation', (0.0, 311.0)), ('atelectasis', (0.0, 173.0)), ('pneumothorax', (0.0, 102.0))]

mAP for validation at 0 is: 0.05331168994897618
mAP for validation for all classes at 0 is: [('cardiomegaly', (0.49721710957429327, 455.0)), ('aortic enlargement', (0.24006238480247571, 653.0)), ('pulmonary fibrosis', (0.00524800250186943, 654.0)), ('nodule/mass', (0.001694915254237288, 295.0)), ('pleural effusion', (0.0010945273631840797, 335.0)), ('lung opacity', (0.0005376344086021505, 372.0)), ('pleural thickening', (0.0002593351312544658, 743.0)), ('other lesion', (0.00024975024975024975, 364.0)), ('infiltration', (0.0, 159.0)), ('ild', (0.0, 157.0)), ('calcification', (0.0, 133.0)), ('consolidation', (0.0, 81.0)), ('atelectasis', (0.0, 39.0)), ('pneumothorax', (0.0, 20.0))]

Epoch 1/49
----------
Training Total Loss for Iteration 200 :: 0.21206791698932648
Training Total Loss for Iteration 250 :: 0.13165464997291565
Training Total Loss for Iteration 300 :: 0.15341874957084656
Training Total Loss for Iteration 350 :: 0.1595374345779419
Training Epoch #1 Sum Loss:0.011285404225137161
Validation Total Loss for Iteration 50 :: 0.23130249977111816
Validation Epoch #1 Sum Loss:0.010627907341889417
Epoch 2/49
----------
Training Total Loss for Iteration 400 :: 0.17585815489292145
Training Total Loss for Iteration 450 :: 0.16541913151741028
Training Total Loss for Iteration 500 :: 0.18109282851219177
Training Total Loss for Iteration 550 :: 0.19611412286758423
Training Epoch #2 Sum Loss:0.010744781264299836
Validation Total Loss for Iteration 100 :: 0.11529557406902313
Validation Epoch #2 Sum Loss:0.010586493929925686
Epoch 3/49
----------
Training Total Loss for Iteration 600 :: 0.17169725894927979
Training Total Loss for Iteration 650 :: 0.16510888934135437
Training Total Loss for Iteration 700 :: 0.1435815393924713
Training Epoch #3 Sum Loss:0.010205754737192574
Validation Total Loss for Iteration 150 :: 0.1276783049106598
Validation Epoch #3 Sum Loss:0.009848309690520788
Epoch 4/49
----------
Training Total Loss for Iteration 750 :: 0.15884524583816528
Training Total Loss for Iteration 800 :: 0.1853199452161789
Training Total Loss for Iteration 850 :: 0.19763626158237457
Training Total Loss for Iteration 900 :: 0.2111193984746933
Training Epoch #4 Sum Loss:0.009851614167649488
Validation Total Loss for Iteration 200 :: 0.2542875111103058
Validation Epoch #4 Sum Loss:0.009362851744905734
Epoch 5/49
----------
Training Total Loss for Iteration 950 :: 0.1260727047920227
Training Total Loss for Iteration 1000 :: 0.10235922038555145
Training Total Loss for Iteration 1050 :: 0.15324723720550537
Training Total Loss for Iteration 1100 :: 0.14624322950839996
Training Epoch #5 Sum Loss:0.009760700918531626
Validation Total Loss for Iteration 250 :: 0.11097357422113419
Validation Epoch #5 Sum Loss:0.009637135469044248
mAP for training at 5 is: 0.16629303377052893
mAP for training for all classes at 5 is: [('cardiomegaly', (0.7818841230646854, 1828.0)), ('aortic enlargement', (0.700048461564055, 2644.0)), ('pleural effusion', (0.22739071040508552, 1385.0)), ('infiltration', (0.12263576758041334, 717.0)), ('lung opacity', (0.11689129504409786, 1455.0)), ('pulmonary fibrosis', (0.09543612398999204, 2522.0)), ('consolidation', (0.0855574628625994, 311.0)), ('ild', (0.08481769669667122, 523.0)), ('pleural thickening', (0.08314517455215645, 2963.0)), ('nodule/mass', (0.02128348795510899, 1391.0)), ('other lesion', (0.006462258179429609, 1297.0)), ('atelectasis', (0.0019267822736030826, 173.0)), ('calcification', (0.000623128619507669, 545.0)), ('pneumothorax', (0.0, 102.0))]

mAP for validation at 5 is: 0.16357759264941826
mAP for validation for all classes at 5 is: [('cardiomegaly', (0.7896470897099411, 455.0)), ('aortic enlargement', (0.6959844780674989, 653.0)), ('pleural effusion', (0.1913837604330438, 335.0)), ('infiltration', (0.1290134249842169, 159.0)), ('lung opacity', (0.10178637577750477, 372.0)), ('pulmonary fibrosis', (0.0933031412115882, 654.0)), ('ild', (0.08808612452960578, 157.0)), ('pleural thickening', (0.08665303418010925, 743.0)), ('consolidation', (0.08151184529135339, 81.0)), ('nodule/mass', (0.027721462188907826, 295.0)), ('other lesion', (0.004774419630071294, 364.0)), ('calcification', (0.00022114108801415302, 133.0)), ('atelectasis', (0.0, 39.0)), ('pneumothorax', (0.0, 20.0))]

Epoch 6/49
----------
Training Total Loss for Iteration 1150 :: 0.15401671826839447
Training Total Loss for Iteration 1200 :: 0.11849170923233032
Training Total Loss for Iteration 1250 :: 0.13833746314048767
Training Total Loss for Iteration 1300 :: 0.13527792692184448
Training Epoch #6 Sum Loss:0.009519579795653769
Validation Total Loss for Iteration 300 :: 0.2271680235862732
Validation Epoch #6 Sum Loss:0.00960302927220861
Epoch 7/49
----------
Training Total Loss for Iteration 1350 :: 0.1372339427471161
Training Total Loss for Iteration 1400 :: 0.13070648908615112
Training Total Loss for Iteration 1450 :: 0.11697205901145935
Training Epoch #7 Sum Loss:0.009453869261364935
Validation Total Loss for Iteration 350 :: 0.19381889700889587
Validation Epoch #7 Sum Loss:0.009797247495347014
Epoch 8/49
----------
Training Total Loss for Iteration 1500 :: 0.1655159294605255
Training Total Loss for Iteration 1550 :: 0.143029123544693
Training Total Loss for Iteration 1600 :: 0.13151568174362183
Training Total Loss for Iteration 1650 :: 0.13474665582180023
Training Epoch #8 Sum Loss:0.009371283002065276
Validation Total Loss for Iteration 400 :: 0.1879534125328064
Validation Epoch #8 Sum Loss:0.009087570118329799
Epoch 9/49
----------
Training Total Loss for Iteration 1700 :: 0.2676423490047455
Training Total Loss for Iteration 1750 :: 0.10325062274932861
Training Total Loss for Iteration 1800 :: 0.16012802720069885
Training Total Loss for Iteration 1850 :: 0.0823005810379982
Training Epoch #9 Sum Loss:0.009224920055283192
Validation Total Loss for Iteration 450 :: 0.12076576054096222
Validation Epoch #9 Sum Loss:0.009191702799095461
Epoch 10/49
----------
Training Total Loss for Iteration 1900 :: 0.15878131985664368
Training Total Loss for Iteration 1950 :: 0.1210765391588211
Training Total Loss for Iteration 2000 :: 0.08267680555582047
Training Total Loss for Iteration 2050 :: 0.1901124119758606
Training Epoch #10 Sum Loss:0.009144733087882944
Validation Total Loss for Iteration 500 :: 0.11362260580062866
Validation Epoch #10 Sum Loss:0.00869333214359358
mAP for training at 10 is: 0.19197461715664585
mAP for training for all classes at 10 is: [('cardiomegaly', (0.7865938257788084, 1828.0)), ('aortic enlargement', (0.7100629053932794, 2644.0)), ('pleural effusion', (0.3070251803922063, 1385.0)), ('infiltration', (0.15788837012705087, 717.0)), ('lung opacity', (0.1476158653667982, 1455.0)), ('pulmonary fibrosis', (0.13982021294345184, 2522.0)), ('ild', (0.13733267337740515, 523.0)), ('pleural thickening', (0.13603594144883455, 2963.0)), ('consolidation', (0.08670385914934331, 311.0)), ('nodule/mass', (0.028810009022807875, 1391.0)), ('atelectasis', (0.028794144503818266, 173.0)), ('other lesion', (0.014397554626751269, 1297.0)), ('calcification', (0.006564098062486096, 545.0)), ('pneumothorax', (0.0, 102.0))]

mAP for validation at 10 is: 0.1781179295562672
mAP for validation for all classes at 10 is: [('cardiomegaly', (0.7884984966812117, 455.0)), ('aortic enlargement', (0.6951553622501743, 653.0)), ('pleural effusion', (0.24055191368202913, 335.0)), ('infiltration', (0.17606641564641143, 159.0)), ('ild', (0.13091553578788515, 157.0)), ('lung opacity', (0.12665975436027724, 372.0)), ('pleural thickening', (0.11169344840821213, 743.0)), ('pulmonary fibrosis', (0.09844958301132517, 654.0)), ('consolidation', (0.07594669168735117, 81.0)), ('nodule/mass', (0.031012878748384775, 295.0)), ('other lesion', (0.007451334793023191, 364.0)), ('atelectasis', (0.005698005698005697, 39.0)), ('calcification', (0.005551593033449936, 133.0)), ('pneumothorax', (0.0, 20.0))]

Epoch 11/49
----------
Training Total Loss for Iteration 2100 :: 0.156818687915802
Training Total Loss for Iteration 2150 :: 0.079196035861969
Training Total Loss for Iteration 2200 :: 0.12831109762191772
Training Epoch #11 Sum Loss:0.00897642609927927
Validation Total Loss for Iteration 550 :: 0.09721141308546066
Validation Epoch #11 Sum Loss:0.009440523407344395
Epoch 12/49
----------
Training Total Loss for Iteration 2250 :: 0.12145929038524628
Training Total Loss for Iteration 2300 :: 0.19817790389060974
Training Total Loss for Iteration 2350 :: 0.1272260844707489
Training Total Loss for Iteration 2400 :: 0.15566132962703705
Training Epoch #12 Sum Loss:0.009021509969866304
Validation Total Loss for Iteration 600 :: 0.13802194595336914
Validation Epoch #12 Sum Loss:0.008963397063780576
Epoch 13/49
----------
Training Total Loss for Iteration 2450 :: 0.18365761637687683
Training Total Loss for Iteration 2500 :: 0.13635726273059845
Training Total Loss for Iteration 2550 :: 0.13970258831977844
Training Total Loss for Iteration 2600 :: 0.11820805072784424
Training Epoch #13 Sum Loss:0.008856102394321868
Validation Total Loss for Iteration 650 :: 0.15295937657356262
Validation Epoch #13 Sum Loss:0.008969270604817817
Epoch 14/49
----------
Training Total Loss for Iteration 2650 :: 0.1855454295873642
Training Total Loss for Iteration 2700 :: 0.14730553328990936
Training Total Loss for Iteration 2750 :: 0.16844332218170166
Training Total Loss for Iteration 2800 :: 0.11441078037023544
Training Epoch #14 Sum Loss:0.008839326793517253
Validation Total Loss for Iteration 700 :: 0.09234344959259033
Validation Epoch #14 Sum Loss:0.008946144313085824
Epoch 15/49
----------
Training Total Loss for Iteration 2850 :: 0.14234279096126556
Training Total Loss for Iteration 2900 :: 0.09891190379858017
Training Total Loss for Iteration 2950 :: 0.15202900767326355
Training Epoch #15 Sum Loss:0.0087802317874498
Validation Total Loss for Iteration 750 :: 0.11068874597549438
Validation Epoch #15 Sum Loss:0.008792056585662067
mAP for training at 15 is: 0.23285664760190913
mAP for training for all classes at 15 is: [('cardiomegaly', (0.8044528598525724, 1828.0)), ('aortic enlargement', (0.756409613985209, 2644.0)), ('pleural effusion', (0.36361141951199527, 1385.0)), ('ild', (0.21168411355288458, 523.0)), ('infiltration', (0.2065246359848833, 717.0)), ('lung opacity', (0.19138757124229813, 1455.0)), ('consolidation', (0.18425205711860446, 311.0)), ('pulmonary fibrosis', (0.1636197692823273, 2522.0)), ('pleural thickening', (0.1539810893882734, 2963.0)), ('atelectasis', (0.11781827669168203, 173.0)), ('nodule/mass', (0.052856802646384135, 1391.0)), ('other lesion', (0.03726287827041324, 1297.0)), ('calcification', (0.015240713302052279, 545.0)), ('pneumothorax', (0.0008912655971479501, 102.0))]

mAP for validation at 15 is: 0.2079853379712011
mAP for validation for all classes at 15 is: [('cardiomegaly', (0.8053024882718806, 455.0)), ('aortic enlargement', (0.7466982332601071, 653.0)), ('pleural effusion', (0.29804753358043823, 335.0)), ('infiltration', (0.18274740272917053, 159.0)), ('lung opacity', (0.1794853302425519, 372.0)), ('ild', (0.17873008383344635, 157.0)), ('consolidation', (0.1420873664424079, 81.0)), ('pleural thickening', (0.12788631936072134, 743.0)), ('pulmonary fibrosis', (0.12215338557643585, 654.0)), ('atelectasis', (0.054284261378082885, 39.0)), ('nodule/mass', (0.0444186123711986, 295.0)), ('other lesion', (0.020795725784360234, 364.0)), ('calcification', (0.009157988766014431, 133.0)), ('pneumothorax', (0.0, 20.0))]

Epoch 16/49
----------
Training Total Loss for Iteration 3000 :: 0.17270547151565552
Training Total Loss for Iteration 3050 :: 0.09638534486293793
Training Total Loss for Iteration 3100 :: 0.1451047658920288
Training Total Loss for Iteration 3150 :: 0.15178699791431427
Training Epoch #16 Sum Loss:0.008698183384588684
Validation Total Loss for Iteration 800 :: 0.19712670147418976
Validation Epoch #16 Sum Loss:0.008929320397631576
Epoch 17/49
----------
Training Total Loss for Iteration 3200 :: 0.18502427637577057
Training Total Loss for Iteration 3250 :: 0.17258059978485107
Training Total Loss for Iteration 3300 :: 0.15617656707763672
Training Total Loss for Iteration 3350 :: 0.08739932626485825
Training Epoch #17 Sum Loss:0.0086630706027705
Validation Total Loss for Iteration 850 :: 0.10972246527671814
Validation Epoch #17 Sum Loss:0.009213232949453717
Epoch 18/49
----------
Training Total Loss for Iteration 3400 :: 0.11076650023460388
Training Total Loss for Iteration 3450 :: 0.155636265873909
Training Total Loss for Iteration 3500 :: 0.16709458827972412
Training Total Loss for Iteration 3550 :: 0.10556717962026596
Training Epoch #18 Sum Loss:0.00866131506002977
Validation Total Loss for Iteration 900 :: 0.10134834051132202
Validation Epoch #18 Sum Loss:0.00901240927244847
Epoch 19/49
----------
Training Total Loss for Iteration 3600 :: 0.194231316447258
Training Total Loss for Iteration 3650 :: 0.10519205033779144
Training Total Loss for Iteration 3700 :: 0.12103592604398727
Training Epoch #19 Sum Loss:0.008595953760771734
Validation Total Loss for Iteration 950 :: 0.14949724078178406
Validation Epoch #19 Sum Loss:0.00927813922559532
Epoch 20/49
----------
Training Total Loss for Iteration 3750 :: 0.14857660233974457
Training Total Loss for Iteration 3800 :: 0.14938803017139435
Training Total Loss for Iteration 3850 :: 0.10409701615571976
Training Total Loss for Iteration 3900 :: 0.1337248533964157
Training Epoch #20 Sum Loss:0.00862072645513174
Validation Total Loss for Iteration 1000 :: 0.2152063399553299
Validation Epoch #20 Sum Loss:0.00870915335447838
mAP for training at 20 is: 0.25288306355742585
mAP for training for all classes at 20 is: [('cardiomegaly', (0.8049521117911205, 1828.0)), ('aortic enlargement', (0.7489308023841256, 2644.0)), ('pleural effusion', (0.39541390139454463, 1385.0)), ('infiltration', (0.2672447212894931, 717.0)), ('ild', (0.24469271289074784, 523.0)), ('consolidation', (0.21451678187615766, 311.0)), ('lung opacity', (0.2136807404298311, 1455.0)), ('pulmonary fibrosis', (0.18493719490946578, 2522.0)), ('pleural thickening', (0.17250480365032098, 2963.0)), ('atelectasis', (0.13928736081156898, 173.0)), ('nodule/mass', (0.06626039115215103, 1391.0)), ('other lesion', (0.05613343352224521, 1297.0)), ('calcification', (0.031023619976699043, 545.0)), ('pneumothorax', (0.000784313725490196, 102.0))]

mAP for validation at 20 is: 0.2168956241155324
mAP for validation for all classes at 20 is: [('cardiomegaly', (0.8043076965601603, 455.0)), ('aortic enlargement', (0.7449275924563346, 653.0)), ('pleural effusion', (0.30577386882725105, 335.0)), ('infiltration', (0.21444074281790543, 159.0)), ('lung opacity', (0.1864424999822683, 372.0)), ('consolidation', (0.1703565484842206, 81.0)), ('ild', (0.16758405694074652, 157.0)), ('pulmonary fibrosis', (0.13593748363581334, 654.0)), ('pleural thickening', (0.13213459656995297, 743.0)), ('atelectasis', (0.06886446886446887, 39.0)), ('nodule/mass', (0.051357797656471534, 295.0)), ('other lesion', (0.03494326463315891, 364.0)), ('calcification', (0.019468120188700696, 133.0)), ('pneumothorax', (0.0, 20.0))]

Epoch 21/49
----------
Training Total Loss for Iteration 3950 :: 0.12794598937034607
Training Total Loss for Iteration 4000 :: 0.14975759387016296
Training Total Loss for Iteration 4050 :: 0.11831299960613251
Training Total Loss for Iteration 4100 :: 0.12461451441049576
Training Epoch #21 Sum Loss:0.00863366256380833
Validation Total Loss for Iteration 1050 :: 0.15782853960990906
Validation Epoch #21 Sum Loss:0.008934665733249858
Epoch 22/49
----------
Training Total Loss for Iteration 4150 :: 0.1524992436170578
Training Total Loss for Iteration 4200 :: 0.13123548030853271
Training Total Loss for Iteration 4250 :: 0.1933583915233612
Training Total Loss for Iteration 4300 :: 0.1306619495153427
Training Epoch #22 Sum Loss:0.008541985977589784
Validation Total Loss for Iteration 1100 :: 0.13855969905853271
Validation Epoch #22 Sum Loss:0.008956473970708126
Epoch 23/49
----------
Training Total Loss for Iteration 4350 :: 0.126787006855011
Training Total Loss for Iteration 4400 :: 0.14675188064575195
Training Total Loss for Iteration 4450 :: 0.12239362299442291
Training Epoch #23 Sum Loss:0.008445673613130786
Validation Total Loss for Iteration 1150 :: 0.10520406067371368
Validation Epoch #23 Sum Loss:0.008740871329791844
Epoch 24/49
----------
Training Total Loss for Iteration 4500 :: 0.1530313938856125
Training Total Loss for Iteration 4550 :: 0.10174955427646637
Training Total Loss for Iteration 4600 :: 0.12640386819839478
Training Total Loss for Iteration 4650 :: 0.13255928456783295
Training Epoch #24 Sum Loss:0.008392852020919503
Validation Epoch #24 Sum Loss:0.009033780496489877
Epoch 25/49
----------
Training Total Loss for Iteration 4700 :: 0.16604512929916382
Training Total Loss for Iteration 4750 :: 0.10993371158838272
Training Total Loss for Iteration 4800 :: 0.10472388565540314
Training Total Loss for Iteration 4850 :: 0.15038347244262695
Training Epoch #25 Sum Loss:0.008402083507723075
Validation Total Loss for Iteration 1200 :: 0.19448019564151764
Validation Epoch #25 Sum Loss:0.009192443132633343
mAP for training at 25 is: 0.2738879222938403
mAP for training for all classes at 25 is: [('cardiomegaly', (0.8230639241677925, 1828.0)), ('aortic enlargement', (0.7674768497428062, 2644.0)), ('pleural effusion', (0.4485041309739481, 1385.0)), ('infiltration', (0.29321369342664944, 717.0)), ('ild', (0.2591130631792295, 523.0)), ('consolidation', (0.25490945221242506, 311.0)), ('lung opacity', (0.23245879096017005, 1455.0)), ('pulmonary fibrosis', (0.19974726523504818, 2522.0)), ('pleural thickening', (0.1828481386556668, 2963.0)), ('atelectasis', (0.14871258428774728, 173.0)), ('nodule/mass', (0.09127299973001224, 1391.0)), ('other lesion', (0.08256287435028592, 1297.0)), ('calcification', (0.04673141237204447, 545.0)), ('pneumothorax', (0.003815732819938189, 102.0))]

mAP for validation at 25 is: 0.24241909317833046
mAP for validation for all classes at 25 is: [('cardiomegaly', (0.8223782558314101, 455.0)), ('aortic enlargement', (0.7646518768109547, 653.0)), ('pleural effusion', (0.3744688628091719, 335.0)), ('infiltration', (0.2553967835175185, 159.0)), ('ild', (0.21653309878093582, 157.0)), ('lung opacity', (0.20019268354369466, 372.0)), ('consolidation', (0.17638845109162238, 81.0)), ('pulmonary fibrosis', (0.15637679201065252, 654.0)), ('pleural thickening', (0.14414710879186757, 743.0)), ('atelectasis', (0.11448524696290868, 39.0)), ('nodule/mass', (0.08434147671264228, 295.0)), ('other lesion', (0.053267392173336835, 364.0)), ('calcification', (0.0254332645309481, 133.0)), ('pneumothorax', (0.005806010928961749, 20.0))]

Epoch 26/49
----------
Training Total Loss for Iteration 4900 :: 0.145372211933136
Training Total Loss for Iteration 4950 :: 0.1722043752670288
Training Total Loss for Iteration 5000 :: 0.12420837581157684
Training Epoch #26 Sum Loss:0.00834024142435196
Validation Total Loss for Iteration 1250 :: 0.18713700771331787
Validation Epoch #26 Sum Loss:0.008832571087017035
Epoch 27/49
----------
Training Total Loss for Iteration 5050 :: 0.10112480819225311
Training Total Loss for Iteration 5100 :: 0.1738331913948059
Training Total Loss for Iteration 5150 :: 0.14541184902191162
Training Total Loss for Iteration 5200 :: 0.10495463758707047
Training Epoch #27 Sum Loss:0.008385468650508031
Validation Total Loss for Iteration 1300 :: 0.08968351781368256
Validation Epoch #27 Sum Loss:0.009045588133934265
Epoch 28/49
----------
Training Total Loss for Iteration 5250 :: 0.25539249181747437
Training Total Loss for Iteration 5300 :: 0.11286084353923798
Training Total Loss for Iteration 5350 :: 0.14950981736183167
Training Total Loss for Iteration 5400 :: 0.19398242235183716
Training Epoch #28 Sum Loss:0.008400478596177048
Validation Total Loss for Iteration 1350 :: 0.10998120158910751
Validation Epoch #28 Sum Loss:0.0089418517309241
Epoch 29/49
----------
Training Total Loss for Iteration 5450 :: 0.1408894658088684
Training Total Loss for Iteration 5500 :: 0.09054036438465118
Training Total Loss for Iteration 5550 :: 0.10557486116886139
Training Total Loss for Iteration 5600 :: 0.17124994099140167
Training Epoch #29 Sum Loss:0.008319660628833695
Validation Total Loss for Iteration 1400 :: 0.24190236628055573
Validation Epoch #29 Sum Loss:0.008816202918145185
Epoch 30/49
----------
Training Total Loss for Iteration 5650 :: 0.1665705442428589
Training Total Loss for Iteration 5700 :: 0.0848756954073906
Training Total Loss for Iteration 5750 :: 0.14224542677402496
Training Epoch #30 Sum Loss:0.008283576187332458
Validation Total Loss for Iteration 1450 :: 0.0993286669254303
Validation Epoch #30 Sum Loss:0.008689455154429501
mAP for training at 30 is: 0.28918088079491516
mAP for training for all classes at 30 is: [('cardiomegaly', (0.8224842938294996, 1828.0)), ('aortic enlargement', (0.772331445136788, 2644.0)), ('pleural effusion', (0.45863886963822054, 1385.0)), ('ild', (0.32074108353112174, 523.0)), ('infiltration', (0.29972835513227436, 717.0)), ('lung opacity', (0.24290712274213178, 1455.0)), ('consolidation', (0.23071107775410293, 311.0)), ('pulmonary fibrosis', (0.2272601016435182, 2522.0)), ('pleural thickening', (0.20826791069979422, 2963.0)), ('atelectasis', (0.17798398207169974, 173.0)), ('nodule/mass', (0.10456790890791946, 1391.0)), ('other lesion', (0.10153651643590286, 1297.0)), ('calcification', (0.06540328316939337, 545.0)), ('pneumothorax', (0.01597038043644466, 102.0))]

mAP for validation at 30 is: 0.23828715263079206
mAP for validation for all classes at 30 is: [('cardiomegaly', (0.82243604909968, 455.0)), ('aortic enlargement', (0.7719672952993537, 653.0)), ('pleural effusion', (0.3861428001560169, 335.0)), ('ild', (0.23661057137675784, 157.0)), ('infiltration', (0.2225627501825707, 159.0)), ('lung opacity', (0.19885095729558494, 372.0)), ('pulmonary fibrosis', (0.1557894927890855, 654.0)), ('consolidation', (0.14703116209446582, 81.0)), ('pleural thickening', (0.14172828882300592, 743.0)), ('nodule/mass', (0.08275758389689582, 295.0)), ('atelectasis', (0.06970930444614656, 39.0)), ('other lesion', (0.05927950337568289, 364.0)), ('calcification', (0.04052937799584248, 133.0)), ('pneumothorax', (0.0006250000000000001, 20.0))]

Epoch 31/49
----------
Training Total Loss for Iteration 5800 :: 0.13673469424247742
Training Total Loss for Iteration 5850 :: 0.10332822799682617
Training Total Loss for Iteration 5900 :: 0.1834312081336975
Training Total Loss for Iteration 5950 :: 0.1642775535583496
Training Epoch #31 Sum Loss:0.008140372355455762
Validation Total Loss for Iteration 1500 :: 0.19565649330615997
Validation Epoch #31 Sum Loss:0.008647997562851137
Epoch 32/49
----------
Training Total Loss for Iteration 6000 :: 0.2278146892786026
Training Total Loss for Iteration 6050 :: 0.12267466634511948
Training Total Loss for Iteration 6100 :: 0.12487456947565079
Training Total Loss for Iteration 6150 :: 0.1340406835079193
Training Epoch #32 Sum Loss:0.008160668967934673
Validation Total Loss for Iteration 1550 :: 0.16944698989391327
Validation Epoch #32 Sum Loss:0.009151506693645691
Epoch 33/49
----------
Training Total Loss for Iteration 6200 :: 0.10327218472957611
Training Total Loss for Iteration 6250 :: 0.11646965146064758
Training Total Loss for Iteration 6300 :: 0.21446800231933594
Training Total Loss for Iteration 6350 :: 0.15617051720619202
Training Epoch #33 Sum Loss:0.008254541693388396
Validation Total Loss for Iteration 1600 :: 0.18906351923942566
Validation Epoch #33 Sum Loss:0.008669754111906514
Epoch 34/49
----------
Training Total Loss for Iteration 6400 :: 0.17273598909378052
Training Total Loss for Iteration 6450 :: 0.1606118083000183
Training Total Loss for Iteration 6500 :: 0.07978147268295288
Training Epoch #34 Sum Loss:0.00818741311066425
Validation Total Loss for Iteration 1650 :: 0.10443554818630219
Validation Epoch #34 Sum Loss:0.00834625405453456
Epoch 35/49
----------
Training Total Loss for Iteration 6550 :: 0.11452114582061768
Training Total Loss for Iteration 6600 :: 0.14873580634593964
Training Total Loss for Iteration 6650 :: 0.15119794011116028
Training Total Loss for Iteration 6700 :: 0.1424572765827179
Training Epoch #35 Sum Loss:0.008144587510806208
Validation Total Loss for Iteration 1700 :: 0.11291371285915375
Validation Epoch #35 Sum Loss:0.008504958736011758
mAP for training at 35 is: 0.3127724989839113
mAP for training for all classes at 35 is: [('cardiomegaly', (0.8302424303896672, 1828.0)), ('aortic enlargement', (0.7689396060853679, 2644.0)), ('pleural effusion', (0.44998111364457327, 1385.0)), ('ild', (0.34128034977778854, 523.0)), ('infiltration', (0.3346485602141719, 717.0)), ('consolidation', (0.30710318020203087, 311.0)), ('lung opacity', (0.27797902822228465, 1455.0)), ('pleural thickening', (0.23067930439609252, 2963.0)), ('pulmonary fibrosis', (0.22867370055719893, 2522.0)), ('atelectasis', (0.2197632436001226, 173.0)), ('other lesion', (0.12285160854516933, 1297.0)), ('nodule/mass', (0.11076795135927547, 1391.0)), ('calcification', (0.0876459946218448, 545.0)), ('pneumothorax', (0.0682589141591704, 102.0))]

mAP for validation at 35 is: 0.24619131599302446
mAP for validation for all classes at 35 is: [('cardiomegaly', (0.822241173083049, 455.0)), ('aortic enlargement', (0.7552972962547632, 653.0)), ('pleural effusion', (0.356256440361621, 335.0)), ('ild', (0.2632452434716529, 157.0)), ('infiltration', (0.24514033941629412, 159.0)), ('lung opacity', (0.23632767013670852, 372.0)), ('consolidation', (0.1873686529411584, 81.0)), ('pleural thickening', (0.15785011866103668, 743.0)), ('pulmonary fibrosis', (0.15436006254086407, 654.0)), ('other lesion', (0.08507030308696271, 364.0)), ('nodule/mass', (0.08153156471173954, 295.0)), ('calcification', (0.05848809173560147, 133.0)), ('atelectasis', (0.04233187685761558, 39.0)), ('pneumothorax', (0.0011695906432748538, 20.0))]

Epoch 36/49
----------
Training Total Loss for Iteration 6750 :: 0.13395480811595917
Training Total Loss for Iteration 6800 :: 0.11628156155347824
Training Total Loss for Iteration 6850 :: 0.18557119369506836
Training Total Loss for Iteration 6900 :: 0.10303796827793121
Training Epoch #36 Sum Loss:0.00817843689934714
Validation Total Loss for Iteration 1750 :: 0.08812962472438812
Validation Epoch #36 Sum Loss:0.009009093870796884
Epoch 37/49
----------
Training Total Loss for Iteration 6950 :: 0.10025355219841003
Training Total Loss for Iteration 7000 :: 0.1876947432756424
Training Total Loss for Iteration 7050 :: 0.10580556094646454
Training Total Loss for Iteration 7100 :: 0.14794325828552246
Training Epoch #37 Sum Loss:0.00819049613392221
Validation Total Loss for Iteration 1800 :: 0.13638466596603394
Validation Epoch #37 Sum Loss:0.00872376686311327
Epoch 38/49
----------
Training Total Loss for Iteration 7150 :: 0.09502708911895752
Training Total Loss for Iteration 7200 :: 0.13308674097061157
Training Total Loss for Iteration 7250 :: 0.05715741962194443
Training Epoch #38 Sum Loss:0.008105164699328902
Validation Total Loss for Iteration 1850 :: 0.15737465023994446
Validation Epoch #38 Sum Loss:0.008931091957492754
Epoch 39/49
----------
Training Total Loss for Iteration 7300 :: 0.19251859188079834
Training Total Loss for Iteration 7350 :: 0.18191711604595184
Training Total Loss for Iteration 7400 :: 0.11137139052152634
Training Total Loss for Iteration 7450 :: 0.15661785006523132
Training Epoch #39 Sum Loss:0.00807111348403216
Validation Total Loss for Iteration 1900 :: 0.09171128273010254
Validation Epoch #39 Sum Loss:0.008654406643472612
Epoch 40/49
----------
Training Total Loss for Iteration 7500 :: 0.12196391820907593
Training Total Loss for Iteration 7550 :: 0.08092796802520752
Training Total Loss for Iteration 7600 :: 0.09454558044672012
Training Total Loss for Iteration 7650 :: 0.06596338748931885
Training Epoch #40 Sum Loss:0.008061109754922045
Validation Total Loss for Iteration 1950 :: 0.10844412446022034
Validation Epoch #40 Sum Loss:0.00890992206404917
mAP for training at 40 is: 0.3264309836053695
mAP for training for all classes at 40 is: [('cardiomegaly', (0.8321792801374561, 1828.0)), ('aortic enlargement', (0.7784313120150981, 2644.0)), ('pleural effusion', (0.48252775543778037, 1385.0)), ('infiltration', (0.3759366389487651, 717.0)), ('consolidation', (0.35193944382825004, 311.0)), ('ild', (0.31632174890085674, 523.0)), ('lung opacity', (0.2876474592467869, 1455.0)), ('atelectasis', (0.2419759988312683, 173.0)), ('pulmonary fibrosis', (0.21619352933133645, 2522.0)), ('pleural thickening', (0.20053432735138535, 2963.0)), ('nodule/mass', (0.13933184039113872, 1391.0)), ('other lesion', (0.13140571639475077, 1297.0)), ('calcification', (0.11553016930306245, 545.0)), ('pneumothorax', (0.10007855035723687, 102.0))]

mAP for validation at 40 is: 0.25873926199891806
mAP for validation for all classes at 40 is: [('cardiomegaly', (0.8240370406482127, 455.0)), ('aortic enlargement', (0.7791659488149703, 653.0)), ('pleural effusion', (0.3946197214542827, 335.0)), ('infiltration', (0.26987246049383395, 159.0)), ('ild', (0.26872963654665244, 157.0)), ('consolidation', (0.24209288266578663, 81.0)), ('lung opacity', (0.22176476915711407, 372.0)), ('pulmonary fibrosis', (0.152171705557676, 654.0)), ('pleural thickening', (0.13431135905381827, 743.0)), ('nodule/mass', (0.1043418665845119, 295.0)), ('other lesion', (0.08630584140899873, 364.0)), ('atelectasis', (0.0813576117923944, 39.0)), ('calcification', (0.04906269477434296, 133.0)), ('pneumothorax', (0.014516129032258063, 20.0))]

Epoch 41/49
----------
Training Total Loss for Iteration 7700 :: 0.11061252653598785
Training Total Loss for Iteration 7750 :: 0.09499213844537735
Training Total Loss for Iteration 7800 :: 0.12720036506652832
Training Total Loss for Iteration 7850 :: 0.1159871518611908
Training Epoch #41 Sum Loss:0.008055314879035918
Validation Total Loss for Iteration 2000 :: 0.20078100264072418
Validation Epoch #41 Sum Loss:0.009133939359647533
Epoch 42/49
----------
Training Total Loss for Iteration 7900 :: 0.12393666803836823
Training Total Loss for Iteration 7950 :: 0.11216503381729126
Training Total Loss for Iteration 8000 :: 0.15674293041229248
Training Epoch #42 Sum Loss:0.00796161995027858
Validation Total Loss for Iteration 2050 :: 0.10094791650772095
Validation Epoch #42 Sum Loss:0.008522486595514541
Epoch 43/49
----------
Training Total Loss for Iteration 8050 :: 0.1303776353597641
Training Total Loss for Iteration 8100 :: 0.11276907473802567
Training Total Loss for Iteration 8150 :: 0.1082768589258194
Training Total Loss for Iteration 8200 :: 0.11546313762664795
Training Epoch #43 Sum Loss:0.007910312300548582
Validation Total Loss for Iteration 2100 :: 0.10175518691539764
Validation Epoch #43 Sum Loss:0.009093968857390186
Epoch 44/49
----------
Training Total Loss for Iteration 8250 :: 0.11570250988006592
Training Total Loss for Iteration 8300 :: 0.11426043510437012
Training Total Loss for Iteration 8350 :: 0.10918039828538895
Training Total Loss for Iteration 8400 :: 0.12239393591880798
Training Epoch #44 Sum Loss:0.008103263762794218
Validation Total Loss for Iteration 2150 :: 0.14079251885414124
Validation Epoch #44 Sum Loss:0.008559485024306923
Epoch 45/49
----------
Training Total Loss for Iteration 8450 :: 0.1162637323141098
Training Total Loss for Iteration 8500 :: 0.11072926223278046
Training Total Loss for Iteration 8550 :: 0.16945189237594604
Training Total Loss for Iteration 8600 :: 0.13927516341209412
Training Epoch #45 Sum Loss:0.007940308805411392
Validation Total Loss for Iteration 2200 :: 0.2208426296710968
Validation Epoch #45 Sum Loss:0.008645247609820217
mAP for training at 45 is: 0.35160574038410514
mAP for training for all classes at 45 is: [('cardiomegaly', (0.8306374844508703, 1828.0)), ('aortic enlargement', (0.7732394893541676, 2644.0)), ('pleural effusion', (0.5252333608451454, 1385.0)), ('infiltration', (0.3870211362395257, 717.0)), ('consolidation', (0.3665078291629674, 311.0)), ('ild', (0.35588026335633627, 523.0)), ('lung opacity', (0.33148890904330663, 1455.0)), ('pulmonary fibrosis', (0.2697943918551486, 2522.0)), ('atelectasis', (0.2597440468375102, 173.0)), ('pleural thickening', (0.25562406831317686, 2963.0)), ('other lesion', (0.161516474193431, 1297.0)), ('pneumothorax', (0.15075543633773367, 102.0)), ('nodule/mass', (0.14141859163598192, 1391.0)), ('calcification', (0.11361888375217127, 545.0))]

mAP for validation at 45 is: 0.26499985897228717
mAP for validation for all classes at 45 is: [('cardiomegaly', (0.8217160402860378, 455.0)), ('aortic enlargement', (0.770520534472478, 653.0)), ('pleural effusion', (0.4050162699059081, 335.0)), ('infiltration', (0.2802432318014926, 159.0)), ('ild', (0.27424254994056324, 157.0)), ('lung opacity', (0.25920679048295125, 372.0)), ('consolidation', (0.23035864398078382, 81.0)), ('pulmonary fibrosis', (0.17183612348769559, 654.0)), ('pleural thickening', (0.14596000545175702, 743.0)), ('nodule/mass', (0.10969713161957233, 295.0)), ('other lesion', (0.099819258810813, 364.0)), ('atelectasis', (0.08409543313729498, 39.0)), ('calcification', (0.04517539557860105, 133.0)), ('pneumothorax', (0.012110616656071202, 20.0))]

Epoch 46/49
----------
Training Total Loss for Iteration 8650 :: 0.09315778315067291
Training Total Loss for Iteration 8700 :: 0.1056295856833458
Training Total Loss for Iteration 8750 :: 0.12068314850330353
Training Epoch #46 Sum Loss:0.007948474627999162
Validation Total Loss for Iteration 2250 :: 0.15455344319343567
Validation Epoch #46 Sum Loss:0.008795298112090677
Epoch 47/49
----------
Training Total Loss for Iteration 8800 :: 0.12618127465248108
Training Total Loss for Iteration 8850 :: 0.10760731995105743
Training Total Loss for Iteration 8900 :: 0.10006165504455566
Training Total Loss for Iteration 8950 :: 0.10170305520296097
Training Epoch #47 Sum Loss:0.007930353428844796
Validation Total Loss for Iteration 2300 :: 0.14171326160430908
Validation Epoch #47 Sum Loss:0.009095245448406786
Epoch 48/49
----------
Training Total Loss for Iteration 9000 :: 0.10144045948982239
Training Total Loss for Iteration 9050 :: 0.17890849709510803
Training Total Loss for Iteration 9100 :: 0.13084939122200012
Training Total Loss for Iteration 9150 :: 0.12932941317558289
Training Epoch #48 Sum Loss:0.00794746459070287
Validation Total Loss for Iteration 2350 :: 0.10024578869342804
Validation Epoch #48 Sum Loss:0.008736302552279085
Epoch 49/49
----------
Training Total Loss for Iteration 9200 :: 0.17471064627170563
Training Total Loss for Iteration 9250 :: 0.11485295742750168
Training Total Loss for Iteration 9300 :: 0.15007063746452332
Training Epoch #49 Sum Loss:0.00792803448374661
Validation Epoch #49 Sum Loss:0.008447045683472728
mAP for training at 49 is: 0.3406432678704782
mAP for training for all classes at 49 is: [('cardiomegaly', (0.8198008236105976, 1828.0)), ('aortic enlargement', (0.7598358457270604, 2644.0)), ('pleural effusion', (0.48018397283884645, 1385.0)), ('infiltration', (0.3334209027911472, 717.0)), ('consolidation', (0.3285362733056535, 311.0)), ('ild', (0.30751399883380776, 523.0)), ('atelectasis', (0.2836939208298524, 173.0)), ('lung opacity', (0.2815946756899308, 1455.0)), ('pulmonary fibrosis', (0.27414307426183027, 2522.0)), ('pleural thickening', (0.27196201506620477, 2963.0)), ('pneumothorax', (0.19583452255742217, 102.0)), ('other lesion', (0.16136940460441182, 1297.0)), ('nodule/mass', (0.14567909998608197, 1391.0)), ('calcification', (0.12543722008384878, 545.0))]

mAP for validation at 49 is: 0.2439472098267313
mAP for validation for all classes at 49 is: [('cardiomegaly', (0.8034911569713882, 455.0)), ('aortic enlargement', (0.7555782625740723, 653.0)), ('pleural effusion', (0.38386848995844003, 335.0)), ('lung opacity', (0.23089644645017762, 372.0)), ('infiltration', (0.23072153642326407, 159.0)), ('ild', (0.20805878976658246, 157.0)), ('pulmonary fibrosis', (0.18516083890596316, 654.0)), ('consolidation', (0.16982876589821289, 81.0)), ('pleural thickening', (0.15840269133457188, 743.0)), ('nodule/mass', (0.08933882396078649, 295.0)), ('other lesion', (0.07714380448558139, 364.0)), ('atelectasis', (0.055715526303761594, 39.0)), ('calcification', (0.047387725445391, 133.0)), ('pneumothorax', (0.019668079096045198, 20.0))]

End time:5:21:09.967324
Program Complete
-------------------------
Train: Average: Sum Loss: 0.008758128109253402
Train: Average: Loss Classifier: 0.003405119637755321
Train: Average: Loss Box Reg: 0.0014206985855061583
Train: Average: RPN Loss Objectness: 0.0006579812582532561
Train: Average: Loss RPN Box Reg: 0.0032743286302751224
Validation: Average: Sum Loss: 0.00908743680959257
Validation: Average: Loss Classifier: 0.0034714585979236283
Validation: Average: Loss Box Reg: 0.0014386424443849442
Validation: Average: RPN Loss Objectness: 0.0007193552515370055
Validation: Average: Loss RPN Box Reg: 0.00345798051673531
