cuda
Program started
Epoch 0/29
----------
Training Total Loss for Iteration 0 :: 2.5150692462921143
Training Total Loss for Iteration 50 :: 0.22383597493171692
Training Total Loss for Iteration 100 :: 0.15217477083206177
Training Total Loss for Iteration 150 :: 0.19441470503807068
Training Epoch #0 Sum Loss:0.014273446274459542
Validation Total Loss for Iteration 0 :: 0.24932359158992767
Validation Epoch #0 Sum Loss:0.0119146969615637
mAP for training at 0 is: 0.054399197884198815
mAP for training for all classes at 0 is: [('cardiomegaly', (0.4939667030272043, 1828.0)), ('aortic enlargement', (0.256887714370295, 2644.0)), ('pulmonary fibrosis', (0.00853555682337212, 2522.0)), ('lung opacity', (0.0014245787641351843, 1455.0)), ('pleural thickening', (0.0005013385023938533, 2963.0)), ('nodule/mass', (0.00023963575365444525, 1391.0)), ('pleural effusion', (2.687115406607429e-05, 1385.0)), ('other lesion', (6.37198366223389e-06, 1297.0)), ('infiltration', (0.0, 717.0)), ('calcification', (0.0, 545.0)), ('ild', (0.0, 523.0)), ('consolidation', (0.0, 311.0)), ('atelectasis', (0.0, 173.0)), ('pneumothorax', (0.0, 102.0))]

mAP for validation at 0 is: 0.05302661665051824
mAP for validation for all classes at 0 is: [('cardiomegaly', (0.496335856156384, 455.0)), ('aortic enlargement', (0.23603707378109892, 653.0)), ('pulmonary fibrosis', (0.006287660962646766, 654.0)), ('nodule/mass', (0.001694915254237288, 295.0)), ('pleural effusion', (0.0009567546880979717, 335.0)), ('lung opacity', (0.0004751490536072275, 372.0)), ('other lesion', (0.00034340659340659343, 364.0)), ('pleural thickening', (0.00024181661777662055, 743.0)), ('infiltration', (0.0, 159.0)), ('ild', (0.0, 157.0)), ('calcification', (0.0, 133.0)), ('consolidation', (0.0, 81.0)), ('atelectasis', (0.0, 39.0)), ('pneumothorax', (0.0, 20.0))]

Epoch 1/29
----------
Training Total Loss for Iteration 200 :: 0.2091749906539917
Training Total Loss for Iteration 250 :: 0.12693873047828674
Training Total Loss for Iteration 300 :: 0.15266934037208557
Training Total Loss for Iteration 350 :: 0.16281089186668396
Training Epoch #1 Sum Loss:0.011277680857315115
Validation Total Loss for Iteration 50 :: 0.22934609651565552
Validation Epoch #1 Sum Loss:0.010579326558702936
Epoch 2/29
----------
Training Total Loss for Iteration 400 :: 0.1812974214553833
Training Total Loss for Iteration 450 :: 0.16674354672431946
Training Total Loss for Iteration 500 :: 0.18039005994796753
Training Total Loss for Iteration 550 :: 0.19323714077472687
Training Epoch #2 Sum Loss:0.010745126202937461
Validation Total Loss for Iteration 100 :: 0.11238770186901093
Validation Epoch #2 Sum Loss:0.010537686059251428
Epoch 3/29
----------
Training Total Loss for Iteration 600 :: 0.1722458004951477
Training Total Loss for Iteration 650 :: 0.1619979739189148
Training Total Loss for Iteration 700 :: 0.1435573399066925
Training Epoch #3 Sum Loss:0.010202873446964569
Validation Total Loss for Iteration 150 :: 0.12869183719158173
Validation Epoch #3 Sum Loss:0.009969079207318524
mAP for training at 3 is: 0.1397339310191077
mAP for training for all classes at 3 is: [('cardiomegaly', (0.7324827575970558, 1828.0)), ('aortic enlargement', (0.6572066799969665, 2644.0)), ('pleural effusion', (0.179056152953964, 1385.0)), ('lung opacity', (0.1186865673642146, 1455.0)), ('pulmonary fibrosis', (0.07858441595700026, 2522.0)), ('infiltration', (0.07855649374376522, 717.0)), ('pleural thickening', (0.0593175133741024, 2963.0)), ('ild', (0.036550170813825354, 523.0)), ('nodule/mass', (0.011917348075102124, 1391.0)), ('other lesion', (0.0035306475735492984, 1297.0)), ('calcification', (0.00038628681796233703, 545.0)), ('consolidation', (0.0, 311.0)), ('atelectasis', (0.0, 173.0)), ('pneumothorax', (0.0, 102.0))]

mAP for validation at 3 is: 0.13436866880095824
mAP for validation for all classes at 3 is: [('cardiomegaly', (0.7327536233198304, 455.0)), ('aortic enlargement', (0.6270088780594247, 653.0)), ('pleural effusion', (0.14157343172551864, 335.0)), ('lung opacity', (0.10217773952400788, 372.0)), ('infiltration', (0.0846324227580035, 159.0)), ('pulmonary fibrosis', (0.06420118853319909, 654.0)), ('pleural thickening', (0.06280799576077652, 743.0)), ('ild', (0.04704000271948487, 157.0)), ('nodule/mass', (0.015016016577204729, 295.0)), ('other lesion', (0.003950064235965171, 364.0)), ('calcification', (0.0, 133.0)), ('consolidation', (0.0, 81.0)), ('atelectasis', (0.0, 39.0)), ('pneumothorax', (0.0, 20.0))]

Epoch 4/29
----------
Training Total Loss for Iteration 750 :: 0.1421591192483902
Training Total Loss for Iteration 800 :: 0.12036464363336563
Training Total Loss for Iteration 850 :: 0.12335145473480225
Training Total Loss for Iteration 900 :: 0.12997156381607056
Training Epoch #4 Sum Loss:0.009951643680754383
Validation Total Loss for Iteration 200 :: 0.25231748819351196
Validation Epoch #4 Sum Loss:0.009725574772649756
Epoch 5/29
----------
Training Total Loss for Iteration 950 :: 0.13241592049598694
Training Total Loss for Iteration 1000 :: 0.16394424438476562
Training Total Loss for Iteration 1050 :: 0.1742607206106186
Training Total Loss for Iteration 1100 :: 0.102359339594841
Training Epoch #5 Sum Loss:0.009719623613281563
Validation Total Loss for Iteration 250 :: 0.11091406643390656
Validation Epoch #5 Sum Loss:0.00931725416254873
Epoch 6/29
----------
Training Total Loss for Iteration 1150 :: 0.10573678463697433
Training Total Loss for Iteration 1200 :: 0.1723095178604126
Training Total Loss for Iteration 1250 :: 0.10095025599002838
Training Total Loss for Iteration 1300 :: 0.13161791861057281
Training Epoch #6 Sum Loss:0.00958749404222683
Validation Total Loss for Iteration 300 :: 0.2150331735610962
Validation Epoch #6 Sum Loss:0.009514142633027708
mAP for training at 6 is: 0.1711186331446642
mAP for training for all classes at 6 is: [('cardiomegaly', (0.7763388461966545, 1828.0)), ('aortic enlargement', (0.7294173975275109, 2644.0)), ('pleural effusion', (0.2601822315415543, 1385.0)), ('infiltration', (0.13813705701453655, 717.0)), ('lung opacity', (0.13399707912460598, 1455.0)), ('ild', (0.09482131862467379, 523.0)), ('pleural thickening', (0.08505427791314618, 2963.0)), ('pulmonary fibrosis', (0.08035230356781908, 2522.0)), ('consolidation', (0.06548096156883278, 311.0)), ('nodule/mass', (0.02078367812198069, 1391.0)), ('other lesion', (0.006729855692965876, 1297.0)), ('calcification', (0.0025872888784613055, 545.0)), ('atelectasis', (0.0017785682525566918, 173.0)), ('pneumothorax', (0.0, 102.0))]

mAP for validation at 6 is: 0.16148300474150692
mAP for validation for all classes at 6 is: [('cardiomegaly', (0.7736460480793304, 455.0)), ('aortic enlargement', (0.7206540825936617, 653.0)), ('pleural effusion', (0.20715195940052072, 335.0)), ('lung opacity', (0.11605992865002807, 372.0)), ('ild', (0.10635971996630882, 157.0)), ('infiltration', (0.10449863661511874, 159.0)), ('pleural thickening', (0.08967336098890893, 743.0)), ('pulmonary fibrosis', (0.07049175433872054, 654.0)), ('consolidation', (0.03919071154542503, 81.0)), ('nodule/mass', (0.02798171334556289, 295.0)), ('other lesion', (0.004797938796084841, 364.0)), ('calcification', (0.0002562120614260309, 133.0)), ('atelectasis', (0.0, 39.0)), ('pneumothorax', (0.0, 20.0))]

Epoch 7/29
----------
Training Total Loss for Iteration 1350 :: 0.11299581825733185
Training Total Loss for Iteration 1400 :: 0.2344774305820465
Training Total Loss for Iteration 1450 :: 0.15369370579719543
Training Epoch #7 Sum Loss:0.00934822041840011
Validation Total Loss for Iteration 350 :: 0.18515369296073914
Validation Epoch #7 Sum Loss:0.00936022373692443
Epoch 8/29
----------
Training Total Loss for Iteration 1500 :: 0.11514881998300552
Training Total Loss for Iteration 1550 :: 0.15854206681251526
Training Total Loss for Iteration 1600 :: 0.1464991569519043
Training Total Loss for Iteration 1650 :: 0.1848224252462387
Training Epoch #8 Sum Loss:0.009272522736979347
Validation Total Loss for Iteration 400 :: 0.1850653439760208
Validation Epoch #8 Sum Loss:0.00916803085904879
Epoch 9/29
----------
Training Total Loss for Iteration 1700 :: 0.16638286411762238
Training Total Loss for Iteration 1750 :: 0.1630929857492447
Training Total Loss for Iteration 1800 :: 0.11904315650463104
Training Total Loss for Iteration 1850 :: 0.13113173842430115
Training Epoch #9 Sum Loss:0.009110340440545215
Validation Total Loss for Iteration 450 :: 0.11618642508983612
Validation Epoch #9 Sum Loss:0.008925984894934421
mAP for training at 9 is: 0.18509956733890134
mAP for training for all classes at 9 is: [('cardiomegaly', (0.7800571473000693, 1828.0)), ('aortic enlargement', (0.7164050284046319, 2644.0)), ('pleural effusion', (0.29091769479172647, 1385.0)), ('lung opacity', (0.16717914883484025, 1455.0)), ('infiltration', (0.13763368939766252, 717.0)), ('pulmonary fibrosis', (0.1226850246586424, 2522.0)), ('pleural thickening', (0.11550781404491874, 2963.0)), ('ild', (0.09975622103556403, 523.0)), ('consolidation', (0.08907982243817514, 311.0)), ('nodule/mass', (0.03379184400371228, 1391.0)), ('atelectasis', (0.020994702023928915, 173.0)), ('other lesion', (0.012716633397988966, 1297.0)), ('calcification', (0.004669172412758576, 545.0)), ('pneumothorax', (0.0, 102.0))]

mAP for validation at 9 is: 0.1764952409277312
mAP for validation for all classes at 9 is: [('cardiomegaly', (0.781807856282891, 455.0)), ('aortic enlargement', (0.7153846129060932, 653.0)), ('pleural effusion', (0.24635033581683036, 335.0)), ('lung opacity', (0.16819757927494045, 372.0)), ('infiltration', (0.1654130340242354, 159.0)), ('pleural thickening', (0.10912202955276584, 743.0)), ('pulmonary fibrosis', (0.09844415838137485, 654.0)), ('ild', (0.06760654281107052, 157.0)), ('consolidation', (0.058336063992562345, 81.0)), ('nodule/mass', (0.03473380045501443, 295.0)), ('atelectasis', (0.01609383524277141, 39.0)), ('other lesion', (0.0069969360235790055, 364.0)), ('calcification', (0.0024465882241078455, 133.0)), ('pneumothorax', (0.0, 20.0))]

Epoch 10/29
----------
Training Total Loss for Iteration 1900 :: 0.11361055821180344
Training Total Loss for Iteration 1950 :: 0.13540604710578918
Training Total Loss for Iteration 2000 :: 0.1548813134431839
Training Total Loss for Iteration 2050 :: 0.12133334577083588
Training Epoch #10 Sum Loss:0.009094659865142435
Validation Total Loss for Iteration 500 :: 0.1227831169962883
Validation Epoch #10 Sum Loss:0.009592961093100408
Epoch 11/29
----------
Training Total Loss for Iteration 2100 :: 0.15464426577091217
Training Total Loss for Iteration 2150 :: 0.1609383225440979
Training Total Loss for Iteration 2200 :: 0.14975014328956604
Training Epoch #11 Sum Loss:0.00895718843774562
Validation Total Loss for Iteration 550 :: 0.09041555225849152
Validation Epoch #11 Sum Loss:0.009353036652707184
Epoch 12/29
----------
Training Total Loss for Iteration 2250 :: 0.15037986636161804
Training Total Loss for Iteration 2300 :: 0.17572999000549316
Training Total Loss for Iteration 2350 :: 0.17944064736366272
Training Total Loss for Iteration 2400 :: 0.14764273166656494
Training Epoch #12 Sum Loss:0.009036422773060963
Validation Total Loss for Iteration 600 :: 0.14810720086097717
Validation Epoch #12 Sum Loss:0.009338923797865087
mAP for training at 12 is: 0.2040669752963609
mAP for training for all classes at 12 is: [('cardiomegaly', (0.7996445465965906, 1828.0)), ('aortic enlargement', (0.7516704812636642, 2644.0)), ('pleural effusion', (0.34313807186463835, 1385.0)), ('lung opacity', (0.19180503621825729, 1455.0)), ('consolidation', (0.15784390941042964, 311.0)), ('infiltration', (0.1476314257725591, 717.0)), ('pleural thickening', (0.13886493921236906, 2963.0)), ('pulmonary fibrosis', (0.13477467888460115, 2522.0)), ('ild', (0.06031919635435318, 523.0)), ('atelectasis', (0.05356541677647599, 173.0)), ('nodule/mass', (0.048947841382428525, 1391.0)), ('other lesion', (0.02127874730018976, 1297.0)), ('calcification', (0.007453363112495549, 545.0)), ('pneumothorax', (0.0, 102.0))]

mAP for validation at 12 is: 0.18571991461054488
mAP for validation for all classes at 12 is: [('cardiomegaly', (0.8053498652630074, 455.0)), ('aortic enlargement', (0.7425255910323234, 653.0)), ('pleural effusion', (0.2730947136202384, 335.0)), ('lung opacity', (0.16951715204508563, 372.0)), ('infiltration', (0.1531636595952775, 159.0)), ('pleural thickening', (0.11767221366950961, 743.0)), ('pulmonary fibrosis', (0.10103735887692333, 654.0)), ('consolidation', (0.1007758152383419, 81.0)), ('ild', (0.05829739192910414, 157.0)), ('nodule/mass', (0.042327806659633704, 295.0)), ('atelectasis', (0.01811083750883082, 39.0)), ('other lesion', (0.010575479329574177, 364.0)), ('calcification', (0.00763091977977852, 133.0)), ('pneumothorax', (0.0, 20.0))]

Epoch 13/29
----------
Training Total Loss for Iteration 2450 :: 0.12246168404817581
Training Total Loss for Iteration 2500 :: 0.2208980768918991
Training Total Loss for Iteration 2550 :: 0.15779295563697815
Training Total Loss for Iteration 2600 :: 0.1595766395330429
Training Epoch #13 Sum Loss:0.008838461638896587
Validation Total Loss for Iteration 650 :: 0.14446339011192322
Validation Epoch #13 Sum Loss:0.008804876978198687
Epoch 14/29
----------
Training Total Loss for Iteration 2650 :: 0.11962857097387314
Training Total Loss for Iteration 2700 :: 0.1225389838218689
Training Total Loss for Iteration 2750 :: 0.13931132853031158
Training Total Loss for Iteration 2800 :: 0.1227027028799057
Training Epoch #14 Sum Loss:0.008836073679077829
Validation Total Loss for Iteration 700 :: 0.0954522043466568
Validation Epoch #14 Sum Loss:0.009307992819231004
Epoch 15/29
----------
Training Total Loss for Iteration 2850 :: 0.18329358100891113
Training Total Loss for Iteration 2900 :: 0.1453101485967636
Training Total Loss for Iteration 2950 :: 0.16337870061397552
Training Epoch #15 Sum Loss:0.008806441247923107
Validation Total Loss for Iteration 750 :: 0.1130368560552597
Validation Epoch #15 Sum Loss:0.008888117367556939
mAP for training at 15 is: 0.2349624964637034
mAP for training for all classes at 15 is: [('cardiomegaly', (0.8064945135255526, 1828.0)), ('aortic enlargement', (0.7369066485987128, 2644.0)), ('pleural effusion', (0.381147791757099, 1385.0)), ('infiltration', (0.23981006398039084, 717.0)), ('ild', (0.20845528474628458, 523.0)), ('lung opacity', (0.2021836388780616, 1455.0)), ('consolidation', (0.17514028387252611, 311.0)), ('pulmonary fibrosis', (0.17407925504038813, 2522.0)), ('pleural thickening', (0.1504453175580611, 2963.0)), ('atelectasis', (0.11344410602279457, 173.0)), ('nodule/mass', (0.05241327754503666, 1391.0)), ('other lesion', (0.03264276441129413, 1297.0)), ('calcification', (0.015699259457606043, 545.0)), ('pneumothorax', (0.0006127450980392157, 102.0))]

mAP for validation at 15 is: 0.20621625239196537
mAP for validation for all classes at 15 is: [('cardiomegaly', (0.8173132040569142, 455.0)), ('aortic enlargement', (0.7356953682802899, 653.0)), ('pleural effusion', (0.3039999295559522, 335.0)), ('infiltration', (0.21752028605580903, 159.0)), ('lung opacity', (0.17958873400381778, 372.0)), ('ild', (0.1691164248694398, 157.0)), ('pulmonary fibrosis', (0.12379364202075391, 654.0)), ('consolidation', (0.12135112105335391, 81.0)), ('pleural thickening', (0.11874300230805208, 743.0)), ('nodule/mass', (0.043963726224432995, 295.0)), ('atelectasis', (0.029874654279245384, 39.0)), ('other lesion', (0.017240339153042884, 364.0)), ('calcification', (0.008827101626411444, 133.0)), ('pneumothorax', (0.0, 20.0))]

Epoch 16/29
----------
Training Total Loss for Iteration 3000 :: 0.09318017959594727
Training Total Loss for Iteration 3050 :: 0.10171400010585785
Training Total Loss for Iteration 3100 :: 0.10198184847831726
Training Total Loss for Iteration 3150 :: 0.08126917481422424
Training Epoch #16 Sum Loss:0.008706757105844447
Validation Total Loss for Iteration 800 :: 0.19170063734054565
Validation Epoch #16 Sum Loss:0.008754909436296051
Epoch 17/29
----------
Training Total Loss for Iteration 3200 :: 0.16169539093971252
Training Total Loss for Iteration 3250 :: 0.12677164375782013
Training Total Loss for Iteration 3300 :: 0.13793689012527466
Training Total Loss for Iteration 3350 :: 0.15446503460407257
Training Epoch #17 Sum Loss:0.008648015331278227
Validation Total Loss for Iteration 850 :: 0.10250242054462433
Validation Epoch #17 Sum Loss:0.008545953974438211
Epoch 18/29
----------
Training Total Loss for Iteration 3400 :: 0.08805711567401886
Training Total Loss for Iteration 3450 :: 0.14792487025260925
Training Total Loss for Iteration 3500 :: 0.09744352102279663
Training Total Loss for Iteration 3550 :: 0.12257714569568634
Training Epoch #18 Sum Loss:0.008647236122016497
Validation Total Loss for Iteration 900 :: 0.10120293498039246
Validation Epoch #18 Sum Loss:0.009005418609982977
mAP for training at 18 is: 0.24873565647856416
mAP for training for all classes at 18 is: [('cardiomegaly', (0.8104950596217745, 1828.0)), ('aortic enlargement', (0.7543371861968174, 2644.0)), ('pleural effusion', (0.4019010409691062, 1385.0)), ('infiltration', (0.24248422601607525, 717.0)), ('ild', (0.22733201140742967, 523.0)), ('lung opacity', (0.20389237202214305, 1455.0)), ('pulmonary fibrosis', (0.18861200197946443, 2522.0)), ('consolidation', (0.18855848081969914, 311.0)), ('pleural thickening', (0.17689387661070302, 2963.0)), ('atelectasis', (0.14895179252530824, 173.0)), ('nodule/mass', (0.06594375318161799, 1391.0)), ('other lesion', (0.04773067340467522, 1297.0)), ('calcification', (0.02344294951543529, 545.0)), ('pneumothorax', (0.0017237664296487828, 102.0))]

mAP for validation at 18 is: 0.21754555810160298
mAP for validation for all classes at 18 is: [('cardiomegaly', (0.8140138981300831, 455.0)), ('aortic enlargement', (0.743293867233336, 653.0)), ('pleural effusion', (0.3174493305119013, 335.0)), ('infiltration', (0.21143809997052102, 159.0)), ('ild', (0.20061217898399078, 157.0)), ('lung opacity', (0.16998500530254593, 372.0)), ('pleural thickening', (0.14599972561668514, 743.0)), ('pulmonary fibrosis', (0.12940140106763004, 654.0)), ('consolidation', (0.11397995305571063, 81.0)), ('atelectasis', (0.09941343282399814, 39.0)), ('nodule/mass', (0.053797597392004, 295.0)), ('other lesion', (0.03146004096826631, 364.0)), ('calcification', (0.014793282365769257, 133.0)), ('pneumothorax', (0.0, 20.0))]

Epoch 19/29
----------
Training Total Loss for Iteration 3600 :: 0.12624628841876984
Training Total Loss for Iteration 3650 :: 0.09451310336589813
Training Total Loss for Iteration 3700 :: 0.11146101355552673
Training Epoch #19 Sum Loss:0.008573079203667556
Validation Total Loss for Iteration 950 :: 0.14631518721580505
Validation Epoch #19 Sum Loss:0.008809600714206075
Epoch 20/29
----------
Training Total Loss for Iteration 3750 :: 0.1375296413898468
Training Total Loss for Iteration 3800 :: 0.15573754906654358
Training Total Loss for Iteration 3850 :: 0.14285898208618164
Training Total Loss for Iteration 3900 :: 0.1708582490682602
Training Epoch #20 Sum Loss:0.008609272744562833
Validation Total Loss for Iteration 1000 :: 0.21443283557891846
Validation Epoch #20 Sum Loss:0.008777336702526858
Epoch 21/29
----------
Training Total Loss for Iteration 3950 :: 0.07951408624649048
Training Total Loss for Iteration 4000 :: 0.17704248428344727
Training Total Loss for Iteration 4050 :: 0.13470225036144257
Training Total Loss for Iteration 4100 :: 0.11371158063411713
Training Epoch #21 Sum Loss:0.008485256795793601
Validation Total Loss for Iteration 1050 :: 0.15153300762176514
Validation Epoch #21 Sum Loss:0.008819694446477419
mAP for training at 21 is: 0.2533025118227024
mAP for training for all classes at 21 is: [('cardiomegaly', (0.8136674320158788, 1828.0)), ('aortic enlargement', (0.7587461937030768, 2644.0)), ('pleural effusion', (0.4269366960585595, 1385.0)), ('infiltration', (0.24453643272185188, 717.0)), ('ild', (0.23120037782995656, 523.0)), ('lung opacity', (0.2063319871759361, 1455.0)), ('pulmonary fibrosis', (0.19625719124648985, 2522.0)), ('consolidation', (0.18591310808102876, 311.0)), ('pleural thickening', (0.1668905989300744, 2963.0)), ('atelectasis', (0.1479038119414493, 173.0)), ('nodule/mass', (0.07017902842311446, 1391.0)), ('other lesion', (0.057731862953001575, 1297.0)), ('calcification', (0.03578640767639854, 545.0)), ('pneumothorax', (0.004154036761017321, 102.0))]

mAP for validation at 21 is: 0.2221882533787398
mAP for validation for all classes at 21 is: [('cardiomegaly', (0.8220414967333647, 455.0)), ('aortic enlargement', (0.7662064843041436, 653.0)), ('pleural effusion', (0.34616997207311545, 335.0)), ('infiltration', (0.19896308756672357, 159.0)), ('lung opacity', (0.190136708440519, 372.0)), ('ild', (0.18515665314240948, 157.0)), ('pulmonary fibrosis', (0.140253740417107, 654.0)), ('pleural thickening', (0.13993214381266628, 743.0)), ('consolidation', (0.11122878924770267, 81.0)), ('atelectasis', (0.07631257631257632, 39.0)), ('nodule/mass', (0.06262199424395022, 295.0)), ('other lesion', (0.04950120917422145, 364.0)), ('calcification', (0.02211069183385745, 133.0)), ('pneumothorax', (0.0, 20.0))]

Epoch 22/29
----------
Training Total Loss for Iteration 4150 :: 0.20031686127185822
Training Total Loss for Iteration 4200 :: 0.09821559488773346
Training Total Loss for Iteration 4250 :: 0.15754097700119019
Training Total Loss for Iteration 4300 :: 0.1067504808306694
Training Epoch #22 Sum Loss:0.008539175630335597
Validation Total Loss for Iteration 1100 :: 0.12602528929710388
Validation Epoch #22 Sum Loss:0.008521807273306573
Epoch 23/29
----------
Training Total Loss for Iteration 4350 :: 0.11679663509130478
Training Total Loss for Iteration 4400 :: 0.11940336227416992
Training Total Loss for Iteration 4450 :: 0.12230841815471649
Training Epoch #23 Sum Loss:0.00849957834380619
Validation Total Loss for Iteration 1150 :: 0.11067011952400208
Validation Epoch #23 Sum Loss:0.008889957088589048
Epoch 24/29
----------
Training Total Loss for Iteration 4500 :: 0.14104831218719482
Training Total Loss for Iteration 4550 :: 0.13176803290843964
Training Total Loss for Iteration 4600 :: 0.17444974184036255
Training Total Loss for Iteration 4650 :: 0.0988570898771286
Training Epoch #24 Sum Loss:0.00842994035380033
Validation Epoch #24 Sum Loss:0.0087569015158806
mAP for training at 24 is: 0.2759037938576036
mAP for training for all classes at 24 is: [('cardiomegaly', (0.818232076330478, 1828.0)), ('aortic enlargement', (0.757447635282033, 2644.0)), ('pleural effusion', (0.446864943506822, 1385.0)), ('infiltration', (0.29398063500808835, 717.0)), ('ild', (0.2738437219854774, 523.0)), ('lung opacity', (0.2290530644358841, 1455.0)), ('consolidation', (0.22823057626896798, 311.0)), ('pleural thickening', (0.2189101460007309, 2963.0)), ('pulmonary fibrosis', (0.20906417310731862, 2522.0)), ('atelectasis', (0.17414183428472174, 173.0)), ('nodule/mass', (0.08055572910445974, 1391.0)), ('other lesion', (0.07683798454864169, 1297.0)), ('calcification', (0.04674581031156016, 545.0)), ('pneumothorax', (0.00874478383126728, 102.0))]

mAP for validation at 24 is: 0.23485712712301382
mAP for validation for all classes at 24 is: [('cardiomegaly', (0.8241619492279104, 455.0)), ('aortic enlargement', (0.7406883228592084, 653.0)), ('pleural effusion', (0.36737386863069676, 335.0)), ('ild', (0.24824935493925082, 157.0)), ('infiltration', (0.21353737310036222, 159.0)), ('lung opacity', (0.18845129721803908, 372.0)), ('pleural thickening', (0.15470017950462578, 743.0)), ('consolidation', (0.14884095883093787, 81.0)), ('pulmonary fibrosis', (0.13344434172016872, 654.0)), ('atelectasis', (0.1132370153454491, 39.0)), ('nodule/mass', (0.06248596813290164, 295.0)), ('other lesion', (0.05959966130090036, 364.0)), ('calcification', (0.02489615557840954, 133.0)), ('pneumothorax', (0.008333333333333333, 20.0))]

Epoch 25/29
----------
Training Total Loss for Iteration 4700 :: 0.11102814972400665
Training Total Loss for Iteration 4750 :: 0.1408754289150238
Training Total Loss for Iteration 4800 :: 0.0857066810131073
Training Total Loss for Iteration 4850 :: 0.14663754403591156
Training Epoch #25 Sum Loss:0.008445776481630017
Validation Total Loss for Iteration 1200 :: 0.18894362449645996
Validation Epoch #25 Sum Loss:0.008595730818342417
Epoch 26/29
----------
Training Total Loss for Iteration 4900 :: 0.11398304998874664
Training Total Loss for Iteration 4950 :: 0.13218505680561066
Training Total Loss for Iteration 5000 :: 0.17143666744232178
Training Epoch #26 Sum Loss:0.008441654675981016
Validation Total Loss for Iteration 1250 :: 0.1900152564048767
Validation Epoch #26 Sum Loss:0.008407719646735737
Epoch 27/29
----------
Training Total Loss for Iteration 5050 :: 0.12665100395679474
Training Total Loss for Iteration 5100 :: 0.13973364233970642
Training Total Loss for Iteration 5150 :: 0.15120211243629456
Training Total Loss for Iteration 5200 :: 0.15235188603401184
Training Epoch #27 Sum Loss:0.00833376053144611
Validation Total Loss for Iteration 1300 :: 0.07959599047899246
Validation Epoch #27 Sum Loss:0.00882266960494841
mAP for training at 27 is: 0.2773359650627392
mAP for training for all classes at 27 is: [('cardiomegaly', (0.8197914246483206, 1828.0)), ('aortic enlargement', (0.7503325230848684, 2644.0)), ('pleural effusion', (0.44393546155010055, 1385.0)), ('ild', (0.2927245264129616, 523.0)), ('infiltration', (0.27876509009322753, 717.0)), ('consolidation', (0.24386565750521108, 311.0)), ('lung opacity', (0.2391344306780046, 1455.0)), ('pulmonary fibrosis', (0.22798703916528867, 2522.0)), ('pleural thickening', (0.20321957311631117, 2963.0)), ('atelectasis', (0.145037706544063, 173.0)), ('nodule/mass', (0.09707295287583896, 1391.0)), ('other lesion', (0.08570034751944693, 1297.0)), ('calcification', (0.046991911042396584, 545.0)), ('pneumothorax', (0.008144866642309097, 102.0))]

mAP for validation at 27 is: 0.24324351528066615
mAP for validation for all classes at 27 is: [('cardiomegaly', (0.8192101474599982, 455.0)), ('aortic enlargement', (0.7480077223352067, 653.0)), ('pleural effusion', (0.36199918825416494, 335.0)), ('infiltration', (0.25448932341851, 159.0)), ('ild', (0.2515976268378882, 157.0)), ('lung opacity', (0.2112055333525918, 372.0)), ('consolidation', (0.16650473150824532, 81.0)), ('pulmonary fibrosis', (0.15922632870775796, 654.0)), ('pleural thickening', (0.1491018792174021, 743.0)), ('atelectasis', (0.0946079294636987, 39.0)), ('nodule/mass', (0.08342120818514787, 295.0)), ('other lesion', (0.06525437031026553, 364.0)), ('calcification', (0.0407832248784489, 133.0)), ('pneumothorax', (0.0, 20.0))]

Epoch 28/29
----------
Training Total Loss for Iteration 5250 :: 0.12189031392335892
Training Total Loss for Iteration 5300 :: 0.16579025983810425
Training Total Loss for Iteration 5350 :: 0.1253742277622223
Training Total Loss for Iteration 5400 :: 0.11905042827129364
Training Epoch #28 Sum Loss:0.00831481194794078
Validation Total Loss for Iteration 1350 :: 0.10318374633789062
Validation Epoch #28 Sum Loss:0.008582136972108856
Epoch 29/29
----------
Training Total Loss for Iteration 5450 :: 0.07898976653814316
Training Total Loss for Iteration 5500 :: 0.09789948165416718
Training Total Loss for Iteration 5550 :: 0.1365070343017578
Training Total Loss for Iteration 5600 :: 0.13827566802501678
Training Epoch #29 Sum Loss:0.00831039239024804
Validation Total Loss for Iteration 1400 :: 0.2510010898113251
Validation Epoch #29 Sum Loss:0.009105664047334963
mAP for training at 29 is: 0.292439934451507
mAP for training for all classes at 29 is: [('cardiomegaly', (0.8262363189789108, 1828.0)), ('aortic enlargement', (0.7696977288774582, 2644.0)), ('pleural effusion', (0.46636766147887615, 1385.0)), ('ild', (0.33336500052855567, 523.0)), ('infiltration', (0.30082769595545483, 717.0)), ('lung opacity', (0.2466953423209596, 1455.0)), ('consolidation', (0.24667854457564492, 311.0)), ('pulmonary fibrosis', (0.22583803622677456, 2522.0)), ('pleural thickening', (0.22414206204583612, 2963.0)), ('atelectasis', (0.17760754375430116, 173.0)), ('other lesion', (0.0995683659988963, 1297.0)), ('nodule/mass', (0.0968215322003835, 1391.0)), ('calcification', (0.05316415459707642, 545.0)), ('pneumothorax', (0.02714909478196987, 102.0))]

mAP for validation at 29 is: 0.24308467839389789
mAP for validation for all classes at 29 is: [('cardiomegaly', (0.8185192845820113, 455.0)), ('aortic enlargement', (0.7597098525324552, 653.0)), ('pleural effusion', (0.3841061276885188, 335.0)), ('ild', (0.2561500017988144, 157.0)), ('infiltration', (0.24107519029448055, 159.0)), ('lung opacity', (0.2091446067265011, 372.0)), ('consolidation', (0.16873115335694475, 81.0)), ('pleural thickening', (0.15964809214976286, 743.0)), ('pulmonary fibrosis', (0.15672740831373877, 654.0)), ('other lesion', (0.0720685632751932, 364.0)), ('atelectasis', (0.06833839226302789, 39.0)), ('nodule/mass', (0.0670701323246621, 295.0)), ('calcification', (0.04189669220845922, 133.0)), ('pneumothorax', (0.0, 20.0))]

End time:3:31:54.152209
Program Complete
-------------------------
Train: Average: Sum Loss: 0.009201430900468733
Train: Average: Loss Classifier: 0.003605963507764867
Train: Average: Loss Box Reg: 0.0013577573134957097
Train: Average: RPN Loss Objectness: 0.0007440507707271335
Train: Average: Loss RPN Box Reg: 0.0034936592987790936
Validation: Average: Sum Loss: 0.009223113646860133
Validation: Average: Loss Classifier: 0.003499164966908413
Validation: Average: Loss Box Reg: 0.0013677396011998
Validation: Average: RPN Loss Objectness: 0.0007581357119306632
Validation: Average: Loss RPN Box Reg: 0.0035980733723489622
